[0.007s] Invoking command in '/home/kirill/VNIIA/Projects/rover_ws_v2/src/build/velodyne_simulator': AMENT_PREFIX_PATH=/home/kirill/VNIIA/Projects/rover_ws_v2/src/install/velodyne_gazebo_plugins:/home/kirill/VNIIA/Projects/rover_ws_v2/src/install/velodyne_description:${AMENT_PREFIX_PATH} CMAKE_PREFIX_PATH=/home/kirill/VNIIA/Projects/rover_ws_v2/src/install/velodyne_gazebo_plugins:/home/kirill/VNIIA/Projects/rover_ws_v2/src/install/velodyne_description:/home/kirill/VNIIA/Projects/rover_ws_v2/install/velodyne_simulator:/home/kirill/VNIIA/Projects/rover_ws_v2/install/velodyne_gazebo_plugins:/home/kirill/VNIIA/Projects/rover_ws_v2/install/velodyne_description:/home/kirill/VNIIA/Projects/rover_ws_v2/install/rover_test_plugin:/home/kirill/VNIIA/Projects/rover_ws_v2/install/rover_slam:/home/kirill/VNIIA/Projects/rover_ws_v2/install/rover_description:/home/kirill/VNIIA/Projects/rover_ws_v2/install/ros2_control_wheeled_robot_hardware:/opt/ros/humble LD_LIBRARY_PATH=/home/kirill/VNIIA/Projects/rover_ws_v2/src/install/velodyne_gazebo_plugins/lib:${LD_LIBRARY_PATH} /usr/bin/cmake /home/kirill/VNIIA/Projects/rover_ws_v2/src/velodyne_simulator/velodyne_simulator -DCMAKE_INSTALL_PREFIX=/home/kirill/VNIIA/Projects/rover_ws_v2/src/install/velodyne_simulator
[0.045s] -- The C compiler identification is GNU 11.4.0
[0.087s] -- The CXX compiler identification is GNU 11.4.0
[0.092s] -- Detecting C compiler ABI info
[0.140s] -- Detecting C compiler ABI info - done
[0.148s] -- Check for working C compiler: /usr/bin/cc - skipped
[0.148s] -- Detecting C compile features
[0.149s] -- Detecting C compile features - done
[0.151s] -- Detecting CXX compiler ABI info
[0.206s] -- Detecting CXX compiler ABI info - done
[0.211s] -- Check for working CXX compiler: /usr/bin/c++ - skipped
[0.211s] -- Detecting CXX compile features
[0.212s] -- Detecting CXX compile features - done
[0.214s] -- Found ament_cmake: 1.3.11 (/opt/ros/humble/share/ament_cmake/cmake)
[0.316s] -- Found Python3: /usr/bin/python3 (found version "3.10.12") found components: Interpreter 
[0.381s] -- Found ament_lint_auto: 0.12.11 (/opt/ros/humble/share/ament_lint_auto/cmake)
[0.424s] -- Configuring done
[0.425s] -- Generating done
[0.426s] -- Build files have been written to: /home/kirill/VNIIA/Projects/rover_ws_v2/src/build/velodyne_simulator
[0.430s] Invoked command in '/home/kirill/VNIIA/Projects/rover_ws_v2/src/build/velodyne_simulator' returned '0': AMENT_PREFIX_PATH=/home/kirill/VNIIA/Projects/rover_ws_v2/src/install/velodyne_gazebo_plugins:/home/kirill/VNIIA/Projects/rover_ws_v2/src/install/velodyne_description:${AMENT_PREFIX_PATH} CMAKE_PREFIX_PATH=/home/kirill/VNIIA/Projects/rover_ws_v2/src/install/velodyne_gazebo_plugins:/home/kirill/VNIIA/Projects/rover_ws_v2/src/install/velodyne_description:/home/kirill/VNIIA/Projects/rover_ws_v2/install/velodyne_simulator:/home/kirill/VNIIA/Projects/rover_ws_v2/install/velodyne_gazebo_plugins:/home/kirill/VNIIA/Projects/rover_ws_v2/install/velodyne_description:/home/kirill/VNIIA/Projects/rover_ws_v2/install/rover_test_plugin:/home/kirill/VNIIA/Projects/rover_ws_v2/install/rover_slam:/home/kirill/VNIIA/Projects/rover_ws_v2/install/rover_description:/home/kirill/VNIIA/Projects/rover_ws_v2/install/ros2_control_wheeled_robot_hardware:/opt/ros/humble LD_LIBRARY_PATH=/home/kirill/VNIIA/Projects/rover_ws_v2/src/install/velodyne_gazebo_plugins/lib:${LD_LIBRARY_PATH} /usr/bin/cmake /home/kirill/VNIIA/Projects/rover_ws_v2/src/velodyne_simulator/velodyne_simulator -DCMAKE_INSTALL_PREFIX=/home/kirill/VNIIA/Projects/rover_ws_v2/src/install/velodyne_simulator
[0.431s] Invoking command in '/home/kirill/VNIIA/Projects/rover_ws_v2/src/build/velodyne_simulator': AMENT_PREFIX_PATH=/home/kirill/VNIIA/Projects/rover_ws_v2/src/install/velodyne_gazebo_plugins:/home/kirill/VNIIA/Projects/rover_ws_v2/src/install/velodyne_description:${AMENT_PREFIX_PATH} CMAKE_PREFIX_PATH=/home/kirill/VNIIA/Projects/rover_ws_v2/src/install/velodyne_gazebo_plugins:/home/kirill/VNIIA/Projects/rover_ws_v2/src/install/velodyne_description:/home/kirill/VNIIA/Projects/rover_ws_v2/install/velodyne_simulator:/home/kirill/VNIIA/Projects/rover_ws_v2/install/velodyne_gazebo_plugins:/home/kirill/VNIIA/Projects/rover_ws_v2/install/velodyne_description:/home/kirill/VNIIA/Projects/rover_ws_v2/install/rover_test_plugin:/home/kirill/VNIIA/Projects/rover_ws_v2/install/rover_slam:/home/kirill/VNIIA/Projects/rover_ws_v2/install/rover_description:/home/kirill/VNIIA/Projects/rover_ws_v2/install/ros2_control_wheeled_robot_hardware:/opt/ros/humble LD_LIBRARY_PATH=/home/kirill/VNIIA/Projects/rover_ws_v2/src/install/velodyne_gazebo_plugins/lib:${LD_LIBRARY_PATH} /usr/bin/cmake --build /home/kirill/VNIIA/Projects/rover_ws_v2/src/build/velodyne_simulator -- -j8 -l8
[0.457s] Invoked command in '/home/kirill/VNIIA/Projects/rover_ws_v2/src/build/velodyne_simulator' returned '0': AMENT_PREFIX_PATH=/home/kirill/VNIIA/Projects/rover_ws_v2/src/install/velodyne_gazebo_plugins:/home/kirill/VNIIA/Projects/rover_ws_v2/src/install/velodyne_description:${AMENT_PREFIX_PATH} CMAKE_PREFIX_PATH=/home/kirill/VNIIA/Projects/rover_ws_v2/src/install/velodyne_gazebo_plugins:/home/kirill/VNIIA/Projects/rover_ws_v2/src/install/velodyne_description:/home/kirill/VNIIA/Projects/rover_ws_v2/install/velodyne_simulator:/home/kirill/VNIIA/Projects/rover_ws_v2/install/velodyne_gazebo_plugins:/home/kirill/VNIIA/Projects/rover_ws_v2/install/velodyne_description:/home/kirill/VNIIA/Projects/rover_ws_v2/install/rover_test_plugin:/home/kirill/VNIIA/Projects/rover_ws_v2/install/rover_slam:/home/kirill/VNIIA/Projects/rover_ws_v2/install/rover_description:/home/kirill/VNIIA/Projects/rover_ws_v2/install/ros2_control_wheeled_robot_hardware:/opt/ros/humble LD_LIBRARY_PATH=/home/kirill/VNIIA/Projects/rover_ws_v2/src/install/velodyne_gazebo_plugins/lib:${LD_LIBRARY_PATH} /usr/bin/cmake --build /home/kirill/VNIIA/Projects/rover_ws_v2/src/build/velodyne_simulator -- -j8 -l8
[0.458s] Invoking command in '/home/kirill/VNIIA/Projects/rover_ws_v2/src/build/velodyne_simulator': AMENT_PREFIX_PATH=/home/kirill/VNIIA/Projects/rover_ws_v2/src/install/velodyne_gazebo_plugins:/home/kirill/VNIIA/Projects/rover_ws_v2/src/install/velodyne_description:${AMENT_PREFIX_PATH} CMAKE_PREFIX_PATH=/home/kirill/VNIIA/Projects/rover_ws_v2/src/install/velodyne_gazebo_plugins:/home/kirill/VNIIA/Projects/rover_ws_v2/src/install/velodyne_description:/home/kirill/VNIIA/Projects/rover_ws_v2/install/velodyne_simulator:/home/kirill/VNIIA/Projects/rover_ws_v2/install/velodyne_gazebo_plugins:/home/kirill/VNIIA/Projects/rover_ws_v2/install/velodyne_description:/home/kirill/VNIIA/Projects/rover_ws_v2/install/rover_test_plugin:/home/kirill/VNIIA/Projects/rover_ws_v2/install/rover_slam:/home/kirill/VNIIA/Projects/rover_ws_v2/install/rover_description:/home/kirill/VNIIA/Projects/rover_ws_v2/install/ros2_control_wheeled_robot_hardware:/opt/ros/humble LD_LIBRARY_PATH=/home/kirill/VNIIA/Projects/rover_ws_v2/src/install/velodyne_gazebo_plugins/lib:${LD_LIBRARY_PATH} /usr/bin/cmake --install /home/kirill/VNIIA/Projects/rover_ws_v2/src/build/velodyne_simulator
[0.462s] -- Install configuration: ""
[0.463s] -- Installing: /home/kirill/VNIIA/Projects/rover_ws_v2/src/install/velodyne_simulator/share/ament_index/resource_index/package_run_dependencies/velodyne_simulator
[0.463s] -- Installing: /home/kirill/VNIIA/Projects/rover_ws_v2/src/install/velodyne_simulator/share/ament_index/resource_index/parent_prefix_path/velodyne_simulator
[0.463s] -- Installing: /home/kirill/VNIIA/Projects/rover_ws_v2/src/install/velodyne_simulator/share/velodyne_simulator/environment/ament_prefix_path.sh
[0.463s] -- Installing: /home/kirill/VNIIA/Projects/rover_ws_v2/src/install/velodyne_simulator/share/velodyne_simulator/environment/ament_prefix_path.dsv
[0.463s] -- Installing: /home/kirill/VNIIA/Projects/rover_ws_v2/src/install/velodyne_simulator/share/velodyne_simulator/environment/path.sh
[0.463s] -- Installing: /home/kirill/VNIIA/Projects/rover_ws_v2/src/install/velodyne_simulator/share/velodyne_simulator/environment/path.dsv
[0.463s] -- Installing: /home/kirill/VNIIA/Projects/rover_ws_v2/src/install/velodyne_simulator/share/velodyne_simulator/local_setup.bash
[0.463s] -- Installing: /home/kirill/VNIIA/Projects/rover_ws_v2/src/install/velodyne_simulator/share/velodyne_simulator/local_setup.sh
[0.463s] -- Installing: /home/kirill/VNIIA/Projects/rover_ws_v2/src/install/velodyne_simulator/share/velodyne_simulator/local_setup.zsh
[0.463s] -- Installing: /home/kirill/VNIIA/Projects/rover_ws_v2/src/install/velodyne_simulator/share/velodyne_simulator/local_setup.dsv
[0.463s] -- Installing: /home/kirill/VNIIA/Projects/rover_ws_v2/src/install/velodyne_simulator/share/velodyne_simulator/package.dsv
[0.463s] -- Installing: /home/kirill/VNIIA/Projects/rover_ws_v2/src/install/velodyne_simulator/share/ament_index/resource_index/packages/velodyne_simulator
[0.464s] -- Installing: /home/kirill/VNIIA/Projects/rover_ws_v2/src/install/velodyne_simulator/share/velodyne_simulator/cmake/velodyne_simulatorConfig.cmake
[0.464s] -- Installing: /home/kirill/VNIIA/Projects/rover_ws_v2/src/install/velodyne_simulator/share/velodyne_simulator/cmake/velodyne_simulatorConfig-version.cmake
[0.464s] -- Installing: /home/kirill/VNIIA/Projects/rover_ws_v2/src/install/velodyne_simulator/share/velodyne_simulator/package.xml
[0.465s] Invoked command in '/home/kirill/VNIIA/Projects/rover_ws_v2/src/build/velodyne_simulator' returned '0': AMENT_PREFIX_PATH=/home/kirill/VNIIA/Projects/rover_ws_v2/src/install/velodyne_gazebo_plugins:/home/kirill/VNIIA/Projects/rover_ws_v2/src/install/velodyne_description:${AMENT_PREFIX_PATH} CMAKE_PREFIX_PATH=/home/kirill/VNIIA/Projects/rover_ws_v2/src/install/velodyne_gazebo_plugins:/home/kirill/VNIIA/Projects/rover_ws_v2/src/install/velodyne_description:/home/kirill/VNIIA/Projects/rover_ws_v2/install/velodyne_simulator:/home/kirill/VNIIA/Projects/rover_ws_v2/install/velodyne_gazebo_plugins:/home/kirill/VNIIA/Projects/rover_ws_v2/install/velodyne_description:/home/kirill/VNIIA/Projects/rover_ws_v2/install/rover_test_plugin:/home/kirill/VNIIA/Projects/rover_ws_v2/install/rover_slam:/home/kirill/VNIIA/Projects/rover_ws_v2/install/rover_description:/home/kirill/VNIIA/Projects/rover_ws_v2/install/ros2_control_wheeled_robot_hardware:/opt/ros/humble LD_LIBRARY_PATH=/home/kirill/VNIIA/Projects/rover_ws_v2/src/install/velodyne_gazebo_plugins/lib:${LD_LIBRARY_PATH} /usr/bin/cmake --install /home/kirill/VNIIA/Projects/rover_ws_v2/src/build/velodyne_simulator
