[0.011s] Invoking command in '/home/kirill/VNIIA/Projects/rover_ws_v2/src/build/rover_description': CMAKE_PREFIX_PATH=${CMAKE_PREFIX_PATH}:/opt/ros/humble /usr/bin/cmake /home/kirill/VNIIA/Projects/rover_ws_v2/src/rover_description -DCMAKE_INSTALL_PREFIX=/home/kirill/VNIIA/Projects/rover_ws_v2/src/install/rover_description
[0.051s] -- The C compiler identification is GNU 11.4.0
[0.092s] -- The CXX compiler identification is GNU 11.4.0
[0.097s] -- Detecting C compiler ABI info
[0.150s] -- Detecting C compiler ABI info - done
[0.160s] -- Check for working C compiler: /usr/bin/cc - skipped
[0.160s] -- Detecting C compile features
[0.160s] -- Detecting C compile features - done
[0.163s] -- Detecting CXX compiler ABI info
[0.221s] -- Detecting CXX compiler ABI info - done
[0.227s] -- Check for working CXX compiler: /usr/bin/c++ - skipped
[0.227s] -- Detecting CXX compile features
[0.228s] -- Detecting CXX compile features - done
[0.231s] -- Found ament_cmake: 1.3.11 (/opt/ros/humble/share/ament_cmake/cmake)
[0.351s] -- Found Python3: /usr/bin/python3 (found version "3.10.12") found components: Interpreter 
[0.460s] -- Found ament_lint_auto: 0.12.11 (/opt/ros/humble/share/ament_lint_auto/cmake)
[0.539s] -- Added test 'copyright' to check source files copyright and LICENSE
[0.542s] -- Added test 'flake8' to check Python code syntax and style conventions
[0.543s] -- Added test 'lint_cmake' to check CMake code style
[0.543s] -- Added test 'pep257' to check Python code against some of the docstring style conventions in PEP 257
[0.546s] -- Added test 'xmllint' to check XML markup files
[0.546s] -- Configuring done
[0.548s] -- Generating done
[0.550s] -- Build files have been written to: /home/kirill/VNIIA/Projects/rover_ws_v2/src/build/rover_description
[0.554s] Invoked command in '/home/kirill/VNIIA/Projects/rover_ws_v2/src/build/rover_description' returned '0': CMAKE_PREFIX_PATH=${CMAKE_PREFIX_PATH}:/opt/ros/humble /usr/bin/cmake /home/kirill/VNIIA/Projects/rover_ws_v2/src/rover_description -DCMAKE_INSTALL_PREFIX=/home/kirill/VNIIA/Projects/rover_ws_v2/src/install/rover_description
[0.555s] Invoking command in '/home/kirill/VNIIA/Projects/rover_ws_v2/src/build/rover_description': CMAKE_PREFIX_PATH=${CMAKE_PREFIX_PATH}:/opt/ros/humble /usr/bin/cmake --build /home/kirill/VNIIA/Projects/rover_ws_v2/src/build/rover_description -- -j8 -l8
[0.584s] Invoked command in '/home/kirill/VNIIA/Projects/rover_ws_v2/src/build/rover_description' returned '0': CMAKE_PREFIX_PATH=${CMAKE_PREFIX_PATH}:/opt/ros/humble /usr/bin/cmake --build /home/kirill/VNIIA/Projects/rover_ws_v2/src/build/rover_description -- -j8 -l8
[0.585s] Invoking command in '/home/kirill/VNIIA/Projects/rover_ws_v2/src/build/rover_description': CMAKE_PREFIX_PATH=${CMAKE_PREFIX_PATH}:/opt/ros/humble /usr/bin/cmake --install /home/kirill/VNIIA/Projects/rover_ws_v2/src/build/rover_description
[0.591s] -- Install configuration: ""
[0.591s] -- Installing: /home/kirill/VNIIA/Projects/rover_ws_v2/src/install/rover_description/share/rover_description/config
[0.591s] -- Installing: /home/kirill/VNIIA/Projects/rover_ws_v2/src/install/rover_description/share/rover_description/config/nav2_params.yaml
[0.591s] -- Installing: /home/kirill/VNIIA/Projects/rover_ws_v2/src/install/rover_description/share/rover_description/config/gazebo_params.yaml
[0.591s] -- Installing: /home/kirill/VNIIA/Projects/rover_ws_v2/src/install/rover_description/share/rover_description/config/twist_mux.yaml
[0.592s] -- Installing: /home/kirill/VNIIA/Projects/rover_ws_v2/src/install/rover_description/share/rover_description/config/joystick.yaml
[0.592s] -- Installing: /home/kirill/VNIIA/Projects/rover_ws_v2/src/install/rover_description/share/rover_description/config/gaz_ros2_use_sim.yaml
[0.592s] -- Installing: /home/kirill/VNIIA/Projects/rover_ws_v2/src/install/rover_description/share/rover_description/config/my_controllers.yaml
[0.592s] -- Installing: /home/kirill/VNIIA/Projects/rover_ws_v2/src/install/rover_description/share/rover_description/config/description.rviz
[0.592s] -- Installing: /home/kirill/VNIIA/Projects/rover_ws_v2/src/install/rover_description/share/rover_description/launch
[0.592s] -- Installing: /home/kirill/VNIIA/Projects/rover_ws_v2/src/install/rover_description/share/rover_description/launch/launch_robot.launch.py
[0.592s] -- Installing: /home/kirill/VNIIA/Projects/rover_ws_v2/src/install/rover_description/share/rover_description/launch/navigation.launch.py
[0.592s] -- Installing: /home/kirill/VNIIA/Projects/rover_ws_v2/src/install/rover_description/share/rover_description/launch/rsp.launch.py
[0.592s] -- Installing: /home/kirill/VNIIA/Projects/rover_ws_v2/src/install/rover_description/share/rover_description/launch/launch_sim.launch.py
[0.592s] -- Installing: /home/kirill/VNIIA/Projects/rover_ws_v2/src/install/rover_description/share/rover_description/launch/joystick.launch.py
[0.592s] -- Installing: /home/kirill/VNIIA/Projects/rover_ws_v2/src/install/rover_description/share/rover_description/meshes
[0.592s] -- Installing: /home/kirill/VNIIA/Projects/rover_ws_v2/src/install/rover_description/share/rover_description/meshes/base.stl
[0.593s] -- Installing: /home/kirill/VNIIA/Projects/rover_ws_v2/src/install/rover_description/share/rover_description/meshes/wheel.stl
[0.594s] -- Installing: /home/kirill/VNIIA/Projects/rover_ws_v2/src/install/rover_description/share/rover_description/urdf
[0.594s] -- Installing: /home/kirill/VNIIA/Projects/rover_ws_v2/src/install/rover_description/share/rover_description/urdf/velodyne.gazebo.xacro
[0.594s] -- Installing: /home/kirill/VNIIA/Projects/rover_ws_v2/src/install/rover_description/share/rover_description/urdf/trk211.xacro
[0.594s] -- Installing: /home/kirill/VNIIA/Projects/rover_ws_v2/src/install/rover_description/share/rover_description/urdf/ros2_control.xacro
[0.594s] -- Installing: /home/kirill/VNIIA/Projects/rover_ws_v2/src/install/rover_description/share/rover_description/urdf/imu.xacro
[0.594s] -- Installing: /home/kirill/VNIIA/Projects/rover_ws_v2/src/install/rover_description/share/rover_description/urdf/gazebo_control.xacro
[0.594s] -- Installing: /home/kirill/VNIIA/Projects/rover_ws_v2/src/install/rover_description/share/rover_description/urdf/chassis.xacro
[0.594s] -- Installing: /home/kirill/VNIIA/Projects/rover_ws_v2/src/install/rover_description/share/rover_description/urdf/camera.xacro
[0.595s] -- Installing: /home/kirill/VNIIA/Projects/rover_ws_v2/src/install/rover_description/share/rover_description/worlds
[0.595s] -- Installing: /home/kirill/VNIIA/Projects/rover_ws_v2/src/install/rover_description/share/rover_description/worlds/gas_station.world
[0.595s] -- Installing: /home/kirill/VNIIA/Projects/rover_ws_v2/src/install/rover_description/share/rover_description/worlds/tennis_ball
[0.595s] -- Installing: /home/kirill/VNIIA/Projects/rover_ws_v2/src/install/rover_description/share/rover_description/worlds/tennis_ball/model.sdf
[0.595s] -- Installing: /home/kirill/VNIIA/Projects/rover_ws_v2/src/install/rover_description/share/rover_description/worlds/tennis_ball/model.config
[0.595s] -- Installing: /home/kirill/VNIIA/Projects/rover_ws_v2/src/install/rover_description/share/rover_description/worlds/cafe.world
[0.595s] -- Installing: /home/kirill/VNIIA/Projects/rover_ws_v2/src/install/rover_description/share/ament_index/resource_index/package_run_dependencies/rover_description
[0.595s] -- Installing: /home/kirill/VNIIA/Projects/rover_ws_v2/src/install/rover_description/share/ament_index/resource_index/parent_prefix_path/rover_description
[0.595s] -- Installing: /home/kirill/VNIIA/Projects/rover_ws_v2/src/install/rover_description/share/rover_description/environment/ament_prefix_path.sh
[0.595s] -- Installing: /home/kirill/VNIIA/Projects/rover_ws_v2/src/install/rover_description/share/rover_description/environment/ament_prefix_path.dsv
[0.595s] -- Installing: /home/kirill/VNIIA/Projects/rover_ws_v2/src/install/rover_description/share/rover_description/environment/path.sh
[0.595s] -- Installing: /home/kirill/VNIIA/Projects/rover_ws_v2/src/install/rover_description/share/rover_description/environment/path.dsv
[0.595s] -- Installing: /home/kirill/VNIIA/Projects/rover_ws_v2/src/install/rover_description/share/rover_description/local_setup.bash
[0.595s] -- Installing: /home/kirill/VNIIA/Projects/rover_ws_v2/src/install/rover_description/share/rover_description/local_setup.sh
[0.596s] -- Installing: /home/kirill/VNIIA/Projects/rover_ws_v2/src/install/rover_description/share/rover_description/local_setup.zsh
[0.596s] -- Installing: /home/kirill/VNIIA/Projects/rover_ws_v2/src/install/rover_description/share/rover_description/local_setup.dsv
[0.596s] -- Installing: /home/kirill/VNIIA/Projects/rover_ws_v2/src/install/rover_description/share/rover_description/package.dsv
[0.596s] -- Installing: /home/kirill/VNIIA/Projects/rover_ws_v2/src/install/rover_description/share/ament_index/resource_index/packages/rover_description
[0.596s] -- Installing: /home/kirill/VNIIA/Projects/rover_ws_v2/src/install/rover_description/share/rover_description/cmake/rover_descriptionConfig.cmake
[0.596s] -- Installing: /home/kirill/VNIIA/Projects/rover_ws_v2/src/install/rover_description/share/rover_description/cmake/rover_descriptionConfig-version.cmake
[0.596s] -- Installing: /home/kirill/VNIIA/Projects/rover_ws_v2/src/install/rover_description/share/rover_description/package.xml
[0.598s] Invoked command in '/home/kirill/VNIIA/Projects/rover_ws_v2/src/build/rover_description' returned '0': CMAKE_PREFIX_PATH=${CMAKE_PREFIX_PATH}:/opt/ros/humble /usr/bin/cmake --install /home/kirill/VNIIA/Projects/rover_ws_v2/src/build/rover_description
