[35m[1mConsolidate compiler generated dependencies of target wheeled_robot_hardware[0m
[100%] Built target wheeled_robot_hardware
-- Install configuration: ""
-- Up-to-date: /home/kirill/VNIIA/Projects/rover_ws_v2/src/install/ros2_control_wheeled_robot_hardware/lib/libwheeled_robot_hardware.a
-- Up-to-date: /home/kirill/VNIIA/Projects/rover_ws_v2/src/install/ros2_control_wheeled_robot_hardware/include
-- Up-to-date: /home/kirill/VNIIA/Projects/rover_ws_v2/src/install/ros2_control_wheeled_robot_hardware/include/ros2_control_wheeled_robot_hardware
-- Up-to-date: /home/kirill/VNIIA/Projects/rover_ws_v2/src/install/ros2_control_wheeled_robot_hardware/include/ros2_control_wheeled_robot_hardware/wheeled_robot_hardware.hpp
-- Up-to-date: /home/kirill/VNIIA/Projects/rover_ws_v2/src/install/ros2_control_wheeled_robot_hardware/include/ros2_control_wheeled_robot_hardware/udp_wheeled_robot.hpp
-- Up-to-date: /home/kirill/VNIIA/Projects/rover_ws_v2/src/install/ros2_control_wheeled_robot_hardware/share/ros2_control_wheeled_robot_hardware/wheeled_robot_hardware.xml
-- Up-to-date: /home/kirill/VNIIA/Projects/rover_ws_v2/src/install/ros2_control_wheeled_robot_hardware/share/ament_index/resource_index/package_run_dependencies/ros2_control_wheeled_robot_hardware
-- Up-to-date: /home/kirill/VNIIA/Projects/rover_ws_v2/src/install/ros2_control_wheeled_robot_hardware/share/ament_index/resource_index/parent_prefix_path/ros2_control_wheeled_robot_hardware
-- Up-to-date: /home/kirill/VNIIA/Projects/rover_ws_v2/src/install/ros2_control_wheeled_robot_hardware/share/ros2_control_wheeled_robot_hardware/environment/ament_prefix_path.sh
-- Up-to-date: /home/kirill/VNIIA/Projects/rover_ws_v2/src/install/ros2_control_wheeled_robot_hardware/share/ros2_control_wheeled_robot_hardware/environment/ament_prefix_path.dsv
-- Up-to-date: /home/kirill/VNIIA/Projects/rover_ws_v2/src/install/ros2_control_wheeled_robot_hardware/share/ros2_control_wheeled_robot_hardware/environment/path.sh
-- Up-to-date: /home/kirill/VNIIA/Projects/rover_ws_v2/src/install/ros2_control_wheeled_robot_hardware/share/ros2_control_wheeled_robot_hardware/environment/path.dsv
-- Up-to-date: /home/kirill/VNIIA/Projects/rover_ws_v2/src/install/ros2_control_wheeled_robot_hardware/share/ros2_control_wheeled_robot_hardware/local_setup.bash
-- Up-to-date: /home/kirill/VNIIA/Projects/rover_ws_v2/src/install/ros2_control_wheeled_robot_hardware/share/ros2_control_wheeled_robot_hardware/local_setup.sh
-- Up-to-date: /home/kirill/VNIIA/Projects/rover_ws_v2/src/install/ros2_control_wheeled_robot_hardware/share/ros2_control_wheeled_robot_hardware/local_setup.zsh
-- Up-to-date: /home/kirill/VNIIA/Projects/rover_ws_v2/src/install/ros2_control_wheeled_robot_hardware/share/ros2_control_wheeled_robot_hardware/local_setup.dsv
-- Installing: /home/kirill/VNIIA/Projects/rover_ws_v2/src/install/ros2_control_wheeled_robot_hardware/share/ros2_control_wheeled_robot_hardware/package.dsv
-- Up-to-date: /home/kirill/VNIIA/Projects/rover_ws_v2/src/install/ros2_control_wheeled_robot_hardware/share/ament_index/resource_index/packages/ros2_control_wheeled_robot_hardware
-- Up-to-date: /home/kirill/VNIIA/Projects/rover_ws_v2/src/install/ros2_control_wheeled_robot_hardware/share/ament_index/resource_index/hardware_interface__pluginlib__plugin/ros2_control_wheeled_robot_hardware
-- Up-to-date: /home/kirill/VNIIA/Projects/rover_ws_v2/src/install/ros2_control_wheeled_robot_hardware/share/ros2_control_wheeled_robot_hardware/cmake/ament_cmake_export_dependencies-extras.cmake
-- Up-to-date: /home/kirill/VNIIA/Projects/rover_ws_v2/src/install/ros2_control_wheeled_robot_hardware/share/ros2_control_wheeled_robot_hardware/cmake/ros2_control_wheeled_robot_hardwareConfig.cmake
-- Up-to-date: /home/kirill/VNIIA/Projects/rover_ws_v2/src/install/ros2_control_wheeled_robot_hardware/share/ros2_control_wheeled_robot_hardware/cmake/ros2_control_wheeled_robot_hardwareConfig-version.cmake
-- Up-to-date: /home/kirill/VNIIA/Projects/rover_ws_v2/src/install/ros2_control_wheeled_robot_hardware/share/ros2_control_wheeled_robot_hardware/package.xml
