[0.016s] Invoking command in '/home/kirill/VNIIA/Projects/rover_ws_v2/src/build/ros2_control_wheeled_robot_hardware': CMAKE_PREFIX_PATH=${CMAKE_PREFIX_PATH}:/opt/ros/humble /usr/bin/cmake --build /home/kirill/VNIIA/Projects/rover_ws_v2/src/build/ros2_control_wheeled_robot_hardware -- -j8 -l8
[0.053s] [35m[1mConsolidate compiler generated dependencies of target wheeled_robot_hardware[0m
[0.068s] [100%] Built target wheeled_robot_hardware
[0.102s] Invoked command in '/home/kirill/VNIIA/Projects/rover_ws_v2/src/build/ros2_control_wheeled_robot_hardware' returned '0': CMAKE_PREFIX_PATH=${CMAKE_PREFIX_PATH}:/opt/ros/humble /usr/bin/cmake --build /home/kirill/VNIIA/Projects/rover_ws_v2/src/build/ros2_control_wheeled_robot_hardware -- -j8 -l8
[0.103s] Invoking command in '/home/kirill/VNIIA/Projects/rover_ws_v2/src/build/ros2_control_wheeled_robot_hardware': CMAKE_PREFIX_PATH=${CMAKE_PREFIX_PATH}:/opt/ros/humble /usr/bin/cmake --install /home/kirill/VNIIA/Projects/rover_ws_v2/src/build/ros2_control_wheeled_robot_hardware
[0.109s] -- Install configuration: ""
[0.110s] -- Up-to-date: /home/kirill/VNIIA/Projects/rover_ws_v2/src/install/ros2_control_wheeled_robot_hardware/lib/libwheeled_robot_hardware.a
[0.110s] -- Up-to-date: /home/kirill/VNIIA/Projects/rover_ws_v2/src/install/ros2_control_wheeled_robot_hardware/include
[0.110s] -- Up-to-date: /home/kirill/VNIIA/Projects/rover_ws_v2/src/install/ros2_control_wheeled_robot_hardware/include/ros2_control_wheeled_robot_hardware
[0.110s] -- Up-to-date: /home/kirill/VNIIA/Projects/rover_ws_v2/src/install/ros2_control_wheeled_robot_hardware/include/ros2_control_wheeled_robot_hardware/wheeled_robot_hardware.hpp
[0.110s] -- Up-to-date: /home/kirill/VNIIA/Projects/rover_ws_v2/src/install/ros2_control_wheeled_robot_hardware/include/ros2_control_wheeled_robot_hardware/udp_wheeled_robot.hpp
[0.110s] -- Up-to-date: /home/kirill/VNIIA/Projects/rover_ws_v2/src/install/ros2_control_wheeled_robot_hardware/share/ros2_control_wheeled_robot_hardware/wheeled_robot_hardware.xml
[0.110s] -- Up-to-date: /home/kirill/VNIIA/Projects/rover_ws_v2/src/install/ros2_control_wheeled_robot_hardware/share/ament_index/resource_index/package_run_dependencies/ros2_control_wheeled_robot_hardware
[0.110s] -- Up-to-date: /home/kirill/VNIIA/Projects/rover_ws_v2/src/install/ros2_control_wheeled_robot_hardware/share/ament_index/resource_index/parent_prefix_path/ros2_control_wheeled_robot_hardware
[0.110s] -- Up-to-date: /home/kirill/VNIIA/Projects/rover_ws_v2/src/install/ros2_control_wheeled_robot_hardware/share/ros2_control_wheeled_robot_hardware/environment/ament_prefix_path.sh
[0.110s] -- Up-to-date: /home/kirill/VNIIA/Projects/rover_ws_v2/src/install/ros2_control_wheeled_robot_hardware/share/ros2_control_wheeled_robot_hardware/environment/ament_prefix_path.dsv
[0.110s] -- Up-to-date: /home/kirill/VNIIA/Projects/rover_ws_v2/src/install/ros2_control_wheeled_robot_hardware/share/ros2_control_wheeled_robot_hardware/environment/path.sh
[0.111s] -- Up-to-date: /home/kirill/VNIIA/Projects/rover_ws_v2/src/install/ros2_control_wheeled_robot_hardware/share/ros2_control_wheeled_robot_hardware/environment/path.dsv
[0.111s] -- Up-to-date: /home/kirill/VNIIA/Projects/rover_ws_v2/src/install/ros2_control_wheeled_robot_hardware/share/ros2_control_wheeled_robot_hardware/local_setup.bash
[0.111s] -- Up-to-date: /home/kirill/VNIIA/Projects/rover_ws_v2/src/install/ros2_control_wheeled_robot_hardware/share/ros2_control_wheeled_robot_hardware/local_setup.sh
[0.111s] -- Up-to-date: /home/kirill/VNIIA/Projects/rover_ws_v2/src/install/ros2_control_wheeled_robot_hardware/share/ros2_control_wheeled_robot_hardware/local_setup.zsh
[0.111s] -- Up-to-date: /home/kirill/VNIIA/Projects/rover_ws_v2/src/install/ros2_control_wheeled_robot_hardware/share/ros2_control_wheeled_robot_hardware/local_setup.dsv
[0.111s] -- Installing: /home/kirill/VNIIA/Projects/rover_ws_v2/src/install/ros2_control_wheeled_robot_hardware/share/ros2_control_wheeled_robot_hardware/package.dsv
[0.111s] -- Up-to-date: /home/kirill/VNIIA/Projects/rover_ws_v2/src/install/ros2_control_wheeled_robot_hardware/share/ament_index/resource_index/packages/ros2_control_wheeled_robot_hardware
[0.111s] -- Up-to-date: /home/kirill/VNIIA/Projects/rover_ws_v2/src/install/ros2_control_wheeled_robot_hardware/share/ament_index/resource_index/hardware_interface__pluginlib__plugin/ros2_control_wheeled_robot_hardware
[0.111s] -- Up-to-date: /home/kirill/VNIIA/Projects/rover_ws_v2/src/install/ros2_control_wheeled_robot_hardware/share/ros2_control_wheeled_robot_hardware/cmake/ament_cmake_export_dependencies-extras.cmake
[0.111s] -- Up-to-date: /home/kirill/VNIIA/Projects/rover_ws_v2/src/install/ros2_control_wheeled_robot_hardware/share/ros2_control_wheeled_robot_hardware/cmake/ros2_control_wheeled_robot_hardwareConfig.cmake
[0.111s] -- Up-to-date: /home/kirill/VNIIA/Projects/rover_ws_v2/src/install/ros2_control_wheeled_robot_hardware/share/ros2_control_wheeled_robot_hardware/cmake/ros2_control_wheeled_robot_hardwareConfig-version.cmake
[0.111s] -- Up-to-date: /home/kirill/VNIIA/Projects/rover_ws_v2/src/install/ros2_control_wheeled_robot_hardware/share/ros2_control_wheeled_robot_hardware/package.xml
[0.114s] Invoked command in '/home/kirill/VNIIA/Projects/rover_ws_v2/src/build/ros2_control_wheeled_robot_hardware' returned '0': CMAKE_PREFIX_PATH=${CMAKE_PREFIX_PATH}:/opt/ros/humble /usr/bin/cmake --install /home/kirill/VNIIA/Projects/rover_ws_v2/src/build/ros2_control_wheeled_robot_hardware
