[0.083s] DEBUG:colcon:Command line arguments: ['/usr/bin/colcon', 'build']
[0.083s] DEBUG:colcon:Parsed command line arguments: Namespace(log_base=None, log_level=None, verb_name='build', build_base='build', install_base='install', merge_install=False, symlink_install=False, test_result_base=None, continue_on_error=False, executor='parallel', parallel_workers=8, event_handlers=None, ignore_user_meta=False, metas=['./colcon.meta'], base_paths=['.'], packages_ignore=None, packages_ignore_regex=None, paths=None, packages_up_to=None, packages_up_to_regex=None, packages_above=None, packages_above_and_dependencies=None, packages_above_depth=None, packages_select_by_dep=None, packages_skip_by_dep=None, packages_skip_up_to=None, packages_select_build_failed=False, packages_skip_build_finished=False, packages_select_test_failures=False, packages_skip_test_passed=False, packages_select=None, packages_skip=None, packages_select_regex=None, packages_skip_regex=None, packages_start=None, packages_end=None, allow_overriding=[], cmake_args=None, cmake_target=None, cmake_target_skip_unavailable=False, cmake_clean_cache=False, cmake_clean_first=False, cmake_force_configure=False, ament_cmake_args=None, catkin_cmake_args=None, catkin_skip_building_tests=False, mixin_files=None, mixin=None, verb_parser=<colcon_mixin.mixin.mixin_argument.MixinArgumentDecorator object at 0x79098654b310>, verb_extension=<colcon_core.verb.build.BuildVerb object at 0x790986667d30>, main=<bound method BuildVerb.main of <colcon_core.verb.build.BuildVerb object at 0x790986667d30>>, mixin_verb=('build',))
[0.209s] Level 1:colcon.colcon_core.package_discovery:discover_packages(colcon_meta) check parameters
[0.210s] Level 1:colcon.colcon_core.package_discovery:discover_packages(recursive) check parameters
[0.210s] Level 1:colcon.colcon_core.package_discovery:discover_packages(ignore) check parameters
[0.210s] Level 1:colcon.colcon_core.package_discovery:discover_packages(path) check parameters
[0.210s] Level 1:colcon.colcon_core.package_discovery:discover_packages(colcon_meta) discover
[0.210s] Level 1:colcon.colcon_core.package_discovery:discover_packages(recursive) discover
[0.210s] INFO:colcon.colcon_core.package_discovery:Crawling recursively for packages in '/home/kirill/VNIIA/Projects/rover_ws_v2/src'
[0.210s] Level 1:colcon.colcon_core.package_identification:_identify(.) by extensions ['ignore', 'ignore_ament_install']
[0.210s] Level 1:colcon.colcon_core.package_identification:_identify(.) by extension 'ignore'
[0.210s] Level 1:colcon.colcon_core.package_identification:_identify(.) by extension 'ignore_ament_install'
[0.210s] Level 1:colcon.colcon_core.package_identification:_identify(.) by extensions ['colcon_pkg']
[0.210s] Level 1:colcon.colcon_core.package_identification:_identify(.) by extension 'colcon_pkg'
[0.210s] Level 1:colcon.colcon_core.package_identification:_identify(.) by extensions ['colcon_meta']
[0.210s] Level 1:colcon.colcon_core.package_identification:_identify(.) by extension 'colcon_meta'
[0.210s] Level 1:colcon.colcon_core.package_identification:_identify(.) by extensions ['ros']
[0.210s] Level 1:colcon.colcon_core.package_identification:_identify(.) by extension 'ros'
[0.218s] Level 1:colcon.colcon_core.package_identification:_identify(.) by extensions ['cmake', 'python']
[0.218s] Level 1:colcon.colcon_core.package_identification:_identify(.) by extension 'cmake'
[0.218s] Level 1:colcon.colcon_core.package_identification:_identify(.) by extension 'python'
[0.218s] Level 1:colcon.colcon_core.package_identification:_identify(.) by extensions ['python_setup_py']
[0.218s] Level 1:colcon.colcon_core.package_identification:_identify(.) by extension 'python_setup_py'
[0.219s] Level 1:colcon.colcon_core.package_identification:_identify(build) by extensions ['ignore', 'ignore_ament_install']
[0.219s] Level 1:colcon.colcon_core.package_identification:_identify(build) by extension 'ignore'
[0.219s] Level 1:colcon.colcon_core.package_identification:_identify(build) ignored
[0.219s] Level 1:colcon.colcon_core.package_identification:_identify(install) by extensions ['ignore', 'ignore_ament_install']
[0.219s] Level 1:colcon.colcon_core.package_identification:_identify(install) by extension 'ignore'
[0.219s] Level 1:colcon.colcon_core.package_identification:_identify(install) ignored
[0.219s] Level 1:colcon.colcon_core.package_identification:_identify(log) by extensions ['ignore', 'ignore_ament_install']
[0.219s] Level 1:colcon.colcon_core.package_identification:_identify(log) by extension 'ignore'
[0.219s] Level 1:colcon.colcon_core.package_identification:_identify(log) ignored
[0.219s] Level 1:colcon.colcon_core.package_identification:_identify(ros2_control_wheeled_robot_hardware) by extensions ['ignore', 'ignore_ament_install']
[0.219s] Level 1:colcon.colcon_core.package_identification:_identify(ros2_control_wheeled_robot_hardware) by extension 'ignore'
[0.219s] Level 1:colcon.colcon_core.package_identification:_identify(ros2_control_wheeled_robot_hardware) by extension 'ignore_ament_install'
[0.219s] Level 1:colcon.colcon_core.package_identification:_identify(ros2_control_wheeled_robot_hardware) by extensions ['colcon_pkg']
[0.219s] Level 1:colcon.colcon_core.package_identification:_identify(ros2_control_wheeled_robot_hardware) by extension 'colcon_pkg'
[0.219s] Level 1:colcon.colcon_core.package_identification:_identify(ros2_control_wheeled_robot_hardware) by extensions ['colcon_meta']
[0.219s] Level 1:colcon.colcon_core.package_identification:_identify(ros2_control_wheeled_robot_hardware) by extension 'colcon_meta'
[0.220s] Level 1:colcon.colcon_core.package_identification:_identify(ros2_control_wheeled_robot_hardware) by extensions ['ros']
[0.220s] Level 1:colcon.colcon_core.package_identification:_identify(ros2_control_wheeled_robot_hardware) by extension 'ros'
[0.221s] DEBUG:colcon.colcon_core.package_identification:Package 'ros2_control_wheeled_robot_hardware' with type 'ros.ament_cmake' and name 'ros2_control_wheeled_robot_hardware'
[0.222s] Level 1:colcon.colcon_core.package_identification:_identify(rover_description) by extensions ['ignore', 'ignore_ament_install']
[0.231s] Level 1:colcon.colcon_core.package_identification:_identify(rover_description) by extension 'ignore'
[0.231s] Level 1:colcon.colcon_core.package_identification:_identify(rover_description) by extension 'ignore_ament_install'
[0.231s] Level 1:colcon.colcon_core.package_identification:_identify(rover_description) by extensions ['colcon_pkg']
[0.231s] Level 1:colcon.colcon_core.package_identification:_identify(rover_description) by extension 'colcon_pkg'
[0.231s] Level 1:colcon.colcon_core.package_identification:_identify(rover_description) by extensions ['colcon_meta']
[0.231s] Level 1:colcon.colcon_core.package_identification:_identify(rover_description) by extension 'colcon_meta'
[0.231s] Level 1:colcon.colcon_core.package_identification:_identify(rover_description) by extensions ['ros']
[0.231s] Level 1:colcon.colcon_core.package_identification:_identify(rover_description) by extension 'ros'
[0.232s] DEBUG:colcon.colcon_core.package_identification:Package 'rover_description' with type 'ros.ament_cmake' and name 'rover_description'
[0.232s] Level 1:colcon.colcon_core.package_identification:_identify(velodyne_simulator) by extensions ['ignore', 'ignore_ament_install']
[0.232s] Level 1:colcon.colcon_core.package_identification:_identify(velodyne_simulator) by extension 'ignore'
[0.232s] Level 1:colcon.colcon_core.package_identification:_identify(velodyne_simulator) by extension 'ignore_ament_install'
[0.232s] Level 1:colcon.colcon_core.package_identification:_identify(velodyne_simulator) by extensions ['colcon_pkg']
[0.232s] Level 1:colcon.colcon_core.package_identification:_identify(velodyne_simulator) by extension 'colcon_pkg'
[0.232s] Level 1:colcon.colcon_core.package_identification:_identify(velodyne_simulator) by extensions ['colcon_meta']
[0.232s] Level 1:colcon.colcon_core.package_identification:_identify(velodyne_simulator) by extension 'colcon_meta'
[0.233s] Level 1:colcon.colcon_core.package_identification:_identify(velodyne_simulator) by extensions ['ros']
[0.233s] Level 1:colcon.colcon_core.package_identification:_identify(velodyne_simulator) by extension 'ros'
[0.233s] Level 1:colcon.colcon_core.package_identification:_identify(velodyne_simulator) by extensions ['cmake', 'python']
[0.233s] Level 1:colcon.colcon_core.package_identification:_identify(velodyne_simulator) by extension 'cmake'
[0.233s] Level 1:colcon.colcon_core.package_identification:_identify(velodyne_simulator) by extension 'python'
[0.233s] Level 1:colcon.colcon_core.package_identification:_identify(velodyne_simulator) by extensions ['python_setup_py']
[0.233s] Level 1:colcon.colcon_core.package_identification:_identify(velodyne_simulator) by extension 'python_setup_py'
[0.233s] Level 1:colcon.colcon_core.package_identification:_identify(velodyne_simulator/img) by extensions ['ignore', 'ignore_ament_install']
[0.233s] Level 1:colcon.colcon_core.package_identification:_identify(velodyne_simulator/img) by extension 'ignore'
[0.233s] Level 1:colcon.colcon_core.package_identification:_identify(velodyne_simulator/img) by extension 'ignore_ament_install'
[0.233s] Level 1:colcon.colcon_core.package_identification:_identify(velodyne_simulator/img) by extensions ['colcon_pkg']
[0.233s] Level 1:colcon.colcon_core.package_identification:_identify(velodyne_simulator/img) by extension 'colcon_pkg'
[0.233s] Level 1:colcon.colcon_core.package_identification:_identify(velodyne_simulator/img) by extensions ['colcon_meta']
[0.233s] Level 1:colcon.colcon_core.package_identification:_identify(velodyne_simulator/img) by extension 'colcon_meta'
[0.233s] Level 1:colcon.colcon_core.package_identification:_identify(velodyne_simulator/img) by extensions ['ros']
[0.233s] Level 1:colcon.colcon_core.package_identification:_identify(velodyne_simulator/img) by extension 'ros'
[0.233s] Level 1:colcon.colcon_core.package_identification:_identify(velodyne_simulator/img) by extensions ['cmake', 'python']
[0.233s] Level 1:colcon.colcon_core.package_identification:_identify(velodyne_simulator/img) by extension 'cmake'
[0.233s] Level 1:colcon.colcon_core.package_identification:_identify(velodyne_simulator/img) by extension 'python'
[0.233s] Level 1:colcon.colcon_core.package_identification:_identify(velodyne_simulator/img) by extensions ['python_setup_py']
[0.233s] Level 1:colcon.colcon_core.package_identification:_identify(velodyne_simulator/img) by extension 'python_setup_py'
[0.234s] Level 1:colcon.colcon_core.package_identification:_identify(velodyne_simulator/velodyne_description) by extensions ['ignore', 'ignore_ament_install']
[0.234s] Level 1:colcon.colcon_core.package_identification:_identify(velodyne_simulator/velodyne_description) by extension 'ignore'
[0.234s] Level 1:colcon.colcon_core.package_identification:_identify(velodyne_simulator/velodyne_description) by extension 'ignore_ament_install'
[0.234s] Level 1:colcon.colcon_core.package_identification:_identify(velodyne_simulator/velodyne_description) by extensions ['colcon_pkg']
[0.234s] Level 1:colcon.colcon_core.package_identification:_identify(velodyne_simulator/velodyne_description) by extension 'colcon_pkg'
[0.234s] Level 1:colcon.colcon_core.package_identification:_identify(velodyne_simulator/velodyne_description) by extensions ['colcon_meta']
[0.234s] Level 1:colcon.colcon_core.package_identification:_identify(velodyne_simulator/velodyne_description) by extension 'colcon_meta'
[0.234s] Level 1:colcon.colcon_core.package_identification:_identify(velodyne_simulator/velodyne_description) by extensions ['ros']
[0.234s] Level 1:colcon.colcon_core.package_identification:_identify(velodyne_simulator/velodyne_description) by extension 'ros'
[0.234s] DEBUG:colcon.colcon_core.package_identification:Package 'velodyne_simulator/velodyne_description' with type 'ros.ament_cmake' and name 'velodyne_description'
[0.234s] Level 1:colcon.colcon_core.package_identification:_identify(velodyne_simulator/velodyne_gazebo_plugins) by extensions ['ignore', 'ignore_ament_install']
[0.234s] Level 1:colcon.colcon_core.package_identification:_identify(velodyne_simulator/velodyne_gazebo_plugins) by extension 'ignore'
[0.234s] Level 1:colcon.colcon_core.package_identification:_identify(velodyne_simulator/velodyne_gazebo_plugins) by extension 'ignore_ament_install'
[0.235s] Level 1:colcon.colcon_core.package_identification:_identify(velodyne_simulator/velodyne_gazebo_plugins) by extensions ['colcon_pkg']
[0.235s] Level 1:colcon.colcon_core.package_identification:_identify(velodyne_simulator/velodyne_gazebo_plugins) by extension 'colcon_pkg'
[0.235s] Level 1:colcon.colcon_core.package_identification:_identify(velodyne_simulator/velodyne_gazebo_plugins) by extensions ['colcon_meta']
[0.235s] Level 1:colcon.colcon_core.package_identification:_identify(velodyne_simulator/velodyne_gazebo_plugins) by extension 'colcon_meta'
[0.235s] Level 1:colcon.colcon_core.package_identification:_identify(velodyne_simulator/velodyne_gazebo_plugins) by extensions ['ros']
[0.235s] Level 1:colcon.colcon_core.package_identification:_identify(velodyne_simulator/velodyne_gazebo_plugins) by extension 'ros'
[0.235s] DEBUG:colcon.colcon_core.package_identification:Package 'velodyne_simulator/velodyne_gazebo_plugins' with type 'ros.ament_cmake' and name 'velodyne_gazebo_plugins'
[0.235s] Level 1:colcon.colcon_core.package_identification:_identify(velodyne_simulator/velodyne_simulator) by extensions ['ignore', 'ignore_ament_install']
[0.235s] Level 1:colcon.colcon_core.package_identification:_identify(velodyne_simulator/velodyne_simulator) by extension 'ignore'
[0.235s] Level 1:colcon.colcon_core.package_identification:_identify(velodyne_simulator/velodyne_simulator) by extension 'ignore_ament_install'
[0.236s] Level 1:colcon.colcon_core.package_identification:_identify(velodyne_simulator/velodyne_simulator) by extensions ['colcon_pkg']
[0.236s] Level 1:colcon.colcon_core.package_identification:_identify(velodyne_simulator/velodyne_simulator) by extension 'colcon_pkg'
[0.236s] Level 1:colcon.colcon_core.package_identification:_identify(velodyne_simulator/velodyne_simulator) by extensions ['colcon_meta']
[0.236s] Level 1:colcon.colcon_core.package_identification:_identify(velodyne_simulator/velodyne_simulator) by extension 'colcon_meta'
[0.236s] Level 1:colcon.colcon_core.package_identification:_identify(velodyne_simulator/velodyne_simulator) by extensions ['ros']
[0.236s] Level 1:colcon.colcon_core.package_identification:_identify(velodyne_simulator/velodyne_simulator) by extension 'ros'
[0.236s] DEBUG:colcon.colcon_core.package_identification:Package 'velodyne_simulator/velodyne_simulator' with type 'ros.ament_cmake' and name 'velodyne_simulator'
[0.236s] Level 1:colcon.colcon_core.package_discovery:discover_packages(recursive) using defaults
[0.236s] Level 1:colcon.colcon_core.package_discovery:discover_packages(ignore) discover
[0.236s] Level 1:colcon.colcon_core.package_discovery:discover_packages(ignore) using defaults
[0.236s] Level 1:colcon.colcon_core.package_discovery:discover_packages(path) discover
[0.236s] Level 1:colcon.colcon_core.package_discovery:discover_packages(path) using defaults
[0.251s] Level 1:colcon.colcon_core.package_discovery:discover_packages(prefix_path) check parameters
[0.251s] Level 1:colcon.colcon_core.package_discovery:discover_packages(prefix_path) discover
[0.252s] DEBUG:colcon.colcon_installed_package_information.package_discovery:Found 5 installed packages in /home/kirill/VNIIA/Projects/rover_ws_v2/src/install
[0.253s] DEBUG:colcon.colcon_installed_package_information.package_discovery:Found 7 installed packages in /home/kirill/VNIIA/Projects/rover_ws_v2/install
[0.254s] DEBUG:colcon.colcon_installed_package_information.package_discovery:Found 442 installed packages in /opt/ros/humble
[0.256s] Level 1:colcon.colcon_core.package_discovery:discover_packages(prefix_path) using defaults
[0.293s] Level 5:colcon.colcon_core.verb:set package 'ros2_control_wheeled_robot_hardware' build argument 'cmake_args' from command line to 'None'
[0.293s] Level 5:colcon.colcon_core.verb:set package 'ros2_control_wheeled_robot_hardware' build argument 'cmake_target' from command line to 'None'
[0.293s] Level 5:colcon.colcon_core.verb:set package 'ros2_control_wheeled_robot_hardware' build argument 'cmake_target_skip_unavailable' from command line to 'False'
[0.293s] Level 5:colcon.colcon_core.verb:set package 'ros2_control_wheeled_robot_hardware' build argument 'cmake_clean_cache' from command line to 'False'
[0.293s] Level 5:colcon.colcon_core.verb:set package 'ros2_control_wheeled_robot_hardware' build argument 'cmake_clean_first' from command line to 'False'
[0.293s] Level 5:colcon.colcon_core.verb:set package 'ros2_control_wheeled_robot_hardware' build argument 'cmake_force_configure' from command line to 'False'
[0.293s] Level 5:colcon.colcon_core.verb:set package 'ros2_control_wheeled_robot_hardware' build argument 'ament_cmake_args' from command line to 'None'
[0.293s] Level 5:colcon.colcon_core.verb:set package 'ros2_control_wheeled_robot_hardware' build argument 'catkin_cmake_args' from command line to 'None'
[0.293s] Level 5:colcon.colcon_core.verb:set package 'ros2_control_wheeled_robot_hardware' build argument 'catkin_skip_building_tests' from command line to 'False'
[0.293s] DEBUG:colcon.colcon_core.verb:Building package 'ros2_control_wheeled_robot_hardware' with the following arguments: {'ament_cmake_args': None, 'build_base': '/home/kirill/VNIIA/Projects/rover_ws_v2/src/build/ros2_control_wheeled_robot_hardware', 'catkin_cmake_args': None, 'catkin_skip_building_tests': False, 'cmake_args': None, 'cmake_clean_cache': False, 'cmake_clean_first': False, 'cmake_force_configure': False, 'cmake_target': None, 'cmake_target_skip_unavailable': False, 'install_base': '/home/kirill/VNIIA/Projects/rover_ws_v2/src/install/ros2_control_wheeled_robot_hardware', 'merge_install': False, 'path': '/home/kirill/VNIIA/Projects/rover_ws_v2/src/ros2_control_wheeled_robot_hardware', 'symlink_install': False, 'test_result_base': None}
[0.293s] Level 5:colcon.colcon_core.verb:set package 'rover_description' build argument 'cmake_args' from command line to 'None'
[0.293s] Level 5:colcon.colcon_core.verb:set package 'rover_description' build argument 'cmake_target' from command line to 'None'
[0.293s] Level 5:colcon.colcon_core.verb:set package 'rover_description' build argument 'cmake_target_skip_unavailable' from command line to 'False'
[0.293s] Level 5:colcon.colcon_core.verb:set package 'rover_description' build argument 'cmake_clean_cache' from command line to 'False'
[0.293s] Level 5:colcon.colcon_core.verb:set package 'rover_description' build argument 'cmake_clean_first' from command line to 'False'
[0.293s] Level 5:colcon.colcon_core.verb:set package 'rover_description' build argument 'cmake_force_configure' from command line to 'False'
[0.293s] Level 5:colcon.colcon_core.verb:set package 'rover_description' build argument 'ament_cmake_args' from command line to 'None'
[0.293s] Level 5:colcon.colcon_core.verb:set package 'rover_description' build argument 'catkin_cmake_args' from command line to 'None'
[0.294s] Level 5:colcon.colcon_core.verb:set package 'rover_description' build argument 'catkin_skip_building_tests' from command line to 'False'
[0.294s] DEBUG:colcon.colcon_core.verb:Building package 'rover_description' with the following arguments: {'ament_cmake_args': None, 'build_base': '/home/kirill/VNIIA/Projects/rover_ws_v2/src/build/rover_description', 'catkin_cmake_args': None, 'catkin_skip_building_tests': False, 'cmake_args': None, 'cmake_clean_cache': False, 'cmake_clean_first': False, 'cmake_force_configure': False, 'cmake_target': None, 'cmake_target_skip_unavailable': False, 'install_base': '/home/kirill/VNIIA/Projects/rover_ws_v2/src/install/rover_description', 'merge_install': False, 'path': '/home/kirill/VNIIA/Projects/rover_ws_v2/src/rover_description', 'symlink_install': False, 'test_result_base': None}
[0.294s] Level 5:colcon.colcon_core.verb:set package 'velodyne_description' build argument 'cmake_args' from command line to 'None'
[0.294s] Level 5:colcon.colcon_core.verb:set package 'velodyne_description' build argument 'cmake_target' from command line to 'None'
[0.294s] Level 5:colcon.colcon_core.verb:set package 'velodyne_description' build argument 'cmake_target_skip_unavailable' from command line to 'False'
[0.294s] Level 5:colcon.colcon_core.verb:set package 'velodyne_description' build argument 'cmake_clean_cache' from command line to 'False'
[0.294s] Level 5:colcon.colcon_core.verb:set package 'velodyne_description' build argument 'cmake_clean_first' from command line to 'False'
[0.294s] Level 5:colcon.colcon_core.verb:set package 'velodyne_description' build argument 'cmake_force_configure' from command line to 'False'
[0.294s] Level 5:colcon.colcon_core.verb:set package 'velodyne_description' build argument 'ament_cmake_args' from command line to 'None'
[0.294s] Level 5:colcon.colcon_core.verb:set package 'velodyne_description' build argument 'catkin_cmake_args' from command line to 'None'
[0.294s] Level 5:colcon.colcon_core.verb:set package 'velodyne_description' build argument 'catkin_skip_building_tests' from command line to 'False'
[0.294s] DEBUG:colcon.colcon_core.verb:Building package 'velodyne_description' with the following arguments: {'ament_cmake_args': None, 'build_base': '/home/kirill/VNIIA/Projects/rover_ws_v2/src/build/velodyne_description', 'catkin_cmake_args': None, 'catkin_skip_building_tests': False, 'cmake_args': None, 'cmake_clean_cache': False, 'cmake_clean_first': False, 'cmake_force_configure': False, 'cmake_target': None, 'cmake_target_skip_unavailable': False, 'install_base': '/home/kirill/VNIIA/Projects/rover_ws_v2/src/install/velodyne_description', 'merge_install': False, 'path': '/home/kirill/VNIIA/Projects/rover_ws_v2/src/velodyne_simulator/velodyne_description', 'symlink_install': False, 'test_result_base': None}
[0.294s] Level 5:colcon.colcon_core.verb:set package 'velodyne_gazebo_plugins' build argument 'cmake_args' from command line to 'None'
[0.294s] Level 5:colcon.colcon_core.verb:set package 'velodyne_gazebo_plugins' build argument 'cmake_target' from command line to 'None'
[0.294s] Level 5:colcon.colcon_core.verb:set package 'velodyne_gazebo_plugins' build argument 'cmake_target_skip_unavailable' from command line to 'False'
[0.294s] Level 5:colcon.colcon_core.verb:set package 'velodyne_gazebo_plugins' build argument 'cmake_clean_cache' from command line to 'False'
[0.294s] Level 5:colcon.colcon_core.verb:set package 'velodyne_gazebo_plugins' build argument 'cmake_clean_first' from command line to 'False'
[0.294s] Level 5:colcon.colcon_core.verb:set package 'velodyne_gazebo_plugins' build argument 'cmake_force_configure' from command line to 'False'
[0.294s] Level 5:colcon.colcon_core.verb:set package 'velodyne_gazebo_plugins' build argument 'ament_cmake_args' from command line to 'None'
[0.294s] Level 5:colcon.colcon_core.verb:set package 'velodyne_gazebo_plugins' build argument 'catkin_cmake_args' from command line to 'None'
[0.294s] Level 5:colcon.colcon_core.verb:set package 'velodyne_gazebo_plugins' build argument 'catkin_skip_building_tests' from command line to 'False'
[0.294s] DEBUG:colcon.colcon_core.verb:Building package 'velodyne_gazebo_plugins' with the following arguments: {'ament_cmake_args': None, 'build_base': '/home/kirill/VNIIA/Projects/rover_ws_v2/src/build/velodyne_gazebo_plugins', 'catkin_cmake_args': None, 'catkin_skip_building_tests': False, 'cmake_args': None, 'cmake_clean_cache': False, 'cmake_clean_first': False, 'cmake_force_configure': False, 'cmake_target': None, 'cmake_target_skip_unavailable': False, 'install_base': '/home/kirill/VNIIA/Projects/rover_ws_v2/src/install/velodyne_gazebo_plugins', 'merge_install': False, 'path': '/home/kirill/VNIIA/Projects/rover_ws_v2/src/velodyne_simulator/velodyne_gazebo_plugins', 'symlink_install': False, 'test_result_base': None}
[0.294s] Level 5:colcon.colcon_core.verb:set package 'velodyne_simulator' build argument 'cmake_args' from command line to 'None'
[0.295s] Level 5:colcon.colcon_core.verb:set package 'velodyne_simulator' build argument 'cmake_target' from command line to 'None'
[0.295s] Level 5:colcon.colcon_core.verb:set package 'velodyne_simulator' build argument 'cmake_target_skip_unavailable' from command line to 'False'
[0.295s] Level 5:colcon.colcon_core.verb:set package 'velodyne_simulator' build argument 'cmake_clean_cache' from command line to 'False'
[0.295s] Level 5:colcon.colcon_core.verb:set package 'velodyne_simulator' build argument 'cmake_clean_first' from command line to 'False'
[0.295s] Level 5:colcon.colcon_core.verb:set package 'velodyne_simulator' build argument 'cmake_force_configure' from command line to 'False'
[0.295s] Level 5:colcon.colcon_core.verb:set package 'velodyne_simulator' build argument 'ament_cmake_args' from command line to 'None'
[0.295s] Level 5:colcon.colcon_core.verb:set package 'velodyne_simulator' build argument 'catkin_cmake_args' from command line to 'None'
[0.295s] Level 5:colcon.colcon_core.verb:set package 'velodyne_simulator' build argument 'catkin_skip_building_tests' from command line to 'False'
[0.295s] DEBUG:colcon.colcon_core.verb:Building package 'velodyne_simulator' with the following arguments: {'ament_cmake_args': None, 'build_base': '/home/kirill/VNIIA/Projects/rover_ws_v2/src/build/velodyne_simulator', 'catkin_cmake_args': None, 'catkin_skip_building_tests': False, 'cmake_args': None, 'cmake_clean_cache': False, 'cmake_clean_first': False, 'cmake_force_configure': False, 'cmake_target': None, 'cmake_target_skip_unavailable': False, 'install_base': '/home/kirill/VNIIA/Projects/rover_ws_v2/src/install/velodyne_simulator', 'merge_install': False, 'path': '/home/kirill/VNIIA/Projects/rover_ws_v2/src/velodyne_simulator/velodyne_simulator', 'symlink_install': False, 'test_result_base': None}
[0.295s] INFO:colcon.colcon_core.executor:Executing jobs using 'parallel' executor
[0.296s] DEBUG:colcon.colcon_parallel_executor.executor.parallel:run_until_complete
[0.296s] INFO:colcon.colcon_ros.task.ament_cmake.build:Building ROS package in '/home/kirill/VNIIA/Projects/rover_ws_v2/src/velodyne_simulator/velodyne_description' with build type 'ament_cmake'
[0.296s] INFO:colcon.colcon_cmake.task.cmake.build:Building CMake package in '/home/kirill/VNIIA/Projects/rover_ws_v2/src/velodyne_simulator/velodyne_description'
[0.297s] INFO:colcon.colcon_core.plugin_system:Skipping extension 'colcon_core.shell.bat': Not used on non-Windows systems
[0.297s] INFO:colcon.colcon_core.shell:Skip shell extension 'powershell' for command environment: Not usable outside of PowerShell
[0.297s] DEBUG:colcon.colcon_core.shell:Skip shell extension 'dsv' for command environment
[0.301s] INFO:colcon.colcon_ros.task.ament_cmake.build:Building ROS package in '/home/kirill/VNIIA/Projects/rover_ws_v2/src/velodyne_simulator/velodyne_gazebo_plugins' with build type 'ament_cmake'
[0.301s] INFO:colcon.colcon_cmake.task.cmake.build:Building CMake package in '/home/kirill/VNIIA/Projects/rover_ws_v2/src/velodyne_simulator/velodyne_gazebo_plugins'
[0.301s] INFO:colcon.colcon_core.shell:Skip shell extension 'powershell' for command environment: Not usable outside of PowerShell
[0.301s] DEBUG:colcon.colcon_core.shell:Skip shell extension 'dsv' for command environment
[0.304s] INFO:colcon.colcon_ros.task.ament_cmake.build:Building ROS package in '/home/kirill/VNIIA/Projects/rover_ws_v2/src/ros2_control_wheeled_robot_hardware' with build type 'ament_cmake'
[0.304s] INFO:colcon.colcon_cmake.task.cmake.build:Building CMake package in '/home/kirill/VNIIA/Projects/rover_ws_v2/src/ros2_control_wheeled_robot_hardware'
[0.304s] INFO:colcon.colcon_core.shell:Skip shell extension 'powershell' for command environment: Not usable outside of PowerShell
[0.304s] DEBUG:colcon.colcon_core.shell:Skip shell extension 'dsv' for command environment
[0.307s] INFO:colcon.colcon_ros.task.ament_cmake.build:Building ROS package in '/home/kirill/VNIIA/Projects/rover_ws_v2/src/rover_description' with build type 'ament_cmake'
[0.307s] INFO:colcon.colcon_cmake.task.cmake.build:Building CMake package in '/home/kirill/VNIIA/Projects/rover_ws_v2/src/rover_description'
[0.307s] INFO:colcon.colcon_core.shell:Skip shell extension 'powershell' for command environment: Not usable outside of PowerShell
[0.307s] DEBUG:colcon.colcon_core.shell:Skip shell extension 'dsv' for command environment
[0.314s] DEBUG:colcon.colcon_core.event_handler.log_command:Invoking command in '/home/kirill/VNIIA/Projects/rover_ws_v2/src/build/velodyne_description': CMAKE_PREFIX_PATH=${CMAKE_PREFIX_PATH}:/opt/ros/humble /usr/bin/cmake --build /home/kirill/VNIIA/Projects/rover_ws_v2/src/build/velodyne_description -- -j8 -l8
[0.317s] DEBUG:colcon.colcon_core.event_handler.log_command:Invoking command in '/home/kirill/VNIIA/Projects/rover_ws_v2/src/build/velodyne_gazebo_plugins': CMAKE_PREFIX_PATH=${CMAKE_PREFIX_PATH}:/opt/ros/humble /usr/bin/cmake --build /home/kirill/VNIIA/Projects/rover_ws_v2/src/build/velodyne_gazebo_plugins -- -j8 -l8
[0.320s] DEBUG:colcon.colcon_core.event_handler.log_command:Invoking command in '/home/kirill/VNIIA/Projects/rover_ws_v2/src/build/ros2_control_wheeled_robot_hardware': CMAKE_PREFIX_PATH=${CMAKE_PREFIX_PATH}:/opt/ros/humble /usr/bin/cmake --build /home/kirill/VNIIA/Projects/rover_ws_v2/src/build/ros2_control_wheeled_robot_hardware -- -j8 -l8
[0.324s] DEBUG:colcon.colcon_core.event_handler.log_command:Invoking command in '/home/kirill/VNIIA/Projects/rover_ws_v2/src/build/rover_description': CMAKE_PREFIX_PATH=${CMAKE_PREFIX_PATH}:/opt/ros/humble /usr/bin/cmake --build /home/kirill/VNIIA/Projects/rover_ws_v2/src/build/rover_description -- -j8 -l8
[0.357s] DEBUG:colcon.colcon_core.event_handler.log_command:Invoked command in '/home/kirill/VNIIA/Projects/rover_ws_v2/src/build/velodyne_description' returned '0': CMAKE_PREFIX_PATH=${CMAKE_PREFIX_PATH}:/opt/ros/humble /usr/bin/cmake --build /home/kirill/VNIIA/Projects/rover_ws_v2/src/build/velodyne_description -- -j8 -l8
[0.369s] DEBUG:colcon.colcon_core.event_handler.log_command:Invoking command in '/home/kirill/VNIIA/Projects/rover_ws_v2/src/build/velodyne_description': CMAKE_PREFIX_PATH=${CMAKE_PREFIX_PATH}:/opt/ros/humble /usr/bin/cmake --install /home/kirill/VNIIA/Projects/rover_ws_v2/src/build/velodyne_description
[0.370s] DEBUG:colcon.colcon_core.event_handler.log_command:Invoked command in '/home/kirill/VNIIA/Projects/rover_ws_v2/src/build/rover_description' returned '0': CMAKE_PREFIX_PATH=${CMAKE_PREFIX_PATH}:/opt/ros/humble /usr/bin/cmake --build /home/kirill/VNIIA/Projects/rover_ws_v2/src/build/rover_description -- -j8 -l8
[0.372s] DEBUG:colcon.colcon_core.event_handler.log_command:Invoking command in '/home/kirill/VNIIA/Projects/rover_ws_v2/src/build/rover_description': CMAKE_PREFIX_PATH=${CMAKE_PREFIX_PATH}:/opt/ros/humble /usr/bin/cmake --install /home/kirill/VNIIA/Projects/rover_ws_v2/src/build/rover_description
[0.378s] Level 1:colcon.colcon_core.environment:create_environment_scripts_only(velodyne_description)
[0.380s] DEBUG:colcon.colcon_core.event_handler.log_command:Invoked command in '/home/kirill/VNIIA/Projects/rover_ws_v2/src/build/velodyne_description' returned '0': CMAKE_PREFIX_PATH=${CMAKE_PREFIX_PATH}:/opt/ros/humble /usr/bin/cmake --install /home/kirill/VNIIA/Projects/rover_ws_v2/src/build/velodyne_description
[0.384s] Level 1:colcon.colcon_core.environment:checking '/home/kirill/VNIIA/Projects/rover_ws_v2/src/install/velodyne_description' for CMake module files
[0.385s] Level 1:colcon.colcon_core.environment:checking '/home/kirill/VNIIA/Projects/rover_ws_v2/src/install/velodyne_description' for CMake config files
[0.385s] Level 1:colcon.colcon_core.shell:create_environment_hook('velodyne_description', 'cmake_prefix_path')
[0.385s] INFO:colcon.colcon_core.shell:Creating environment hook '/home/kirill/VNIIA/Projects/rover_ws_v2/src/install/velodyne_description/share/velodyne_description/hook/cmake_prefix_path.ps1'
[0.385s] INFO:colcon.colcon_core.shell:Creating environment descriptor '/home/kirill/VNIIA/Projects/rover_ws_v2/src/install/velodyne_description/share/velodyne_description/hook/cmake_prefix_path.dsv'
[0.386s] INFO:colcon.colcon_core.shell:Creating environment hook '/home/kirill/VNIIA/Projects/rover_ws_v2/src/install/velodyne_description/share/velodyne_description/hook/cmake_prefix_path.sh'
[0.386s] Level 1:colcon.colcon_core.environment:checking '/home/kirill/VNIIA/Projects/rover_ws_v2/src/install/velodyne_description/bin'
[0.386s] Level 1:colcon.colcon_core.environment:checking '/home/kirill/VNIIA/Projects/rover_ws_v2/src/install/velodyne_description/lib/pkgconfig/velodyne_description.pc'
[0.387s] Level 1:colcon.colcon_core.environment:checking '/home/kirill/VNIIA/Projects/rover_ws_v2/src/install/velodyne_description/lib/python3.10/site-packages'
[0.387s] Level 1:colcon.colcon_core.environment:checking '/home/kirill/VNIIA/Projects/rover_ws_v2/src/install/velodyne_description/bin'
[0.387s] INFO:colcon.colcon_core.shell:Creating package script '/home/kirill/VNIIA/Projects/rover_ws_v2/src/install/velodyne_description/share/velodyne_description/package.ps1'
[0.388s] INFO:colcon.colcon_core.shell:Creating package descriptor '/home/kirill/VNIIA/Projects/rover_ws_v2/src/install/velodyne_description/share/velodyne_description/package.dsv'
[0.388s] INFO:colcon.colcon_core.shell:Creating package script '/home/kirill/VNIIA/Projects/rover_ws_v2/src/install/velodyne_description/share/velodyne_description/package.sh'
[0.389s] INFO:colcon.colcon_core.shell:Creating package script '/home/kirill/VNIIA/Projects/rover_ws_v2/src/install/velodyne_description/share/velodyne_description/package.bash'
[0.389s] INFO:colcon.colcon_core.shell:Creating package script '/home/kirill/VNIIA/Projects/rover_ws_v2/src/install/velodyne_description/share/velodyne_description/package.zsh'
[0.390s] Level 1:colcon.colcon_core.environment:create_file_with_runtime_dependencies(/home/kirill/VNIIA/Projects/rover_ws_v2/src/install/velodyne_description/share/colcon-core/packages/velodyne_description)
[0.390s] Level 1:colcon.colcon_core.environment:create_environment_scripts_only(velodyne_description)
[0.390s] Level 1:colcon.colcon_core.environment:checking '/home/kirill/VNIIA/Projects/rover_ws_v2/src/install/velodyne_description' for CMake module files
[0.391s] Level 1:colcon.colcon_core.environment:checking '/home/kirill/VNIIA/Projects/rover_ws_v2/src/install/velodyne_description' for CMake config files
[0.391s] Level 1:colcon.colcon_core.shell:create_environment_hook('velodyne_description', 'cmake_prefix_path')
[0.391s] INFO:colcon.colcon_core.shell:Creating environment hook '/home/kirill/VNIIA/Projects/rover_ws_v2/src/install/velodyne_description/share/velodyne_description/hook/cmake_prefix_path.ps1'
[0.391s] INFO:colcon.colcon_core.shell:Creating environment descriptor '/home/kirill/VNIIA/Projects/rover_ws_v2/src/install/velodyne_description/share/velodyne_description/hook/cmake_prefix_path.dsv'
[0.391s] INFO:colcon.colcon_core.shell:Creating environment hook '/home/kirill/VNIIA/Projects/rover_ws_v2/src/install/velodyne_description/share/velodyne_description/hook/cmake_prefix_path.sh'
[0.392s] Level 1:colcon.colcon_core.environment:checking '/home/kirill/VNIIA/Projects/rover_ws_v2/src/install/velodyne_description/bin'
[0.392s] Level 1:colcon.colcon_core.environment:checking '/home/kirill/VNIIA/Projects/rover_ws_v2/src/install/velodyne_description/lib/pkgconfig/velodyne_description.pc'
[0.392s] Level 1:colcon.colcon_core.environment:checking '/home/kirill/VNIIA/Projects/rover_ws_v2/src/install/velodyne_description/lib/python3.10/site-packages'
[0.392s] Level 1:colcon.colcon_core.environment:checking '/home/kirill/VNIIA/Projects/rover_ws_v2/src/install/velodyne_description/bin'
[0.392s] INFO:colcon.colcon_core.shell:Creating package script '/home/kirill/VNIIA/Projects/rover_ws_v2/src/install/velodyne_description/share/velodyne_description/package.ps1'
[0.393s] INFO:colcon.colcon_core.shell:Creating package descriptor '/home/kirill/VNIIA/Projects/rover_ws_v2/src/install/velodyne_description/share/velodyne_description/package.dsv'
[0.393s] INFO:colcon.colcon_core.shell:Creating package script '/home/kirill/VNIIA/Projects/rover_ws_v2/src/install/velodyne_description/share/velodyne_description/package.sh'
[0.393s] INFO:colcon.colcon_core.shell:Creating package script '/home/kirill/VNIIA/Projects/rover_ws_v2/src/install/velodyne_description/share/velodyne_description/package.bash'
[0.394s] INFO:colcon.colcon_core.shell:Creating package script '/home/kirill/VNIIA/Projects/rover_ws_v2/src/install/velodyne_description/share/velodyne_description/package.zsh'
[0.394s] Level 1:colcon.colcon_core.environment:create_file_with_runtime_dependencies(/home/kirill/VNIIA/Projects/rover_ws_v2/src/install/velodyne_description/share/colcon-core/packages/velodyne_description)
[0.395s] Level 1:colcon.colcon_core.environment:create_environment_scripts_only(rover_description)
[0.395s] Level 1:colcon.colcon_core.environment:checking '/home/kirill/VNIIA/Projects/rover_ws_v2/src/install/rover_description' for CMake module files
[0.396s] DEBUG:colcon.colcon_core.event_handler.log_command:Invoked command in '/home/kirill/VNIIA/Projects/rover_ws_v2/src/build/rover_description' returned '0': CMAKE_PREFIX_PATH=${CMAKE_PREFIX_PATH}:/opt/ros/humble /usr/bin/cmake --install /home/kirill/VNIIA/Projects/rover_ws_v2/src/build/rover_description
[0.396s] Level 1:colcon.colcon_core.environment:checking '/home/kirill/VNIIA/Projects/rover_ws_v2/src/install/rover_description' for CMake config files
[0.396s] Level 1:colcon.colcon_core.shell:create_environment_hook('rover_description', 'cmake_prefix_path')
[0.397s] INFO:colcon.colcon_core.shell:Creating environment hook '/home/kirill/VNIIA/Projects/rover_ws_v2/src/install/rover_description/share/rover_description/hook/cmake_prefix_path.ps1'
[0.397s] INFO:colcon.colcon_core.shell:Creating environment descriptor '/home/kirill/VNIIA/Projects/rover_ws_v2/src/install/rover_description/share/rover_description/hook/cmake_prefix_path.dsv'
[0.397s] INFO:colcon.colcon_core.shell:Creating environment hook '/home/kirill/VNIIA/Projects/rover_ws_v2/src/install/rover_description/share/rover_description/hook/cmake_prefix_path.sh'
[0.398s] Level 1:colcon.colcon_core.environment:checking '/home/kirill/VNIIA/Projects/rover_ws_v2/src/install/rover_description/bin'
[0.398s] Level 1:colcon.colcon_core.environment:checking '/home/kirill/VNIIA/Projects/rover_ws_v2/src/install/rover_description/lib/pkgconfig/rover_description.pc'
[0.398s] Level 1:colcon.colcon_core.environment:checking '/home/kirill/VNIIA/Projects/rover_ws_v2/src/install/rover_description/lib/python3.10/site-packages'
[0.398s] Level 1:colcon.colcon_core.environment:checking '/home/kirill/VNIIA/Projects/rover_ws_v2/src/install/rover_description/bin'
[0.398s] INFO:colcon.colcon_core.shell:Creating package script '/home/kirill/VNIIA/Projects/rover_ws_v2/src/install/rover_description/share/rover_description/package.ps1'
[0.399s] INFO:colcon.colcon_core.shell:Creating package descriptor '/home/kirill/VNIIA/Projects/rover_ws_v2/src/install/rover_description/share/rover_description/package.dsv'
[0.399s] INFO:colcon.colcon_core.shell:Creating package script '/home/kirill/VNIIA/Projects/rover_ws_v2/src/install/rover_description/share/rover_description/package.sh'
[0.400s] INFO:colcon.colcon_core.shell:Creating package script '/home/kirill/VNIIA/Projects/rover_ws_v2/src/install/rover_description/share/rover_description/package.bash'
[0.400s] INFO:colcon.colcon_core.shell:Creating package script '/home/kirill/VNIIA/Projects/rover_ws_v2/src/install/rover_description/share/rover_description/package.zsh'
[0.400s] Level 1:colcon.colcon_core.environment:create_file_with_runtime_dependencies(/home/kirill/VNIIA/Projects/rover_ws_v2/src/install/rover_description/share/colcon-core/packages/rover_description)
[0.400s] Level 1:colcon.colcon_core.environment:create_environment_scripts_only(rover_description)
[0.401s] Level 1:colcon.colcon_core.environment:checking '/home/kirill/VNIIA/Projects/rover_ws_v2/src/install/rover_description' for CMake module files
[0.401s] Level 1:colcon.colcon_core.environment:checking '/home/kirill/VNIIA/Projects/rover_ws_v2/src/install/rover_description' for CMake config files
[0.401s] Level 1:colcon.colcon_core.shell:create_environment_hook('rover_description', 'cmake_prefix_path')
[0.401s] INFO:colcon.colcon_core.shell:Creating environment hook '/home/kirill/VNIIA/Projects/rover_ws_v2/src/install/rover_description/share/rover_description/hook/cmake_prefix_path.ps1'
[0.402s] INFO:colcon.colcon_core.shell:Creating environment descriptor '/home/kirill/VNIIA/Projects/rover_ws_v2/src/install/rover_description/share/rover_description/hook/cmake_prefix_path.dsv'
[0.402s] INFO:colcon.colcon_core.shell:Creating environment hook '/home/kirill/VNIIA/Projects/rover_ws_v2/src/install/rover_description/share/rover_description/hook/cmake_prefix_path.sh'
[0.402s] Level 1:colcon.colcon_core.environment:checking '/home/kirill/VNIIA/Projects/rover_ws_v2/src/install/rover_description/bin'
[0.402s] Level 1:colcon.colcon_core.environment:checking '/home/kirill/VNIIA/Projects/rover_ws_v2/src/install/rover_description/lib/pkgconfig/rover_description.pc'
[0.402s] Level 1:colcon.colcon_core.environment:checking '/home/kirill/VNIIA/Projects/rover_ws_v2/src/install/rover_description/lib/python3.10/site-packages'
[0.403s] Level 1:colcon.colcon_core.environment:checking '/home/kirill/VNIIA/Projects/rover_ws_v2/src/install/rover_description/bin'
[0.403s] INFO:colcon.colcon_core.shell:Creating package script '/home/kirill/VNIIA/Projects/rover_ws_v2/src/install/rover_description/share/rover_description/package.ps1'
[0.403s] INFO:colcon.colcon_core.shell:Creating package descriptor '/home/kirill/VNIIA/Projects/rover_ws_v2/src/install/rover_description/share/rover_description/package.dsv'
[0.403s] INFO:colcon.colcon_core.shell:Creating package script '/home/kirill/VNIIA/Projects/rover_ws_v2/src/install/rover_description/share/rover_description/package.sh'
[0.404s] INFO:colcon.colcon_core.shell:Creating package script '/home/kirill/VNIIA/Projects/rover_ws_v2/src/install/rover_description/share/rover_description/package.bash'
[0.404s] INFO:colcon.colcon_core.shell:Creating package script '/home/kirill/VNIIA/Projects/rover_ws_v2/src/install/rover_description/share/rover_description/package.zsh'
[0.404s] Level 1:colcon.colcon_core.environment:create_file_with_runtime_dependencies(/home/kirill/VNIIA/Projects/rover_ws_v2/src/install/rover_description/share/colcon-core/packages/rover_description)
[0.406s] DEBUG:colcon.colcon_core.event_handler.log_command:Invoked command in '/home/kirill/VNIIA/Projects/rover_ws_v2/src/build/ros2_control_wheeled_robot_hardware' returned '0': CMAKE_PREFIX_PATH=${CMAKE_PREFIX_PATH}:/opt/ros/humble /usr/bin/cmake --build /home/kirill/VNIIA/Projects/rover_ws_v2/src/build/ros2_control_wheeled_robot_hardware -- -j8 -l8
[0.407s] DEBUG:colcon.colcon_core.event_handler.log_command:Invoking command in '/home/kirill/VNIIA/Projects/rover_ws_v2/src/build/ros2_control_wheeled_robot_hardware': CMAKE_PREFIX_PATH=${CMAKE_PREFIX_PATH}:/opt/ros/humble /usr/bin/cmake --install /home/kirill/VNIIA/Projects/rover_ws_v2/src/build/ros2_control_wheeled_robot_hardware
[0.408s] DEBUG:colcon.colcon_core.event_handler.log_command:Invoked command in '/home/kirill/VNIIA/Projects/rover_ws_v2/src/build/velodyne_gazebo_plugins' returned '0': CMAKE_PREFIX_PATH=${CMAKE_PREFIX_PATH}:/opt/ros/humble /usr/bin/cmake --build /home/kirill/VNIIA/Projects/rover_ws_v2/src/build/velodyne_gazebo_plugins -- -j8 -l8
[0.409s] DEBUG:colcon.colcon_core.event_handler.log_command:Invoking command in '/home/kirill/VNIIA/Projects/rover_ws_v2/src/build/velodyne_gazebo_plugins': CMAKE_PREFIX_PATH=${CMAKE_PREFIX_PATH}:/opt/ros/humble /usr/bin/cmake --install /home/kirill/VNIIA/Projects/rover_ws_v2/src/build/velodyne_gazebo_plugins
[0.416s] Level 1:colcon.colcon_core.environment:create_environment_scripts_only(ros2_control_wheeled_robot_hardware)
[0.417s] Level 1:colcon.colcon_core.environment:checking '/home/kirill/VNIIA/Projects/rover_ws_v2/src/install/ros2_control_wheeled_robot_hardware' for CMake module files
[0.418s] DEBUG:colcon.colcon_core.event_handler.log_command:Invoked command in '/home/kirill/VNIIA/Projects/rover_ws_v2/src/build/ros2_control_wheeled_robot_hardware' returned '0': CMAKE_PREFIX_PATH=${CMAKE_PREFIX_PATH}:/opt/ros/humble /usr/bin/cmake --install /home/kirill/VNIIA/Projects/rover_ws_v2/src/build/ros2_control_wheeled_robot_hardware
[0.419s] Level 1:colcon.colcon_core.environment:checking '/home/kirill/VNIIA/Projects/rover_ws_v2/src/install/ros2_control_wheeled_robot_hardware' for CMake config files
[0.419s] Level 1:colcon.colcon_core.shell:create_environment_hook('ros2_control_wheeled_robot_hardware', 'cmake_prefix_path')
[0.419s] INFO:colcon.colcon_core.shell:Creating environment hook '/home/kirill/VNIIA/Projects/rover_ws_v2/src/install/ros2_control_wheeled_robot_hardware/share/ros2_control_wheeled_robot_hardware/hook/cmake_prefix_path.ps1'
[0.420s] INFO:colcon.colcon_core.shell:Creating environment descriptor '/home/kirill/VNIIA/Projects/rover_ws_v2/src/install/ros2_control_wheeled_robot_hardware/share/ros2_control_wheeled_robot_hardware/hook/cmake_prefix_path.dsv'
[0.420s] INFO:colcon.colcon_core.shell:Creating environment hook '/home/kirill/VNIIA/Projects/rover_ws_v2/src/install/ros2_control_wheeled_robot_hardware/share/ros2_control_wheeled_robot_hardware/hook/cmake_prefix_path.sh'
[0.420s] Level 1:colcon.colcon_core.environment:checking '/home/kirill/VNIIA/Projects/rover_ws_v2/src/install/ros2_control_wheeled_robot_hardware/lib'
[0.420s] Level 1:colcon.colcon_core.environment:checking '/home/kirill/VNIIA/Projects/rover_ws_v2/src/install/ros2_control_wheeled_robot_hardware/bin'
[0.420s] Level 1:colcon.colcon_core.environment:checking '/home/kirill/VNIIA/Projects/rover_ws_v2/src/install/ros2_control_wheeled_robot_hardware/lib/pkgconfig/ros2_control_wheeled_robot_hardware.pc'
[0.421s] Level 1:colcon.colcon_core.environment:checking '/home/kirill/VNIIA/Projects/rover_ws_v2/src/install/ros2_control_wheeled_robot_hardware/lib/python3.10/site-packages'
[0.421s] Level 1:colcon.colcon_core.environment:checking '/home/kirill/VNIIA/Projects/rover_ws_v2/src/install/ros2_control_wheeled_robot_hardware/bin'
[0.421s] INFO:colcon.colcon_core.shell:Creating package script '/home/kirill/VNIIA/Projects/rover_ws_v2/src/install/ros2_control_wheeled_robot_hardware/share/ros2_control_wheeled_robot_hardware/package.ps1'
[0.421s] INFO:colcon.colcon_core.shell:Creating package descriptor '/home/kirill/VNIIA/Projects/rover_ws_v2/src/install/ros2_control_wheeled_robot_hardware/share/ros2_control_wheeled_robot_hardware/package.dsv'
[0.422s] INFO:colcon.colcon_core.shell:Creating package script '/home/kirill/VNIIA/Projects/rover_ws_v2/src/install/ros2_control_wheeled_robot_hardware/share/ros2_control_wheeled_robot_hardware/package.sh'
[0.422s] INFO:colcon.colcon_core.shell:Creating package script '/home/kirill/VNIIA/Projects/rover_ws_v2/src/install/ros2_control_wheeled_robot_hardware/share/ros2_control_wheeled_robot_hardware/package.bash'
[0.422s] INFO:colcon.colcon_core.shell:Creating package script '/home/kirill/VNIIA/Projects/rover_ws_v2/src/install/ros2_control_wheeled_robot_hardware/share/ros2_control_wheeled_robot_hardware/package.zsh'
[0.422s] Level 1:colcon.colcon_core.environment:create_file_with_runtime_dependencies(/home/kirill/VNIIA/Projects/rover_ws_v2/src/install/ros2_control_wheeled_robot_hardware/share/colcon-core/packages/ros2_control_wheeled_robot_hardware)
[0.423s] Level 1:colcon.colcon_core.environment:create_environment_scripts_only(ros2_control_wheeled_robot_hardware)
[0.423s] Level 1:colcon.colcon_core.environment:checking '/home/kirill/VNIIA/Projects/rover_ws_v2/src/install/ros2_control_wheeled_robot_hardware' for CMake module files
[0.423s] Level 1:colcon.colcon_core.environment:checking '/home/kirill/VNIIA/Projects/rover_ws_v2/src/install/ros2_control_wheeled_robot_hardware' for CMake config files
[0.423s] Level 1:colcon.colcon_core.shell:create_environment_hook('ros2_control_wheeled_robot_hardware', 'cmake_prefix_path')
[0.423s] INFO:colcon.colcon_core.shell:Creating environment hook '/home/kirill/VNIIA/Projects/rover_ws_v2/src/install/ros2_control_wheeled_robot_hardware/share/ros2_control_wheeled_robot_hardware/hook/cmake_prefix_path.ps1'
[0.424s] INFO:colcon.colcon_core.shell:Creating environment descriptor '/home/kirill/VNIIA/Projects/rover_ws_v2/src/install/ros2_control_wheeled_robot_hardware/share/ros2_control_wheeled_robot_hardware/hook/cmake_prefix_path.dsv'
[0.424s] INFO:colcon.colcon_core.shell:Creating environment hook '/home/kirill/VNIIA/Projects/rover_ws_v2/src/install/ros2_control_wheeled_robot_hardware/share/ros2_control_wheeled_robot_hardware/hook/cmake_prefix_path.sh'
[0.424s] Level 1:colcon.colcon_core.environment:checking '/home/kirill/VNIIA/Projects/rover_ws_v2/src/install/ros2_control_wheeled_robot_hardware/lib'
[0.424s] Level 1:colcon.colcon_core.environment:checking '/home/kirill/VNIIA/Projects/rover_ws_v2/src/install/ros2_control_wheeled_robot_hardware/bin'
[0.424s] Level 1:colcon.colcon_core.environment:checking '/home/kirill/VNIIA/Projects/rover_ws_v2/src/install/ros2_control_wheeled_robot_hardware/lib/pkgconfig/ros2_control_wheeled_robot_hardware.pc'
[0.425s] Level 1:colcon.colcon_core.environment:checking '/home/kirill/VNIIA/Projects/rover_ws_v2/src/install/ros2_control_wheeled_robot_hardware/lib/python3.10/site-packages'
[0.425s] Level 1:colcon.colcon_core.environment:checking '/home/kirill/VNIIA/Projects/rover_ws_v2/src/install/ros2_control_wheeled_robot_hardware/bin'
[0.425s] INFO:colcon.colcon_core.shell:Creating package script '/home/kirill/VNIIA/Projects/rover_ws_v2/src/install/ros2_control_wheeled_robot_hardware/share/ros2_control_wheeled_robot_hardware/package.ps1'
[0.425s] INFO:colcon.colcon_core.shell:Creating package descriptor '/home/kirill/VNIIA/Projects/rover_ws_v2/src/install/ros2_control_wheeled_robot_hardware/share/ros2_control_wheeled_robot_hardware/package.dsv'
[0.426s] INFO:colcon.colcon_core.shell:Creating package script '/home/kirill/VNIIA/Projects/rover_ws_v2/src/install/ros2_control_wheeled_robot_hardware/share/ros2_control_wheeled_robot_hardware/package.sh'
[0.426s] INFO:colcon.colcon_core.shell:Creating package script '/home/kirill/VNIIA/Projects/rover_ws_v2/src/install/ros2_control_wheeled_robot_hardware/share/ros2_control_wheeled_robot_hardware/package.bash'
[0.426s] INFO:colcon.colcon_core.shell:Creating package script '/home/kirill/VNIIA/Projects/rover_ws_v2/src/install/ros2_control_wheeled_robot_hardware/share/ros2_control_wheeled_robot_hardware/package.zsh'
[0.426s] Level 1:colcon.colcon_core.environment:create_file_with_runtime_dependencies(/home/kirill/VNIIA/Projects/rover_ws_v2/src/install/ros2_control_wheeled_robot_hardware/share/colcon-core/packages/ros2_control_wheeled_robot_hardware)
[0.427s] Level 1:colcon.colcon_core.environment:create_environment_scripts_only(velodyne_gazebo_plugins)
[0.427s] Level 1:colcon.colcon_core.environment:checking '/home/kirill/VNIIA/Projects/rover_ws_v2/src/install/velodyne_gazebo_plugins' for CMake module files
[0.428s] DEBUG:colcon.colcon_core.event_handler.log_command:Invoked command in '/home/kirill/VNIIA/Projects/rover_ws_v2/src/build/velodyne_gazebo_plugins' returned '0': CMAKE_PREFIX_PATH=${CMAKE_PREFIX_PATH}:/opt/ros/humble /usr/bin/cmake --install /home/kirill/VNIIA/Projects/rover_ws_v2/src/build/velodyne_gazebo_plugins
[0.428s] Level 1:colcon.colcon_core.environment:checking '/home/kirill/VNIIA/Projects/rover_ws_v2/src/install/velodyne_gazebo_plugins' for CMake config files
[0.428s] Level 1:colcon.colcon_core.shell:create_environment_hook('velodyne_gazebo_plugins', 'cmake_prefix_path')
[0.428s] INFO:colcon.colcon_core.shell:Creating environment hook '/home/kirill/VNIIA/Projects/rover_ws_v2/src/install/velodyne_gazebo_plugins/share/velodyne_gazebo_plugins/hook/cmake_prefix_path.ps1'
[0.429s] INFO:colcon.colcon_core.shell:Creating environment descriptor '/home/kirill/VNIIA/Projects/rover_ws_v2/src/install/velodyne_gazebo_plugins/share/velodyne_gazebo_plugins/hook/cmake_prefix_path.dsv'
[0.429s] INFO:colcon.colcon_core.shell:Creating environment hook '/home/kirill/VNIIA/Projects/rover_ws_v2/src/install/velodyne_gazebo_plugins/share/velodyne_gazebo_plugins/hook/cmake_prefix_path.sh'
[0.429s] Level 1:colcon.colcon_core.environment:checking '/home/kirill/VNIIA/Projects/rover_ws_v2/src/install/velodyne_gazebo_plugins/lib'
[0.429s] Level 1:colcon.colcon_core.shell:create_environment_hook('velodyne_gazebo_plugins', 'ld_library_path_lib')
[0.429s] INFO:colcon.colcon_core.shell:Creating environment hook '/home/kirill/VNIIA/Projects/rover_ws_v2/src/install/velodyne_gazebo_plugins/share/velodyne_gazebo_plugins/hook/ld_library_path_lib.ps1'
[0.430s] INFO:colcon.colcon_core.shell:Creating environment descriptor '/home/kirill/VNIIA/Projects/rover_ws_v2/src/install/velodyne_gazebo_plugins/share/velodyne_gazebo_plugins/hook/ld_library_path_lib.dsv'
[0.430s] INFO:colcon.colcon_core.shell:Creating environment hook '/home/kirill/VNIIA/Projects/rover_ws_v2/src/install/velodyne_gazebo_plugins/share/velodyne_gazebo_plugins/hook/ld_library_path_lib.sh'
[0.431s] Level 1:colcon.colcon_core.environment:checking '/home/kirill/VNIIA/Projects/rover_ws_v2/src/install/velodyne_gazebo_plugins/bin'
[0.431s] Level 1:colcon.colcon_core.environment:checking '/home/kirill/VNIIA/Projects/rover_ws_v2/src/install/velodyne_gazebo_plugins/lib/pkgconfig/velodyne_gazebo_plugins.pc'
[0.431s] Level 1:colcon.colcon_core.environment:checking '/home/kirill/VNIIA/Projects/rover_ws_v2/src/install/velodyne_gazebo_plugins/lib/python3.10/site-packages'
[0.431s] Level 1:colcon.colcon_core.environment:checking '/home/kirill/VNIIA/Projects/rover_ws_v2/src/install/velodyne_gazebo_plugins/bin'
[0.431s] INFO:colcon.colcon_core.shell:Creating package script '/home/kirill/VNIIA/Projects/rover_ws_v2/src/install/velodyne_gazebo_plugins/share/velodyne_gazebo_plugins/package.ps1'
[0.432s] INFO:colcon.colcon_core.shell:Creating package descriptor '/home/kirill/VNIIA/Projects/rover_ws_v2/src/install/velodyne_gazebo_plugins/share/velodyne_gazebo_plugins/package.dsv'
[0.432s] INFO:colcon.colcon_core.shell:Creating package script '/home/kirill/VNIIA/Projects/rover_ws_v2/src/install/velodyne_gazebo_plugins/share/velodyne_gazebo_plugins/package.sh'
[0.432s] INFO:colcon.colcon_core.shell:Creating package script '/home/kirill/VNIIA/Projects/rover_ws_v2/src/install/velodyne_gazebo_plugins/share/velodyne_gazebo_plugins/package.bash'
[0.432s] INFO:colcon.colcon_core.shell:Creating package script '/home/kirill/VNIIA/Projects/rover_ws_v2/src/install/velodyne_gazebo_plugins/share/velodyne_gazebo_plugins/package.zsh'
[0.433s] Level 1:colcon.colcon_core.environment:create_file_with_runtime_dependencies(/home/kirill/VNIIA/Projects/rover_ws_v2/src/install/velodyne_gazebo_plugins/share/colcon-core/packages/velodyne_gazebo_plugins)
[0.433s] Level 1:colcon.colcon_core.environment:create_environment_scripts_only(velodyne_gazebo_plugins)
[0.433s] Level 1:colcon.colcon_core.environment:checking '/home/kirill/VNIIA/Projects/rover_ws_v2/src/install/velodyne_gazebo_plugins' for CMake module files
[0.433s] Level 1:colcon.colcon_core.environment:checking '/home/kirill/VNIIA/Projects/rover_ws_v2/src/install/velodyne_gazebo_plugins' for CMake config files
[0.433s] Level 1:colcon.colcon_core.shell:create_environment_hook('velodyne_gazebo_plugins', 'cmake_prefix_path')
[0.434s] INFO:colcon.colcon_core.shell:Creating environment hook '/home/kirill/VNIIA/Projects/rover_ws_v2/src/install/velodyne_gazebo_plugins/share/velodyne_gazebo_plugins/hook/cmake_prefix_path.ps1'
[0.434s] INFO:colcon.colcon_core.shell:Creating environment descriptor '/home/kirill/VNIIA/Projects/rover_ws_v2/src/install/velodyne_gazebo_plugins/share/velodyne_gazebo_plugins/hook/cmake_prefix_path.dsv'
[0.434s] INFO:colcon.colcon_core.shell:Creating environment hook '/home/kirill/VNIIA/Projects/rover_ws_v2/src/install/velodyne_gazebo_plugins/share/velodyne_gazebo_plugins/hook/cmake_prefix_path.sh'
[0.435s] Level 1:colcon.colcon_core.environment:checking '/home/kirill/VNIIA/Projects/rover_ws_v2/src/install/velodyne_gazebo_plugins/lib'
[0.435s] Level 1:colcon.colcon_core.shell:create_environment_hook('velodyne_gazebo_plugins', 'ld_library_path_lib')
[0.435s] INFO:colcon.colcon_core.shell:Creating environment hook '/home/kirill/VNIIA/Projects/rover_ws_v2/src/install/velodyne_gazebo_plugins/share/velodyne_gazebo_plugins/hook/ld_library_path_lib.ps1'
[0.435s] INFO:colcon.colcon_core.shell:Creating environment descriptor '/home/kirill/VNIIA/Projects/rover_ws_v2/src/install/velodyne_gazebo_plugins/share/velodyne_gazebo_plugins/hook/ld_library_path_lib.dsv'
[0.435s] INFO:colcon.colcon_core.shell:Creating environment hook '/home/kirill/VNIIA/Projects/rover_ws_v2/src/install/velodyne_gazebo_plugins/share/velodyne_gazebo_plugins/hook/ld_library_path_lib.sh'
[0.435s] Level 1:colcon.colcon_core.environment:checking '/home/kirill/VNIIA/Projects/rover_ws_v2/src/install/velodyne_gazebo_plugins/bin'
[0.435s] Level 1:colcon.colcon_core.environment:checking '/home/kirill/VNIIA/Projects/rover_ws_v2/src/install/velodyne_gazebo_plugins/lib/pkgconfig/velodyne_gazebo_plugins.pc'
[0.436s] Level 1:colcon.colcon_core.environment:checking '/home/kirill/VNIIA/Projects/rover_ws_v2/src/install/velodyne_gazebo_plugins/lib/python3.10/site-packages'
[0.436s] Level 1:colcon.colcon_core.environment:checking '/home/kirill/VNIIA/Projects/rover_ws_v2/src/install/velodyne_gazebo_plugins/bin'
[0.436s] INFO:colcon.colcon_core.shell:Creating package script '/home/kirill/VNIIA/Projects/rover_ws_v2/src/install/velodyne_gazebo_plugins/share/velodyne_gazebo_plugins/package.ps1'
[0.436s] INFO:colcon.colcon_core.shell:Creating package descriptor '/home/kirill/VNIIA/Projects/rover_ws_v2/src/install/velodyne_gazebo_plugins/share/velodyne_gazebo_plugins/package.dsv'
[0.436s] INFO:colcon.colcon_core.shell:Creating package script '/home/kirill/VNIIA/Projects/rover_ws_v2/src/install/velodyne_gazebo_plugins/share/velodyne_gazebo_plugins/package.sh'
[0.437s] INFO:colcon.colcon_core.shell:Creating package script '/home/kirill/VNIIA/Projects/rover_ws_v2/src/install/velodyne_gazebo_plugins/share/velodyne_gazebo_plugins/package.bash'
[0.437s] INFO:colcon.colcon_core.shell:Creating package script '/home/kirill/VNIIA/Projects/rover_ws_v2/src/install/velodyne_gazebo_plugins/share/velodyne_gazebo_plugins/package.zsh'
[0.437s] Level 1:colcon.colcon_core.environment:create_file_with_runtime_dependencies(/home/kirill/VNIIA/Projects/rover_ws_v2/src/install/velodyne_gazebo_plugins/share/colcon-core/packages/velodyne_gazebo_plugins)
[0.437s] INFO:colcon.colcon_ros.task.ament_cmake.build:Building ROS package in '/home/kirill/VNIIA/Projects/rover_ws_v2/src/velodyne_simulator/velodyne_simulator' with build type 'ament_cmake'
[0.437s] INFO:colcon.colcon_cmake.task.cmake.build:Building CMake package in '/home/kirill/VNIIA/Projects/rover_ws_v2/src/velodyne_simulator/velodyne_simulator'
[0.438s] INFO:colcon.colcon_core.shell:Skip shell extension 'powershell' for command environment: Not usable outside of PowerShell
[0.438s] DEBUG:colcon.colcon_core.shell:Skip shell extension 'dsv' for command environment
[0.446s] DEBUG:colcon.colcon_core.event_handler.log_command:Invoking command in '/home/kirill/VNIIA/Projects/rover_ws_v2/src/build/velodyne_simulator': CMAKE_PREFIX_PATH=/home/kirill/VNIIA/Projects/rover_ws_v2/src/install/velodyne_gazebo_plugins:/home/kirill/VNIIA/Projects/rover_ws_v2/src/install/velodyne_description:/home/kirill/VNIIA/Projects/rover_ws_v2/src/install/velodyne_simulator:/home/kirill/VNIIA/Projects/rover_ws_v2/src/install/rover_description:/home/kirill/VNIIA/Projects/rover_ws_v2/src/install/ros2_control_wheeled_robot_hardware:/home/kirill/VNIIA/Projects/rover_ws_v2/install/velodyne_simulator:/home/kirill/VNIIA/Projects/rover_ws_v2/install/velodyne_gazebo_plugins:/home/kirill/VNIIA/Projects/rover_ws_v2/install/velodyne_description:/home/kirill/VNIIA/Projects/rover_ws_v2/install/rover_test_plugin:/home/kirill/VNIIA/Projects/rover_ws_v2/install/rover_slam:/home/kirill/VNIIA/Projects/rover_ws_v2/install/rover_description:/home/kirill/VNIIA/Projects/rover_ws_v2/install/ros2_control_wheeled_robot_hardware:/opt/ros/humble LD_LIBRARY_PATH=/home/kirill/VNIIA/Projects/rover_ws_v2/src/install/velodyne_gazebo_plugins/lib:/home/kirill/VNIIA/Projects/rover_ws_v2/install/velodyne_gazebo_plugins/lib:/usr/lib/x86_64-linux-gnu/gazebo-11/plugins:/opt/ros/humble/opt/rviz_ogre_vendor/lib:/opt/ros/humble/lib/x86_64-linux-gnu:/opt/ros/humble/lib:/usr/lib/x86_64-linux-gnu/gazebo-11/plugins /usr/bin/cmake --build /home/kirill/VNIIA/Projects/rover_ws_v2/src/build/velodyne_simulator -- -j8 -l8
[0.474s] DEBUG:colcon.colcon_core.event_handler.log_command:Invoked command in '/home/kirill/VNIIA/Projects/rover_ws_v2/src/build/velodyne_simulator' returned '0': CMAKE_PREFIX_PATH=/home/kirill/VNIIA/Projects/rover_ws_v2/src/install/velodyne_gazebo_plugins:/home/kirill/VNIIA/Projects/rover_ws_v2/src/install/velodyne_description:/home/kirill/VNIIA/Projects/rover_ws_v2/src/install/velodyne_simulator:/home/kirill/VNIIA/Projects/rover_ws_v2/src/install/rover_description:/home/kirill/VNIIA/Projects/rover_ws_v2/src/install/ros2_control_wheeled_robot_hardware:/home/kirill/VNIIA/Projects/rover_ws_v2/install/velodyne_simulator:/home/kirill/VNIIA/Projects/rover_ws_v2/install/velodyne_gazebo_plugins:/home/kirill/VNIIA/Projects/rover_ws_v2/install/velodyne_description:/home/kirill/VNIIA/Projects/rover_ws_v2/install/rover_test_plugin:/home/kirill/VNIIA/Projects/rover_ws_v2/install/rover_slam:/home/kirill/VNIIA/Projects/rover_ws_v2/install/rover_description:/home/kirill/VNIIA/Projects/rover_ws_v2/install/ros2_control_wheeled_robot_hardware:/opt/ros/humble LD_LIBRARY_PATH=/home/kirill/VNIIA/Projects/rover_ws_v2/src/install/velodyne_gazebo_plugins/lib:/home/kirill/VNIIA/Projects/rover_ws_v2/install/velodyne_gazebo_plugins/lib:/usr/lib/x86_64-linux-gnu/gazebo-11/plugins:/opt/ros/humble/opt/rviz_ogre_vendor/lib:/opt/ros/humble/lib/x86_64-linux-gnu:/opt/ros/humble/lib:/usr/lib/x86_64-linux-gnu/gazebo-11/plugins /usr/bin/cmake --build /home/kirill/VNIIA/Projects/rover_ws_v2/src/build/velodyne_simulator -- -j8 -l8
[0.475s] DEBUG:colcon.colcon_core.event_handler.log_command:Invoking command in '/home/kirill/VNIIA/Projects/rover_ws_v2/src/build/velodyne_simulator': CMAKE_PREFIX_PATH=/home/kirill/VNIIA/Projects/rover_ws_v2/src/install/velodyne_gazebo_plugins:/home/kirill/VNIIA/Projects/rover_ws_v2/src/install/velodyne_description:/home/kirill/VNIIA/Projects/rover_ws_v2/src/install/velodyne_simulator:/home/kirill/VNIIA/Projects/rover_ws_v2/src/install/rover_description:/home/kirill/VNIIA/Projects/rover_ws_v2/src/install/ros2_control_wheeled_robot_hardware:/home/kirill/VNIIA/Projects/rover_ws_v2/install/velodyne_simulator:/home/kirill/VNIIA/Projects/rover_ws_v2/install/velodyne_gazebo_plugins:/home/kirill/VNIIA/Projects/rover_ws_v2/install/velodyne_description:/home/kirill/VNIIA/Projects/rover_ws_v2/install/rover_test_plugin:/home/kirill/VNIIA/Projects/rover_ws_v2/install/rover_slam:/home/kirill/VNIIA/Projects/rover_ws_v2/install/rover_description:/home/kirill/VNIIA/Projects/rover_ws_v2/install/ros2_control_wheeled_robot_hardware:/opt/ros/humble LD_LIBRARY_PATH=/home/kirill/VNIIA/Projects/rover_ws_v2/src/install/velodyne_gazebo_plugins/lib:/home/kirill/VNIIA/Projects/rover_ws_v2/install/velodyne_gazebo_plugins/lib:/usr/lib/x86_64-linux-gnu/gazebo-11/plugins:/opt/ros/humble/opt/rviz_ogre_vendor/lib:/opt/ros/humble/lib/x86_64-linux-gnu:/opt/ros/humble/lib:/usr/lib/x86_64-linux-gnu/gazebo-11/plugins /usr/bin/cmake --install /home/kirill/VNIIA/Projects/rover_ws_v2/src/build/velodyne_simulator
[0.482s] Level 1:colcon.colcon_core.environment:create_environment_scripts_only(velodyne_simulator)
[0.483s] Level 1:colcon.colcon_core.environment:checking '/home/kirill/VNIIA/Projects/rover_ws_v2/src/install/velodyne_simulator' for CMake module files
[0.483s] DEBUG:colcon.colcon_core.event_handler.log_command:Invoked command in '/home/kirill/VNIIA/Projects/rover_ws_v2/src/build/velodyne_simulator' returned '0': CMAKE_PREFIX_PATH=/home/kirill/VNIIA/Projects/rover_ws_v2/src/install/velodyne_gazebo_plugins:/home/kirill/VNIIA/Projects/rover_ws_v2/src/install/velodyne_description:/home/kirill/VNIIA/Projects/rover_ws_v2/src/install/velodyne_simulator:/home/kirill/VNIIA/Projects/rover_ws_v2/src/install/rover_description:/home/kirill/VNIIA/Projects/rover_ws_v2/src/install/ros2_control_wheeled_robot_hardware:/home/kirill/VNIIA/Projects/rover_ws_v2/install/velodyne_simulator:/home/kirill/VNIIA/Projects/rover_ws_v2/install/velodyne_gazebo_plugins:/home/kirill/VNIIA/Projects/rover_ws_v2/install/velodyne_description:/home/kirill/VNIIA/Projects/rover_ws_v2/install/rover_test_plugin:/home/kirill/VNIIA/Projects/rover_ws_v2/install/rover_slam:/home/kirill/VNIIA/Projects/rover_ws_v2/install/rover_description:/home/kirill/VNIIA/Projects/rover_ws_v2/install/ros2_control_wheeled_robot_hardware:/opt/ros/humble LD_LIBRARY_PATH=/home/kirill/VNIIA/Projects/rover_ws_v2/src/install/velodyne_gazebo_plugins/lib:/home/kirill/VNIIA/Projects/rover_ws_v2/install/velodyne_gazebo_plugins/lib:/usr/lib/x86_64-linux-gnu/gazebo-11/plugins:/opt/ros/humble/opt/rviz_ogre_vendor/lib:/opt/ros/humble/lib/x86_64-linux-gnu:/opt/ros/humble/lib:/usr/lib/x86_64-linux-gnu/gazebo-11/plugins /usr/bin/cmake --install /home/kirill/VNIIA/Projects/rover_ws_v2/src/build/velodyne_simulator
[0.483s] Level 1:colcon.colcon_core.environment:checking '/home/kirill/VNIIA/Projects/rover_ws_v2/src/install/velodyne_simulator' for CMake config files
[0.484s] Level 1:colcon.colcon_core.shell:create_environment_hook('velodyne_simulator', 'cmake_prefix_path')
[0.484s] INFO:colcon.colcon_core.shell:Creating environment hook '/home/kirill/VNIIA/Projects/rover_ws_v2/src/install/velodyne_simulator/share/velodyne_simulator/hook/cmake_prefix_path.ps1'
[0.484s] INFO:colcon.colcon_core.shell:Creating environment descriptor '/home/kirill/VNIIA/Projects/rover_ws_v2/src/install/velodyne_simulator/share/velodyne_simulator/hook/cmake_prefix_path.dsv'
[0.484s] INFO:colcon.colcon_core.shell:Creating environment hook '/home/kirill/VNIIA/Projects/rover_ws_v2/src/install/velodyne_simulator/share/velodyne_simulator/hook/cmake_prefix_path.sh'
[0.485s] Level 1:colcon.colcon_core.environment:checking '/home/kirill/VNIIA/Projects/rover_ws_v2/src/install/velodyne_simulator/bin'
[0.485s] Level 1:colcon.colcon_core.environment:checking '/home/kirill/VNIIA/Projects/rover_ws_v2/src/install/velodyne_simulator/lib/pkgconfig/velodyne_simulator.pc'
[0.485s] Level 1:colcon.colcon_core.environment:checking '/home/kirill/VNIIA/Projects/rover_ws_v2/src/install/velodyne_simulator/lib/python3.10/site-packages'
[0.485s] Level 1:colcon.colcon_core.environment:checking '/home/kirill/VNIIA/Projects/rover_ws_v2/src/install/velodyne_simulator/bin'
[0.485s] INFO:colcon.colcon_core.shell:Creating package script '/home/kirill/VNIIA/Projects/rover_ws_v2/src/install/velodyne_simulator/share/velodyne_simulator/package.ps1'
[0.485s] INFO:colcon.colcon_core.shell:Creating package descriptor '/home/kirill/VNIIA/Projects/rover_ws_v2/src/install/velodyne_simulator/share/velodyne_simulator/package.dsv'
[0.486s] INFO:colcon.colcon_core.shell:Creating package script '/home/kirill/VNIIA/Projects/rover_ws_v2/src/install/velodyne_simulator/share/velodyne_simulator/package.sh'
[0.486s] INFO:colcon.colcon_core.shell:Creating package script '/home/kirill/VNIIA/Projects/rover_ws_v2/src/install/velodyne_simulator/share/velodyne_simulator/package.bash'
[0.486s] INFO:colcon.colcon_core.shell:Creating package script '/home/kirill/VNIIA/Projects/rover_ws_v2/src/install/velodyne_simulator/share/velodyne_simulator/package.zsh'
[0.486s] Level 1:colcon.colcon_core.environment:create_file_with_runtime_dependencies(/home/kirill/VNIIA/Projects/rover_ws_v2/src/install/velodyne_simulator/share/colcon-core/packages/velodyne_simulator)
[0.487s] Level 1:colcon.colcon_core.environment:create_environment_scripts_only(velodyne_simulator)
[0.487s] Level 1:colcon.colcon_core.environment:checking '/home/kirill/VNIIA/Projects/rover_ws_v2/src/install/velodyne_simulator' for CMake module files
[0.487s] Level 1:colcon.colcon_core.environment:checking '/home/kirill/VNIIA/Projects/rover_ws_v2/src/install/velodyne_simulator' for CMake config files
[0.487s] Level 1:colcon.colcon_core.shell:create_environment_hook('velodyne_simulator', 'cmake_prefix_path')
[0.487s] INFO:colcon.colcon_core.shell:Creating environment hook '/home/kirill/VNIIA/Projects/rover_ws_v2/src/install/velodyne_simulator/share/velodyne_simulator/hook/cmake_prefix_path.ps1'
[0.488s] INFO:colcon.colcon_core.shell:Creating environment descriptor '/home/kirill/VNIIA/Projects/rover_ws_v2/src/install/velodyne_simulator/share/velodyne_simulator/hook/cmake_prefix_path.dsv'
[0.488s] INFO:colcon.colcon_core.shell:Creating environment hook '/home/kirill/VNIIA/Projects/rover_ws_v2/src/install/velodyne_simulator/share/velodyne_simulator/hook/cmake_prefix_path.sh'
[0.488s] Level 1:colcon.colcon_core.environment:checking '/home/kirill/VNIIA/Projects/rover_ws_v2/src/install/velodyne_simulator/bin'
[0.488s] Level 1:colcon.colcon_core.environment:checking '/home/kirill/VNIIA/Projects/rover_ws_v2/src/install/velodyne_simulator/lib/pkgconfig/velodyne_simulator.pc'
[0.488s] Level 1:colcon.colcon_core.environment:checking '/home/kirill/VNIIA/Projects/rover_ws_v2/src/install/velodyne_simulator/lib/python3.10/site-packages'
[0.488s] Level 1:colcon.colcon_core.environment:checking '/home/kirill/VNIIA/Projects/rover_ws_v2/src/install/velodyne_simulator/bin'
[0.489s] INFO:colcon.colcon_core.shell:Creating package script '/home/kirill/VNIIA/Projects/rover_ws_v2/src/install/velodyne_simulator/share/velodyne_simulator/package.ps1'
[0.489s] INFO:colcon.colcon_core.shell:Creating package descriptor '/home/kirill/VNIIA/Projects/rover_ws_v2/src/install/velodyne_simulator/share/velodyne_simulator/package.dsv'
[0.489s] INFO:colcon.colcon_core.shell:Creating package script '/home/kirill/VNIIA/Projects/rover_ws_v2/src/install/velodyne_simulator/share/velodyne_simulator/package.sh'
[0.489s] INFO:colcon.colcon_core.shell:Creating package script '/home/kirill/VNIIA/Projects/rover_ws_v2/src/install/velodyne_simulator/share/velodyne_simulator/package.bash'
[0.490s] INFO:colcon.colcon_core.shell:Creating package script '/home/kirill/VNIIA/Projects/rover_ws_v2/src/install/velodyne_simulator/share/velodyne_simulator/package.zsh'
[0.490s] Level 1:colcon.colcon_core.environment:create_file_with_runtime_dependencies(/home/kirill/VNIIA/Projects/rover_ws_v2/src/install/velodyne_simulator/share/colcon-core/packages/velodyne_simulator)
[0.490s] DEBUG:colcon.colcon_parallel_executor.executor.parallel:closing loop
[0.490s] DEBUG:colcon.colcon_parallel_executor.executor.parallel:loop closed
[0.490s] DEBUG:colcon.colcon_parallel_executor.executor.parallel:run_until_complete finished with '0'
[0.490s] DEBUG:colcon.colcon_core.event_reactor:joining thread
[0.494s] INFO:colcon.colcon_core.plugin_system:Skipping extension 'colcon_notification.desktop_notification.terminal_notifier': Not used on non-Darwin systems
[0.494s] INFO:colcon.colcon_core.plugin_system:Skipping extension 'colcon_notification.desktop_notification.win32': Not used on non-Windows systems
[0.494s] INFO:colcon.colcon_notification.desktop_notification:Sending desktop notification using 'notify2'
[0.503s] DEBUG:colcon.colcon_core.event_reactor:joined thread
[0.503s] INFO:colcon.colcon_core.shell:Creating prefix script '/home/kirill/VNIIA/Projects/rover_ws_v2/src/install/local_setup.ps1'
[0.504s] INFO:colcon.colcon_core.shell:Creating prefix util module '/home/kirill/VNIIA/Projects/rover_ws_v2/src/install/_local_setup_util_ps1.py'
[0.505s] INFO:colcon.colcon_core.shell:Creating prefix chain script '/home/kirill/VNIIA/Projects/rover_ws_v2/src/install/setup.ps1'
[0.506s] INFO:colcon.colcon_core.shell:Creating prefix script '/home/kirill/VNIIA/Projects/rover_ws_v2/src/install/local_setup.sh'
[0.507s] INFO:colcon.colcon_core.shell:Creating prefix util module '/home/kirill/VNIIA/Projects/rover_ws_v2/src/install/_local_setup_util_sh.py'
[0.507s] INFO:colcon.colcon_core.shell:Creating prefix chain script '/home/kirill/VNIIA/Projects/rover_ws_v2/src/install/setup.sh'
[0.508s] INFO:colcon.colcon_core.shell:Creating prefix script '/home/kirill/VNIIA/Projects/rover_ws_v2/src/install/local_setup.bash'
[0.508s] INFO:colcon.colcon_core.shell:Creating prefix chain script '/home/kirill/VNIIA/Projects/rover_ws_v2/src/install/setup.bash'
[0.509s] INFO:colcon.colcon_core.shell:Creating prefix script '/home/kirill/VNIIA/Projects/rover_ws_v2/src/install/local_setup.zsh'
[0.509s] INFO:colcon.colcon_core.shell:Creating prefix chain script '/home/kirill/VNIIA/Projects/rover_ws_v2/src/install/setup.zsh'
