[0.014s] Invoking command in '/home/kirill/VNIIA/Projects/rover_ws_v2/src/build/velodyne_description': CMAKE_PREFIX_PATH=${CMAKE_PREFIX_PATH}:/opt/ros/humble /usr/bin/cmake /home/kirill/VNIIA/Projects/rover_ws_v2/src/velodyne_simulator/velodyne_description -DCMAKE_INSTALL_PREFIX=/home/kirill/VNIIA/Projects/rover_ws_v2/src/install/velodyne_description
[0.061s] -- The C compiler identification is GNU 11.4.0
[0.101s] -- The CXX compiler identification is GNU 11.4.0
[0.105s] -- Detecting C compiler ABI info
[0.159s] -- Detecting C compiler ABI info - done
[0.164s] -- Check for working C compiler: /usr/bin/cc - skipped
[0.165s] -- Detecting C compile features
[0.165s] -- Detecting C compile features - done
[0.167s] -- Detecting CXX compiler ABI info
[0.221s] -- Detecting CXX compiler ABI info - done
[0.226s] -- Check for working CXX compiler: /usr/bin/c++ - skipped
[0.226s] -- Detecting CXX compile features
[0.227s] -- Detecting CXX compile features - done
[0.229s] -- Found ament_cmake: 1.3.11 (/opt/ros/humble/share/ament_cmake/cmake)
[0.347s] -- Found Python3: /usr/bin/python3 (found version "3.10.12") found components: Interpreter 
[0.503s] -- Configuring done
[0.505s] -- Generating done
[0.506s] -- Build files have been written to: /home/kirill/VNIIA/Projects/rover_ws_v2/src/build/velodyne_description
[0.510s] Invoked command in '/home/kirill/VNIIA/Projects/rover_ws_v2/src/build/velodyne_description' returned '0': CMAKE_PREFIX_PATH=${CMAKE_PREFIX_PATH}:/opt/ros/humble /usr/bin/cmake /home/kirill/VNIIA/Projects/rover_ws_v2/src/velodyne_simulator/velodyne_description -DCMAKE_INSTALL_PREFIX=/home/kirill/VNIIA/Projects/rover_ws_v2/src/install/velodyne_description
[0.512s] Invoking command in '/home/kirill/VNIIA/Projects/rover_ws_v2/src/build/velodyne_description': CMAKE_PREFIX_PATH=${CMAKE_PREFIX_PATH}:/opt/ros/humble /usr/bin/cmake --build /home/kirill/VNIIA/Projects/rover_ws_v2/src/build/velodyne_description -- -j8 -l8
[0.546s] Invoked command in '/home/kirill/VNIIA/Projects/rover_ws_v2/src/build/velodyne_description' returned '0': CMAKE_PREFIX_PATH=${CMAKE_PREFIX_PATH}:/opt/ros/humble /usr/bin/cmake --build /home/kirill/VNIIA/Projects/rover_ws_v2/src/build/velodyne_description -- -j8 -l8
[0.555s] Invoking command in '/home/kirill/VNIIA/Projects/rover_ws_v2/src/build/velodyne_description': CMAKE_PREFIX_PATH=${CMAKE_PREFIX_PATH}:/opt/ros/humble /usr/bin/cmake --install /home/kirill/VNIIA/Projects/rover_ws_v2/src/build/velodyne_description
[0.560s] -- Install configuration: ""
[0.561s] -- Installing: /home/kirill/VNIIA/Projects/rover_ws_v2/src/install/velodyne_description/share/ament_index/resource_index/package_run_dependencies/velodyne_description
[0.561s] -- Installing: /home/kirill/VNIIA/Projects/rover_ws_v2/src/install/velodyne_description/share/ament_index/resource_index/parent_prefix_path/velodyne_description
[0.561s] -- Installing: /home/kirill/VNIIA/Projects/rover_ws_v2/src/install/velodyne_description/share/velodyne_description/environment/ament_prefix_path.sh
[0.561s] -- Installing: /home/kirill/VNIIA/Projects/rover_ws_v2/src/install/velodyne_description/share/velodyne_description/environment/ament_prefix_path.dsv
[0.561s] -- Installing: /home/kirill/VNIIA/Projects/rover_ws_v2/src/install/velodyne_description/share/velodyne_description/environment/path.sh
[0.561s] -- Installing: /home/kirill/VNIIA/Projects/rover_ws_v2/src/install/velodyne_description/share/velodyne_description/environment/path.dsv
[0.561s] -- Installing: /home/kirill/VNIIA/Projects/rover_ws_v2/src/install/velodyne_description/share/velodyne_description/local_setup.bash
[0.561s] -- Installing: /home/kirill/VNIIA/Projects/rover_ws_v2/src/install/velodyne_description/share/velodyne_description/local_setup.sh
[0.562s] -- Installing: /home/kirill/VNIIA/Projects/rover_ws_v2/src/install/velodyne_description/share/velodyne_description/local_setup.zsh
[0.562s] -- Installing: /home/kirill/VNIIA/Projects/rover_ws_v2/src/install/velodyne_description/share/velodyne_description/local_setup.dsv
[0.562s] -- Installing: /home/kirill/VNIIA/Projects/rover_ws_v2/src/install/velodyne_description/share/velodyne_description/package.dsv
[0.562s] -- Installing: /home/kirill/VNIIA/Projects/rover_ws_v2/src/install/velodyne_description/share/ament_index/resource_index/packages/velodyne_description
[0.562s] -- Installing: /home/kirill/VNIIA/Projects/rover_ws_v2/src/install/velodyne_description/share/velodyne_description/cmake/velodyne_descriptionConfig.cmake
[0.562s] -- Installing: /home/kirill/VNIIA/Projects/rover_ws_v2/src/install/velodyne_description/share/velodyne_description/cmake/velodyne_descriptionConfig-version.cmake
[0.562s] -- Installing: /home/kirill/VNIIA/Projects/rover_ws_v2/src/install/velodyne_description/share/velodyne_description/package.xml
[0.562s] -- Installing: /home/kirill/VNIIA/Projects/rover_ws_v2/src/install/velodyne_description/share/velodyne_description/launch
[0.562s] -- Installing: /home/kirill/VNIIA/Projects/rover_ws_v2/src/install/velodyne_description/share/velodyne_description/launch/example-launch.py
[0.563s] -- Installing: /home/kirill/VNIIA/Projects/rover_ws_v2/src/install/velodyne_description/share/velodyne_description/meshes
[0.563s] -- Installing: /home/kirill/VNIIA/Projects/rover_ws_v2/src/install/velodyne_description/share/velodyne_description/meshes/VLP16_scan.stl
[0.563s] -- Installing: /home/kirill/VNIIA/Projects/rover_ws_v2/src/install/velodyne_description/share/velodyne_description/meshes/HDL32E_scan.stl
[0.563s] -- Installing: /home/kirill/VNIIA/Projects/rover_ws_v2/src/install/velodyne_description/share/velodyne_description/meshes/VLP16_base_1.stl
[0.565s] -- Installing: /home/kirill/VNIIA/Projects/rover_ws_v2/src/install/velodyne_description/share/velodyne_description/meshes/HDL32E_base.stl
[0.565s] -- Installing: /home/kirill/VNIIA/Projects/rover_ws_v2/src/install/velodyne_description/share/velodyne_description/meshes/VLP16_base_1.dae
[0.565s] -- Installing: /home/kirill/VNIIA/Projects/rover_ws_v2/src/install/velodyne_description/share/velodyne_description/meshes/VLP16_base_2.dae
[0.566s] -- Installing: /home/kirill/VNIIA/Projects/rover_ws_v2/src/install/velodyne_description/share/velodyne_description/meshes/VLP16_base_2.stl
[0.566s] -- Installing: /home/kirill/VNIIA/Projects/rover_ws_v2/src/install/velodyne_description/share/velodyne_description/meshes/HDL32E_base.dae
[0.567s] -- Installing: /home/kirill/VNIIA/Projects/rover_ws_v2/src/install/velodyne_description/share/velodyne_description/meshes/HDL32E_scan.dae
[0.568s] -- Installing: /home/kirill/VNIIA/Projects/rover_ws_v2/src/install/velodyne_description/share/velodyne_description/meshes/VLP16_scan.dae
[0.568s] -- Installing: /home/kirill/VNIIA/Projects/rover_ws_v2/src/install/velodyne_description/share/velodyne_description/rviz
[0.568s] -- Installing: /home/kirill/VNIIA/Projects/rover_ws_v2/src/install/velodyne_description/share/velodyne_description/rviz/example.rviz
[0.568s] -- Installing: /home/kirill/VNIIA/Projects/rover_ws_v2/src/install/velodyne_description/share/velodyne_description/urdf
[0.568s] -- Installing: /home/kirill/VNIIA/Projects/rover_ws_v2/src/install/velodyne_description/share/velodyne_description/urdf/example.urdf.xacro
[0.569s] -- Installing: /home/kirill/VNIIA/Projects/rover_ws_v2/src/install/velodyne_description/share/velodyne_description/urdf/HDL-32E.urdf.xacro
[0.569s] -- Installing: /home/kirill/VNIIA/Projects/rover_ws_v2/src/install/velodyne_description/share/velodyne_description/urdf/VLP-32C.urdf.xacro
[0.569s] -- Installing: /home/kirill/VNIIA/Projects/rover_ws_v2/src/install/velodyne_description/share/velodyne_description/urdf/VLP-16.urdf.xacro
[0.569s] -- Installing: /home/kirill/VNIIA/Projects/rover_ws_v2/src/install/velodyne_description/share/velodyne_description/world
[0.569s] -- Installing: /home/kirill/VNIIA/Projects/rover_ws_v2/src/install/velodyne_description/share/velodyne_description/world/example.world
[0.572s] Invoked command in '/home/kirill/VNIIA/Projects/rover_ws_v2/src/build/velodyne_description' returned '0': CMAKE_PREFIX_PATH=${CMAKE_PREFIX_PATH}:/opt/ros/humble /usr/bin/cmake --install /home/kirill/VNIIA/Projects/rover_ws_v2/src/build/velodyne_description
