[0.082s] DEBUG:colcon:Command line arguments: ['/usr/bin/colcon', 'build']
[0.082s] DEBUG:colcon:Parsed command line arguments: Namespace(log_base=None, log_level=None, verb_name='build', build_base='build', install_base='install', merge_install=False, symlink_install=False, test_result_base=None, continue_on_error=False, executor='parallel', parallel_workers=8, event_handlers=None, ignore_user_meta=False, metas=['./colcon.meta'], base_paths=['.'], packages_ignore=None, packages_ignore_regex=None, paths=None, packages_up_to=None, packages_up_to_regex=None, packages_above=None, packages_above_and_dependencies=None, packages_above_depth=None, packages_select_by_dep=None, packages_skip_by_dep=None, packages_skip_up_to=None, packages_select_build_failed=False, packages_skip_build_finished=False, packages_select_test_failures=False, packages_skip_test_passed=False, packages_select=None, packages_skip=None, packages_select_regex=None, packages_skip_regex=None, packages_start=None, packages_end=None, allow_overriding=[], cmake_args=None, cmake_target=None, cmake_target_skip_unavailable=False, cmake_clean_cache=False, cmake_clean_first=False, cmake_force_configure=False, ament_cmake_args=None, catkin_cmake_args=None, catkin_skip_building_tests=False, mixin_files=None, mixin=None, verb_parser=<colcon_mixin.mixin.mixin_argument.MixinArgumentDecorator object at 0x79866f4fb310>, verb_extension=<colcon_core.verb.build.BuildVerb object at 0x79866f673d30>, main=<bound method BuildVerb.main of <colcon_core.verb.build.BuildVerb object at 0x79866f673d30>>, mixin_verb=('build',))
[0.204s] Level 1:colcon.colcon_core.package_discovery:discover_packages(colcon_meta) check parameters
[0.204s] Level 1:colcon.colcon_core.package_discovery:discover_packages(recursive) check parameters
[0.205s] Level 1:colcon.colcon_core.package_discovery:discover_packages(ignore) check parameters
[0.205s] Level 1:colcon.colcon_core.package_discovery:discover_packages(path) check parameters
[0.205s] Level 1:colcon.colcon_core.package_discovery:discover_packages(colcon_meta) discover
[0.205s] Level 1:colcon.colcon_core.package_discovery:discover_packages(recursive) discover
[0.205s] INFO:colcon.colcon_core.package_discovery:Crawling recursively for packages in '/home/kirill/VNIIA/Projects/rover_ws_v2/src'
[0.205s] Level 1:colcon.colcon_core.package_identification:_identify(.) by extensions ['ignore', 'ignore_ament_install']
[0.205s] Level 1:colcon.colcon_core.package_identification:_identify(.) by extension 'ignore'
[0.205s] Level 1:colcon.colcon_core.package_identification:_identify(.) by extension 'ignore_ament_install'
[0.205s] Level 1:colcon.colcon_core.package_identification:_identify(.) by extensions ['colcon_pkg']
[0.205s] Level 1:colcon.colcon_core.package_identification:_identify(.) by extension 'colcon_pkg'
[0.205s] Level 1:colcon.colcon_core.package_identification:_identify(.) by extensions ['colcon_meta']
[0.205s] Level 1:colcon.colcon_core.package_identification:_identify(.) by extension 'colcon_meta'
[0.205s] Level 1:colcon.colcon_core.package_identification:_identify(.) by extensions ['ros']
[0.205s] Level 1:colcon.colcon_core.package_identification:_identify(.) by extension 'ros'
[0.212s] Level 1:colcon.colcon_core.package_identification:_identify(.) by extensions ['cmake', 'python']
[0.213s] Level 1:colcon.colcon_core.package_identification:_identify(.) by extension 'cmake'
[0.213s] Level 1:colcon.colcon_core.package_identification:_identify(.) by extension 'python'
[0.213s] Level 1:colcon.colcon_core.package_identification:_identify(.) by extensions ['python_setup_py']
[0.213s] Level 1:colcon.colcon_core.package_identification:_identify(.) by extension 'python_setup_py'
[0.213s] Level 1:colcon.colcon_core.package_identification:_identify(build) by extensions ['ignore', 'ignore_ament_install']
[0.213s] Level 1:colcon.colcon_core.package_identification:_identify(build) by extension 'ignore'
[0.213s] Level 1:colcon.colcon_core.package_identification:_identify(build) ignored
[0.213s] Level 1:colcon.colcon_core.package_identification:_identify(install) by extensions ['ignore', 'ignore_ament_install']
[0.213s] Level 1:colcon.colcon_core.package_identification:_identify(install) by extension 'ignore'
[0.213s] Level 1:colcon.colcon_core.package_identification:_identify(install) ignored
[0.213s] Level 1:colcon.colcon_core.package_identification:_identify(log) by extensions ['ignore', 'ignore_ament_install']
[0.213s] Level 1:colcon.colcon_core.package_identification:_identify(log) by extension 'ignore'
[0.213s] Level 1:colcon.colcon_core.package_identification:_identify(log) ignored
[0.213s] Level 1:colcon.colcon_core.package_identification:_identify(ros2_control_wheeled_robot_hardware) by extensions ['ignore', 'ignore_ament_install']
[0.213s] Level 1:colcon.colcon_core.package_identification:_identify(ros2_control_wheeled_robot_hardware) by extension 'ignore'
[0.213s] Level 1:colcon.colcon_core.package_identification:_identify(ros2_control_wheeled_robot_hardware) by extension 'ignore_ament_install'
[0.213s] Level 1:colcon.colcon_core.package_identification:_identify(ros2_control_wheeled_robot_hardware) by extensions ['colcon_pkg']
[0.213s] Level 1:colcon.colcon_core.package_identification:_identify(ros2_control_wheeled_robot_hardware) by extension 'colcon_pkg'
[0.213s] Level 1:colcon.colcon_core.package_identification:_identify(ros2_control_wheeled_robot_hardware) by extensions ['colcon_meta']
[0.213s] Level 1:colcon.colcon_core.package_identification:_identify(ros2_control_wheeled_robot_hardware) by extension 'colcon_meta'
[0.213s] Level 1:colcon.colcon_core.package_identification:_identify(ros2_control_wheeled_robot_hardware) by extensions ['ros']
[0.213s] Level 1:colcon.colcon_core.package_identification:_identify(ros2_control_wheeled_robot_hardware) by extension 'ros'
[0.215s] DEBUG:colcon.colcon_core.package_identification:Package 'ros2_control_wheeled_robot_hardware' with type 'ros.ament_cmake' and name 'ros2_control_wheeled_robot_hardware'
[0.215s] Level 1:colcon.colcon_core.package_identification:_identify(rover_description) by extensions ['ignore', 'ignore_ament_install']
[0.223s] Level 1:colcon.colcon_core.package_identification:_identify(rover_description) by extension 'ignore'
[0.223s] Level 1:colcon.colcon_core.package_identification:_identify(rover_description) by extension 'ignore_ament_install'
[0.223s] Level 1:colcon.colcon_core.package_identification:_identify(rover_description) by extensions ['colcon_pkg']
[0.223s] Level 1:colcon.colcon_core.package_identification:_identify(rover_description) by extension 'colcon_pkg'
[0.223s] Level 1:colcon.colcon_core.package_identification:_identify(rover_description) by extensions ['colcon_meta']
[0.223s] Level 1:colcon.colcon_core.package_identification:_identify(rover_description) by extension 'colcon_meta'
[0.223s] Level 1:colcon.colcon_core.package_identification:_identify(rover_description) by extensions ['ros']
[0.223s] Level 1:colcon.colcon_core.package_identification:_identify(rover_description) by extension 'ros'
[0.224s] DEBUG:colcon.colcon_core.package_identification:Package 'rover_description' with type 'ros.ament_cmake' and name 'rover_description'
[0.224s] Level 1:colcon.colcon_core.package_identification:_identify(velodyne_simulator) by extensions ['ignore', 'ignore_ament_install']
[0.224s] Level 1:colcon.colcon_core.package_identification:_identify(velodyne_simulator) by extension 'ignore'
[0.224s] Level 1:colcon.colcon_core.package_identification:_identify(velodyne_simulator) by extension 'ignore_ament_install'
[0.224s] Level 1:colcon.colcon_core.package_identification:_identify(velodyne_simulator) by extensions ['colcon_pkg']
[0.224s] Level 1:colcon.colcon_core.package_identification:_identify(velodyne_simulator) by extension 'colcon_pkg'
[0.224s] Level 1:colcon.colcon_core.package_identification:_identify(velodyne_simulator) by extensions ['colcon_meta']
[0.224s] Level 1:colcon.colcon_core.package_identification:_identify(velodyne_simulator) by extension 'colcon_meta'
[0.224s] Level 1:colcon.colcon_core.package_identification:_identify(velodyne_simulator) by extensions ['ros']
[0.224s] Level 1:colcon.colcon_core.package_identification:_identify(velodyne_simulator) by extension 'ros'
[0.224s] Level 1:colcon.colcon_core.package_identification:_identify(velodyne_simulator) by extensions ['cmake', 'python']
[0.224s] Level 1:colcon.colcon_core.package_identification:_identify(velodyne_simulator) by extension 'cmake'
[0.224s] Level 1:colcon.colcon_core.package_identification:_identify(velodyne_simulator) by extension 'python'
[0.224s] Level 1:colcon.colcon_core.package_identification:_identify(velodyne_simulator) by extensions ['python_setup_py']
[0.224s] Level 1:colcon.colcon_core.package_identification:_identify(velodyne_simulator) by extension 'python_setup_py'
[0.224s] Level 1:colcon.colcon_core.package_identification:_identify(velodyne_simulator/img) by extensions ['ignore', 'ignore_ament_install']
[0.224s] Level 1:colcon.colcon_core.package_identification:_identify(velodyne_simulator/img) by extension 'ignore'
[0.224s] Level 1:colcon.colcon_core.package_identification:_identify(velodyne_simulator/img) by extension 'ignore_ament_install'
[0.224s] Level 1:colcon.colcon_core.package_identification:_identify(velodyne_simulator/img) by extensions ['colcon_pkg']
[0.225s] Level 1:colcon.colcon_core.package_identification:_identify(velodyne_simulator/img) by extension 'colcon_pkg'
[0.225s] Level 1:colcon.colcon_core.package_identification:_identify(velodyne_simulator/img) by extensions ['colcon_meta']
[0.225s] Level 1:colcon.colcon_core.package_identification:_identify(velodyne_simulator/img) by extension 'colcon_meta'
[0.225s] Level 1:colcon.colcon_core.package_identification:_identify(velodyne_simulator/img) by extensions ['ros']
[0.225s] Level 1:colcon.colcon_core.package_identification:_identify(velodyne_simulator/img) by extension 'ros'
[0.225s] Level 1:colcon.colcon_core.package_identification:_identify(velodyne_simulator/img) by extensions ['cmake', 'python']
[0.225s] Level 1:colcon.colcon_core.package_identification:_identify(velodyne_simulator/img) by extension 'cmake'
[0.225s] Level 1:colcon.colcon_core.package_identification:_identify(velodyne_simulator/img) by extension 'python'
[0.225s] Level 1:colcon.colcon_core.package_identification:_identify(velodyne_simulator/img) by extensions ['python_setup_py']
[0.225s] Level 1:colcon.colcon_core.package_identification:_identify(velodyne_simulator/img) by extension 'python_setup_py'
[0.225s] Level 1:colcon.colcon_core.package_identification:_identify(velodyne_simulator/velodyne_description) by extensions ['ignore', 'ignore_ament_install']
[0.225s] Level 1:colcon.colcon_core.package_identification:_identify(velodyne_simulator/velodyne_description) by extension 'ignore'
[0.225s] Level 1:colcon.colcon_core.package_identification:_identify(velodyne_simulator/velodyne_description) by extension 'ignore_ament_install'
[0.225s] Level 1:colcon.colcon_core.package_identification:_identify(velodyne_simulator/velodyne_description) by extensions ['colcon_pkg']
[0.225s] Level 1:colcon.colcon_core.package_identification:_identify(velodyne_simulator/velodyne_description) by extension 'colcon_pkg'
[0.225s] Level 1:colcon.colcon_core.package_identification:_identify(velodyne_simulator/velodyne_description) by extensions ['colcon_meta']
[0.225s] Level 1:colcon.colcon_core.package_identification:_identify(velodyne_simulator/velodyne_description) by extension 'colcon_meta'
[0.225s] Level 1:colcon.colcon_core.package_identification:_identify(velodyne_simulator/velodyne_description) by extensions ['ros']
[0.225s] Level 1:colcon.colcon_core.package_identification:_identify(velodyne_simulator/velodyne_description) by extension 'ros'
[0.225s] DEBUG:colcon.colcon_core.package_identification:Package 'velodyne_simulator/velodyne_description' with type 'ros.ament_cmake' and name 'velodyne_description'
[0.225s] Level 1:colcon.colcon_core.package_identification:_identify(velodyne_simulator/velodyne_gazebo_plugins) by extensions ['ignore', 'ignore_ament_install']
[0.225s] Level 1:colcon.colcon_core.package_identification:_identify(velodyne_simulator/velodyne_gazebo_plugins) by extension 'ignore'
[0.225s] Level 1:colcon.colcon_core.package_identification:_identify(velodyne_simulator/velodyne_gazebo_plugins) by extension 'ignore_ament_install'
[0.225s] Level 1:colcon.colcon_core.package_identification:_identify(velodyne_simulator/velodyne_gazebo_plugins) by extensions ['colcon_pkg']
[0.225s] Level 1:colcon.colcon_core.package_identification:_identify(velodyne_simulator/velodyne_gazebo_plugins) by extension 'colcon_pkg'
[0.226s] Level 1:colcon.colcon_core.package_identification:_identify(velodyne_simulator/velodyne_gazebo_plugins) by extensions ['colcon_meta']
[0.226s] Level 1:colcon.colcon_core.package_identification:_identify(velodyne_simulator/velodyne_gazebo_plugins) by extension 'colcon_meta'
[0.226s] Level 1:colcon.colcon_core.package_identification:_identify(velodyne_simulator/velodyne_gazebo_plugins) by extensions ['ros']
[0.226s] Level 1:colcon.colcon_core.package_identification:_identify(velodyne_simulator/velodyne_gazebo_plugins) by extension 'ros'
[0.226s] DEBUG:colcon.colcon_core.package_identification:Package 'velodyne_simulator/velodyne_gazebo_plugins' with type 'ros.ament_cmake' and name 'velodyne_gazebo_plugins'
[0.226s] Level 1:colcon.colcon_core.package_identification:_identify(velodyne_simulator/velodyne_simulator) by extensions ['ignore', 'ignore_ament_install']
[0.226s] Level 1:colcon.colcon_core.package_identification:_identify(velodyne_simulator/velodyne_simulator) by extension 'ignore'
[0.226s] Level 1:colcon.colcon_core.package_identification:_identify(velodyne_simulator/velodyne_simulator) by extension 'ignore_ament_install'
[0.226s] Level 1:colcon.colcon_core.package_identification:_identify(velodyne_simulator/velodyne_simulator) by extensions ['colcon_pkg']
[0.226s] Level 1:colcon.colcon_core.package_identification:_identify(velodyne_simulator/velodyne_simulator) by extension 'colcon_pkg'
[0.226s] Level 1:colcon.colcon_core.package_identification:_identify(velodyne_simulator/velodyne_simulator) by extensions ['colcon_meta']
[0.226s] Level 1:colcon.colcon_core.package_identification:_identify(velodyne_simulator/velodyne_simulator) by extension 'colcon_meta'
[0.226s] Level 1:colcon.colcon_core.package_identification:_identify(velodyne_simulator/velodyne_simulator) by extensions ['ros']
[0.226s] Level 1:colcon.colcon_core.package_identification:_identify(velodyne_simulator/velodyne_simulator) by extension 'ros'
[0.227s] DEBUG:colcon.colcon_core.package_identification:Package 'velodyne_simulator/velodyne_simulator' with type 'ros.ament_cmake' and name 'velodyne_simulator'
[0.227s] Level 1:colcon.colcon_core.package_discovery:discover_packages(recursive) using defaults
[0.227s] Level 1:colcon.colcon_core.package_discovery:discover_packages(ignore) discover
[0.227s] Level 1:colcon.colcon_core.package_discovery:discover_packages(ignore) using defaults
[0.227s] Level 1:colcon.colcon_core.package_discovery:discover_packages(path) discover
[0.227s] Level 1:colcon.colcon_core.package_discovery:discover_packages(path) using defaults
[0.240s] Level 1:colcon.colcon_core.package_discovery:discover_packages(prefix_path) check parameters
[0.240s] Level 1:colcon.colcon_core.package_discovery:discover_packages(prefix_path) discover
[0.241s] DEBUG:colcon.colcon_installed_package_information.package_discovery:Found 7 installed packages in /home/kirill/VNIIA/Projects/rover_ws_v2/install
[0.242s] DEBUG:colcon.colcon_installed_package_information.package_discovery:Found 442 installed packages in /opt/ros/humble
[0.244s] Level 1:colcon.colcon_core.package_discovery:discover_packages(prefix_path) using defaults
[0.277s] Level 5:colcon.colcon_core.verb:set package 'ros2_control_wheeled_robot_hardware' build argument 'cmake_args' from command line to 'None'
[0.277s] Level 5:colcon.colcon_core.verb:set package 'ros2_control_wheeled_robot_hardware' build argument 'cmake_target' from command line to 'None'
[0.277s] Level 5:colcon.colcon_core.verb:set package 'ros2_control_wheeled_robot_hardware' build argument 'cmake_target_skip_unavailable' from command line to 'False'
[0.277s] Level 5:colcon.colcon_core.verb:set package 'ros2_control_wheeled_robot_hardware' build argument 'cmake_clean_cache' from command line to 'False'
[0.277s] Level 5:colcon.colcon_core.verb:set package 'ros2_control_wheeled_robot_hardware' build argument 'cmake_clean_first' from command line to 'False'
[0.277s] Level 5:colcon.colcon_core.verb:set package 'ros2_control_wheeled_robot_hardware' build argument 'cmake_force_configure' from command line to 'False'
[0.277s] Level 5:colcon.colcon_core.verb:set package 'ros2_control_wheeled_robot_hardware' build argument 'ament_cmake_args' from command line to 'None'
[0.277s] Level 5:colcon.colcon_core.verb:set package 'ros2_control_wheeled_robot_hardware' build argument 'catkin_cmake_args' from command line to 'None'
[0.277s] Level 5:colcon.colcon_core.verb:set package 'ros2_control_wheeled_robot_hardware' build argument 'catkin_skip_building_tests' from command line to 'False'
[0.277s] DEBUG:colcon.colcon_core.verb:Building package 'ros2_control_wheeled_robot_hardware' with the following arguments: {'ament_cmake_args': None, 'build_base': '/home/kirill/VNIIA/Projects/rover_ws_v2/src/build/ros2_control_wheeled_robot_hardware', 'catkin_cmake_args': None, 'catkin_skip_building_tests': False, 'cmake_args': None, 'cmake_clean_cache': False, 'cmake_clean_first': False, 'cmake_force_configure': False, 'cmake_target': None, 'cmake_target_skip_unavailable': False, 'install_base': '/home/kirill/VNIIA/Projects/rover_ws_v2/src/install/ros2_control_wheeled_robot_hardware', 'merge_install': False, 'path': '/home/kirill/VNIIA/Projects/rover_ws_v2/src/ros2_control_wheeled_robot_hardware', 'symlink_install': False, 'test_result_base': None}
[0.277s] Level 5:colcon.colcon_core.verb:set package 'rover_description' build argument 'cmake_args' from command line to 'None'
[0.277s] Level 5:colcon.colcon_core.verb:set package 'rover_description' build argument 'cmake_target' from command line to 'None'
[0.277s] Level 5:colcon.colcon_core.verb:set package 'rover_description' build argument 'cmake_target_skip_unavailable' from command line to 'False'
[0.277s] Level 5:colcon.colcon_core.verb:set package 'rover_description' build argument 'cmake_clean_cache' from command line to 'False'
[0.277s] Level 5:colcon.colcon_core.verb:set package 'rover_description' build argument 'cmake_clean_first' from command line to 'False'
[0.277s] Level 5:colcon.colcon_core.verb:set package 'rover_description' build argument 'cmake_force_configure' from command line to 'False'
[0.278s] Level 5:colcon.colcon_core.verb:set package 'rover_description' build argument 'ament_cmake_args' from command line to 'None'
[0.278s] Level 5:colcon.colcon_core.verb:set package 'rover_description' build argument 'catkin_cmake_args' from command line to 'None'
[0.278s] Level 5:colcon.colcon_core.verb:set package 'rover_description' build argument 'catkin_skip_building_tests' from command line to 'False'
[0.278s] DEBUG:colcon.colcon_core.verb:Building package 'rover_description' with the following arguments: {'ament_cmake_args': None, 'build_base': '/home/kirill/VNIIA/Projects/rover_ws_v2/src/build/rover_description', 'catkin_cmake_args': None, 'catkin_skip_building_tests': False, 'cmake_args': None, 'cmake_clean_cache': False, 'cmake_clean_first': False, 'cmake_force_configure': False, 'cmake_target': None, 'cmake_target_skip_unavailable': False, 'install_base': '/home/kirill/VNIIA/Projects/rover_ws_v2/src/install/rover_description', 'merge_install': False, 'path': '/home/kirill/VNIIA/Projects/rover_ws_v2/src/rover_description', 'symlink_install': False, 'test_result_base': None}
[0.278s] Level 5:colcon.colcon_core.verb:set package 'velodyne_description' build argument 'cmake_args' from command line to 'None'
[0.278s] Level 5:colcon.colcon_core.verb:set package 'velodyne_description' build argument 'cmake_target' from command line to 'None'
[0.278s] Level 5:colcon.colcon_core.verb:set package 'velodyne_description' build argument 'cmake_target_skip_unavailable' from command line to 'False'
[0.278s] Level 5:colcon.colcon_core.verb:set package 'velodyne_description' build argument 'cmake_clean_cache' from command line to 'False'
[0.278s] Level 5:colcon.colcon_core.verb:set package 'velodyne_description' build argument 'cmake_clean_first' from command line to 'False'
[0.278s] Level 5:colcon.colcon_core.verb:set package 'velodyne_description' build argument 'cmake_force_configure' from command line to 'False'
[0.278s] Level 5:colcon.colcon_core.verb:set package 'velodyne_description' build argument 'ament_cmake_args' from command line to 'None'
[0.278s] Level 5:colcon.colcon_core.verb:set package 'velodyne_description' build argument 'catkin_cmake_args' from command line to 'None'
[0.278s] Level 5:colcon.colcon_core.verb:set package 'velodyne_description' build argument 'catkin_skip_building_tests' from command line to 'False'
[0.278s] DEBUG:colcon.colcon_core.verb:Building package 'velodyne_description' with the following arguments: {'ament_cmake_args': None, 'build_base': '/home/kirill/VNIIA/Projects/rover_ws_v2/src/build/velodyne_description', 'catkin_cmake_args': None, 'catkin_skip_building_tests': False, 'cmake_args': None, 'cmake_clean_cache': False, 'cmake_clean_first': False, 'cmake_force_configure': False, 'cmake_target': None, 'cmake_target_skip_unavailable': False, 'install_base': '/home/kirill/VNIIA/Projects/rover_ws_v2/src/install/velodyne_description', 'merge_install': False, 'path': '/home/kirill/VNIIA/Projects/rover_ws_v2/src/velodyne_simulator/velodyne_description', 'symlink_install': False, 'test_result_base': None}
[0.278s] Level 5:colcon.colcon_core.verb:set package 'velodyne_gazebo_plugins' build argument 'cmake_args' from command line to 'None'
[0.278s] Level 5:colcon.colcon_core.verb:set package 'velodyne_gazebo_plugins' build argument 'cmake_target' from command line to 'None'
[0.278s] Level 5:colcon.colcon_core.verb:set package 'velodyne_gazebo_plugins' build argument 'cmake_target_skip_unavailable' from command line to 'False'
[0.278s] Level 5:colcon.colcon_core.verb:set package 'velodyne_gazebo_plugins' build argument 'cmake_clean_cache' from command line to 'False'
[0.278s] Level 5:colcon.colcon_core.verb:set package 'velodyne_gazebo_plugins' build argument 'cmake_clean_first' from command line to 'False'
[0.278s] Level 5:colcon.colcon_core.verb:set package 'velodyne_gazebo_plugins' build argument 'cmake_force_configure' from command line to 'False'
[0.278s] Level 5:colcon.colcon_core.verb:set package 'velodyne_gazebo_plugins' build argument 'ament_cmake_args' from command line to 'None'
[0.278s] Level 5:colcon.colcon_core.verb:set package 'velodyne_gazebo_plugins' build argument 'catkin_cmake_args' from command line to 'None'
[0.278s] Level 5:colcon.colcon_core.verb:set package 'velodyne_gazebo_plugins' build argument 'catkin_skip_building_tests' from command line to 'False'
[0.278s] DEBUG:colcon.colcon_core.verb:Building package 'velodyne_gazebo_plugins' with the following arguments: {'ament_cmake_args': None, 'build_base': '/home/kirill/VNIIA/Projects/rover_ws_v2/src/build/velodyne_gazebo_plugins', 'catkin_cmake_args': None, 'catkin_skip_building_tests': False, 'cmake_args': None, 'cmake_clean_cache': False, 'cmake_clean_first': False, 'cmake_force_configure': False, 'cmake_target': None, 'cmake_target_skip_unavailable': False, 'install_base': '/home/kirill/VNIIA/Projects/rover_ws_v2/src/install/velodyne_gazebo_plugins', 'merge_install': False, 'path': '/home/kirill/VNIIA/Projects/rover_ws_v2/src/velodyne_simulator/velodyne_gazebo_plugins', 'symlink_install': False, 'test_result_base': None}
[0.278s] Level 5:colcon.colcon_core.verb:set package 'velodyne_simulator' build argument 'cmake_args' from command line to 'None'
[0.278s] Level 5:colcon.colcon_core.verb:set package 'velodyne_simulator' build argument 'cmake_target' from command line to 'None'
[0.279s] Level 5:colcon.colcon_core.verb:set package 'velodyne_simulator' build argument 'cmake_target_skip_unavailable' from command line to 'False'
[0.279s] Level 5:colcon.colcon_core.verb:set package 'velodyne_simulator' build argument 'cmake_clean_cache' from command line to 'False'
[0.279s] Level 5:colcon.colcon_core.verb:set package 'velodyne_simulator' build argument 'cmake_clean_first' from command line to 'False'
[0.279s] Level 5:colcon.colcon_core.verb:set package 'velodyne_simulator' build argument 'cmake_force_configure' from command line to 'False'
[0.279s] Level 5:colcon.colcon_core.verb:set package 'velodyne_simulator' build argument 'ament_cmake_args' from command line to 'None'
[0.279s] Level 5:colcon.colcon_core.verb:set package 'velodyne_simulator' build argument 'catkin_cmake_args' from command line to 'None'
[0.279s] Level 5:colcon.colcon_core.verb:set package 'velodyne_simulator' build argument 'catkin_skip_building_tests' from command line to 'False'
[0.279s] DEBUG:colcon.colcon_core.verb:Building package 'velodyne_simulator' with the following arguments: {'ament_cmake_args': None, 'build_base': '/home/kirill/VNIIA/Projects/rover_ws_v2/src/build/velodyne_simulator', 'catkin_cmake_args': None, 'catkin_skip_building_tests': False, 'cmake_args': None, 'cmake_clean_cache': False, 'cmake_clean_first': False, 'cmake_force_configure': False, 'cmake_target': None, 'cmake_target_skip_unavailable': False, 'install_base': '/home/kirill/VNIIA/Projects/rover_ws_v2/src/install/velodyne_simulator', 'merge_install': False, 'path': '/home/kirill/VNIIA/Projects/rover_ws_v2/src/velodyne_simulator/velodyne_simulator', 'symlink_install': False, 'test_result_base': None}
[0.279s] INFO:colcon.colcon_core.executor:Executing jobs using 'parallel' executor
[0.280s] DEBUG:colcon.colcon_parallel_executor.executor.parallel:run_until_complete
[0.280s] INFO:colcon.colcon_ros.task.ament_cmake.build:Building ROS package in '/home/kirill/VNIIA/Projects/rover_ws_v2/src/velodyne_simulator/velodyne_description' with build type 'ament_cmake'
[0.280s] INFO:colcon.colcon_cmake.task.cmake.build:Building CMake package in '/home/kirill/VNIIA/Projects/rover_ws_v2/src/velodyne_simulator/velodyne_description'
[0.281s] INFO:colcon.colcon_core.plugin_system:Skipping extension 'colcon_core.shell.bat': Not used on non-Windows systems
[0.281s] INFO:colcon.colcon_core.shell:Skip shell extension 'powershell' for command environment: Not usable outside of PowerShell
[0.281s] DEBUG:colcon.colcon_core.shell:Skip shell extension 'dsv' for command environment
[0.284s] INFO:colcon.colcon_ros.task.ament_cmake.build:Building ROS package in '/home/kirill/VNIIA/Projects/rover_ws_v2/src/velodyne_simulator/velodyne_gazebo_plugins' with build type 'ament_cmake'
[0.284s] INFO:colcon.colcon_cmake.task.cmake.build:Building CMake package in '/home/kirill/VNIIA/Projects/rover_ws_v2/src/velodyne_simulator/velodyne_gazebo_plugins'
[0.284s] INFO:colcon.colcon_core.shell:Skip shell extension 'powershell' for command environment: Not usable outside of PowerShell
[0.284s] DEBUG:colcon.colcon_core.shell:Skip shell extension 'dsv' for command environment
[0.287s] INFO:colcon.colcon_ros.task.ament_cmake.build:Building ROS package in '/home/kirill/VNIIA/Projects/rover_ws_v2/src/ros2_control_wheeled_robot_hardware' with build type 'ament_cmake'
[0.287s] INFO:colcon.colcon_cmake.task.cmake.build:Building CMake package in '/home/kirill/VNIIA/Projects/rover_ws_v2/src/ros2_control_wheeled_robot_hardware'
[0.287s] INFO:colcon.colcon_core.shell:Skip shell extension 'powershell' for command environment: Not usable outside of PowerShell
[0.287s] DEBUG:colcon.colcon_core.shell:Skip shell extension 'dsv' for command environment
[0.289s] INFO:colcon.colcon_ros.task.ament_cmake.build:Building ROS package in '/home/kirill/VNIIA/Projects/rover_ws_v2/src/rover_description' with build type 'ament_cmake'
[0.289s] INFO:colcon.colcon_cmake.task.cmake.build:Building CMake package in '/home/kirill/VNIIA/Projects/rover_ws_v2/src/rover_description'
[0.289s] INFO:colcon.colcon_core.shell:Skip shell extension 'powershell' for command environment: Not usable outside of PowerShell
[0.289s] DEBUG:colcon.colcon_core.shell:Skip shell extension 'dsv' for command environment
[0.294s] DEBUG:colcon.colcon_core.event_handler.log_command:Invoking command in '/home/kirill/VNIIA/Projects/rover_ws_v2/src/build/velodyne_description': CMAKE_PREFIX_PATH=${CMAKE_PREFIX_PATH}:/opt/ros/humble /usr/bin/cmake /home/kirill/VNIIA/Projects/rover_ws_v2/src/velodyne_simulator/velodyne_description -DCMAKE_INSTALL_PREFIX=/home/kirill/VNIIA/Projects/rover_ws_v2/src/install/velodyne_description
[0.295s] DEBUG:colcon.colcon_core.event_handler.log_command:Invoking command in '/home/kirill/VNIIA/Projects/rover_ws_v2/src/build/velodyne_gazebo_plugins': CMAKE_PREFIX_PATH=${CMAKE_PREFIX_PATH}:/opt/ros/humble /usr/bin/cmake /home/kirill/VNIIA/Projects/rover_ws_v2/src/velodyne_simulator/velodyne_gazebo_plugins -DCMAKE_INSTALL_PREFIX=/home/kirill/VNIIA/Projects/rover_ws_v2/src/install/velodyne_gazebo_plugins
[0.297s] DEBUG:colcon.colcon_core.event_handler.log_command:Invoking command in '/home/kirill/VNIIA/Projects/rover_ws_v2/src/build/ros2_control_wheeled_robot_hardware': CMAKE_PREFIX_PATH=${CMAKE_PREFIX_PATH}:/opt/ros/humble /usr/bin/cmake /home/kirill/VNIIA/Projects/rover_ws_v2/src/ros2_control_wheeled_robot_hardware -DCMAKE_INSTALL_PREFIX=/home/kirill/VNIIA/Projects/rover_ws_v2/src/install/ros2_control_wheeled_robot_hardware
[0.301s] DEBUG:colcon.colcon_core.event_handler.log_command:Invoking command in '/home/kirill/VNIIA/Projects/rover_ws_v2/src/build/rover_description': CMAKE_PREFIX_PATH=${CMAKE_PREFIX_PATH}:/opt/ros/humble /usr/bin/cmake /home/kirill/VNIIA/Projects/rover_ws_v2/src/rover_description -DCMAKE_INSTALL_PREFIX=/home/kirill/VNIIA/Projects/rover_ws_v2/src/install/rover_description
[0.790s] DEBUG:colcon.colcon_core.event_handler.log_command:Invoked command in '/home/kirill/VNIIA/Projects/rover_ws_v2/src/build/velodyne_description' returned '0': CMAKE_PREFIX_PATH=${CMAKE_PREFIX_PATH}:/opt/ros/humble /usr/bin/cmake /home/kirill/VNIIA/Projects/rover_ws_v2/src/velodyne_simulator/velodyne_description -DCMAKE_INSTALL_PREFIX=/home/kirill/VNIIA/Projects/rover_ws_v2/src/install/velodyne_description
[0.792s] DEBUG:colcon.colcon_core.event_handler.log_command:Invoking command in '/home/kirill/VNIIA/Projects/rover_ws_v2/src/build/velodyne_description': CMAKE_PREFIX_PATH=${CMAKE_PREFIX_PATH}:/opt/ros/humble /usr/bin/cmake --build /home/kirill/VNIIA/Projects/rover_ws_v2/src/build/velodyne_description -- -j8 -l8
[0.826s] DEBUG:colcon.colcon_core.event_handler.log_command:Invoked command in '/home/kirill/VNIIA/Projects/rover_ws_v2/src/build/velodyne_description' returned '0': CMAKE_PREFIX_PATH=${CMAKE_PREFIX_PATH}:/opt/ros/humble /usr/bin/cmake --build /home/kirill/VNIIA/Projects/rover_ws_v2/src/build/velodyne_description -- -j8 -l8
[0.835s] DEBUG:colcon.colcon_core.event_handler.log_command:Invoking command in '/home/kirill/VNIIA/Projects/rover_ws_v2/src/build/velodyne_description': CMAKE_PREFIX_PATH=${CMAKE_PREFIX_PATH}:/opt/ros/humble /usr/bin/cmake --install /home/kirill/VNIIA/Projects/rover_ws_v2/src/build/velodyne_description
[0.843s] DEBUG:colcon.colcon_core.event_handler.log_command:Invoked command in '/home/kirill/VNIIA/Projects/rover_ws_v2/src/build/rover_description' returned '0': CMAKE_PREFIX_PATH=${CMAKE_PREFIX_PATH}:/opt/ros/humble /usr/bin/cmake /home/kirill/VNIIA/Projects/rover_ws_v2/src/rover_description -DCMAKE_INSTALL_PREFIX=/home/kirill/VNIIA/Projects/rover_ws_v2/src/install/rover_description
[0.845s] DEBUG:colcon.colcon_core.event_handler.log_command:Invoking command in '/home/kirill/VNIIA/Projects/rover_ws_v2/src/build/rover_description': CMAKE_PREFIX_PATH=${CMAKE_PREFIX_PATH}:/opt/ros/humble /usr/bin/cmake --build /home/kirill/VNIIA/Projects/rover_ws_v2/src/build/rover_description -- -j8 -l8
[0.851s] Level 1:colcon.colcon_core.environment:create_environment_scripts_only(velodyne_description)
[0.852s] DEBUG:colcon.colcon_core.event_handler.log_command:Invoked command in '/home/kirill/VNIIA/Projects/rover_ws_v2/src/build/velodyne_description' returned '0': CMAKE_PREFIX_PATH=${CMAKE_PREFIX_PATH}:/opt/ros/humble /usr/bin/cmake --install /home/kirill/VNIIA/Projects/rover_ws_v2/src/build/velodyne_description
[0.854s] Level 1:colcon.colcon_core.environment:checking '/home/kirill/VNIIA/Projects/rover_ws_v2/src/install/velodyne_description' for CMake module files
[0.854s] Level 1:colcon.colcon_core.environment:checking '/home/kirill/VNIIA/Projects/rover_ws_v2/src/install/velodyne_description' for CMake config files
[0.854s] Level 1:colcon.colcon_core.shell:create_environment_hook('velodyne_description', 'cmake_prefix_path')
[0.854s] INFO:colcon.colcon_core.shell:Creating environment hook '/home/kirill/VNIIA/Projects/rover_ws_v2/src/install/velodyne_description/share/velodyne_description/hook/cmake_prefix_path.ps1'
[0.855s] INFO:colcon.colcon_core.shell:Creating environment descriptor '/home/kirill/VNIIA/Projects/rover_ws_v2/src/install/velodyne_description/share/velodyne_description/hook/cmake_prefix_path.dsv'
[0.855s] INFO:colcon.colcon_core.shell:Creating environment hook '/home/kirill/VNIIA/Projects/rover_ws_v2/src/install/velodyne_description/share/velodyne_description/hook/cmake_prefix_path.sh'
[0.856s] Level 1:colcon.colcon_core.environment:checking '/home/kirill/VNIIA/Projects/rover_ws_v2/src/install/velodyne_description/bin'
[0.856s] Level 1:colcon.colcon_core.environment:checking '/home/kirill/VNIIA/Projects/rover_ws_v2/src/install/velodyne_description/lib/pkgconfig/velodyne_description.pc'
[0.856s] Level 1:colcon.colcon_core.environment:checking '/home/kirill/VNIIA/Projects/rover_ws_v2/src/install/velodyne_description/lib/python3.10/site-packages'
[0.857s] Level 1:colcon.colcon_core.environment:checking '/home/kirill/VNIIA/Projects/rover_ws_v2/src/install/velodyne_description/bin'
[0.857s] INFO:colcon.colcon_core.shell:Creating package script '/home/kirill/VNIIA/Projects/rover_ws_v2/src/install/velodyne_description/share/velodyne_description/package.ps1'
[0.858s] INFO:colcon.colcon_core.shell:Creating package descriptor '/home/kirill/VNIIA/Projects/rover_ws_v2/src/install/velodyne_description/share/velodyne_description/package.dsv'
[0.858s] INFO:colcon.colcon_core.shell:Creating package script '/home/kirill/VNIIA/Projects/rover_ws_v2/src/install/velodyne_description/share/velodyne_description/package.sh'
[0.859s] INFO:colcon.colcon_core.shell:Creating package script '/home/kirill/VNIIA/Projects/rover_ws_v2/src/install/velodyne_description/share/velodyne_description/package.bash'
[0.859s] INFO:colcon.colcon_core.shell:Creating package script '/home/kirill/VNIIA/Projects/rover_ws_v2/src/install/velodyne_description/share/velodyne_description/package.zsh'
[0.860s] Level 1:colcon.colcon_core.environment:create_file_with_runtime_dependencies(/home/kirill/VNIIA/Projects/rover_ws_v2/src/install/velodyne_description/share/colcon-core/packages/velodyne_description)
[0.860s] Level 1:colcon.colcon_core.environment:create_environment_scripts_only(velodyne_description)
[0.860s] Level 1:colcon.colcon_core.environment:checking '/home/kirill/VNIIA/Projects/rover_ws_v2/src/install/velodyne_description' for CMake module files
[0.861s] Level 1:colcon.colcon_core.environment:checking '/home/kirill/VNIIA/Projects/rover_ws_v2/src/install/velodyne_description' for CMake config files
[0.861s] Level 1:colcon.colcon_core.shell:create_environment_hook('velodyne_description', 'cmake_prefix_path')
[0.861s] INFO:colcon.colcon_core.shell:Creating environment hook '/home/kirill/VNIIA/Projects/rover_ws_v2/src/install/velodyne_description/share/velodyne_description/hook/cmake_prefix_path.ps1'
[0.862s] INFO:colcon.colcon_core.shell:Creating environment descriptor '/home/kirill/VNIIA/Projects/rover_ws_v2/src/install/velodyne_description/share/velodyne_description/hook/cmake_prefix_path.dsv'
[0.862s] INFO:colcon.colcon_core.shell:Creating environment hook '/home/kirill/VNIIA/Projects/rover_ws_v2/src/install/velodyne_description/share/velodyne_description/hook/cmake_prefix_path.sh'
[0.863s] Level 1:colcon.colcon_core.environment:checking '/home/kirill/VNIIA/Projects/rover_ws_v2/src/install/velodyne_description/bin'
[0.863s] Level 1:colcon.colcon_core.environment:checking '/home/kirill/VNIIA/Projects/rover_ws_v2/src/install/velodyne_description/lib/pkgconfig/velodyne_description.pc'
[0.863s] Level 1:colcon.colcon_core.environment:checking '/home/kirill/VNIIA/Projects/rover_ws_v2/src/install/velodyne_description/lib/python3.10/site-packages'
[0.863s] Level 1:colcon.colcon_core.environment:checking '/home/kirill/VNIIA/Projects/rover_ws_v2/src/install/velodyne_description/bin'
[0.863s] INFO:colcon.colcon_core.shell:Creating package script '/home/kirill/VNIIA/Projects/rover_ws_v2/src/install/velodyne_description/share/velodyne_description/package.ps1'
[0.864s] INFO:colcon.colcon_core.shell:Creating package descriptor '/home/kirill/VNIIA/Projects/rover_ws_v2/src/install/velodyne_description/share/velodyne_description/package.dsv'
[0.864s] INFO:colcon.colcon_core.shell:Creating package script '/home/kirill/VNIIA/Projects/rover_ws_v2/src/install/velodyne_description/share/velodyne_description/package.sh'
[0.864s] INFO:colcon.colcon_core.shell:Creating package script '/home/kirill/VNIIA/Projects/rover_ws_v2/src/install/velodyne_description/share/velodyne_description/package.bash'
[0.865s] INFO:colcon.colcon_core.shell:Creating package script '/home/kirill/VNIIA/Projects/rover_ws_v2/src/install/velodyne_description/share/velodyne_description/package.zsh'
[0.865s] Level 1:colcon.colcon_core.environment:create_file_with_runtime_dependencies(/home/kirill/VNIIA/Projects/rover_ws_v2/src/install/velodyne_description/share/colcon-core/packages/velodyne_description)
[0.874s] DEBUG:colcon.colcon_core.event_handler.log_command:Invoked command in '/home/kirill/VNIIA/Projects/rover_ws_v2/src/build/rover_description' returned '0': CMAKE_PREFIX_PATH=${CMAKE_PREFIX_PATH}:/opt/ros/humble /usr/bin/cmake --build /home/kirill/VNIIA/Projects/rover_ws_v2/src/build/rover_description -- -j8 -l8
[0.875s] DEBUG:colcon.colcon_core.event_handler.log_command:Invoking command in '/home/kirill/VNIIA/Projects/rover_ws_v2/src/build/rover_description': CMAKE_PREFIX_PATH=${CMAKE_PREFIX_PATH}:/opt/ros/humble /usr/bin/cmake --install /home/kirill/VNIIA/Projects/rover_ws_v2/src/build/rover_description
[0.887s] Level 1:colcon.colcon_core.environment:create_environment_scripts_only(rover_description)
[0.887s] Level 1:colcon.colcon_core.environment:checking '/home/kirill/VNIIA/Projects/rover_ws_v2/src/install/rover_description' for CMake module files
[0.887s] DEBUG:colcon.colcon_core.event_handler.log_command:Invoked command in '/home/kirill/VNIIA/Projects/rover_ws_v2/src/build/rover_description' returned '0': CMAKE_PREFIX_PATH=${CMAKE_PREFIX_PATH}:/opt/ros/humble /usr/bin/cmake --install /home/kirill/VNIIA/Projects/rover_ws_v2/src/build/rover_description
[0.888s] Level 1:colcon.colcon_core.environment:checking '/home/kirill/VNIIA/Projects/rover_ws_v2/src/install/rover_description' for CMake config files
[0.888s] Level 1:colcon.colcon_core.shell:create_environment_hook('rover_description', 'cmake_prefix_path')
[0.888s] INFO:colcon.colcon_core.shell:Creating environment hook '/home/kirill/VNIIA/Projects/rover_ws_v2/src/install/rover_description/share/rover_description/hook/cmake_prefix_path.ps1'
[0.889s] INFO:colcon.colcon_core.shell:Creating environment descriptor '/home/kirill/VNIIA/Projects/rover_ws_v2/src/install/rover_description/share/rover_description/hook/cmake_prefix_path.dsv'
[0.889s] INFO:colcon.colcon_core.shell:Creating environment hook '/home/kirill/VNIIA/Projects/rover_ws_v2/src/install/rover_description/share/rover_description/hook/cmake_prefix_path.sh'
[0.890s] Level 1:colcon.colcon_core.environment:checking '/home/kirill/VNIIA/Projects/rover_ws_v2/src/install/rover_description/bin'
[0.890s] Level 1:colcon.colcon_core.environment:checking '/home/kirill/VNIIA/Projects/rover_ws_v2/src/install/rover_description/lib/pkgconfig/rover_description.pc'
[0.890s] Level 1:colcon.colcon_core.environment:checking '/home/kirill/VNIIA/Projects/rover_ws_v2/src/install/rover_description/lib/python3.10/site-packages'
[0.890s] Level 1:colcon.colcon_core.environment:checking '/home/kirill/VNIIA/Projects/rover_ws_v2/src/install/rover_description/bin'
[0.891s] INFO:colcon.colcon_core.shell:Creating package script '/home/kirill/VNIIA/Projects/rover_ws_v2/src/install/rover_description/share/rover_description/package.ps1'
[0.891s] INFO:colcon.colcon_core.shell:Creating package descriptor '/home/kirill/VNIIA/Projects/rover_ws_v2/src/install/rover_description/share/rover_description/package.dsv'
[0.891s] INFO:colcon.colcon_core.shell:Creating package script '/home/kirill/VNIIA/Projects/rover_ws_v2/src/install/rover_description/share/rover_description/package.sh'
[0.892s] INFO:colcon.colcon_core.shell:Creating package script '/home/kirill/VNIIA/Projects/rover_ws_v2/src/install/rover_description/share/rover_description/package.bash'
[0.892s] INFO:colcon.colcon_core.shell:Creating package script '/home/kirill/VNIIA/Projects/rover_ws_v2/src/install/rover_description/share/rover_description/package.zsh'
[0.892s] Level 1:colcon.colcon_core.environment:create_file_with_runtime_dependencies(/home/kirill/VNIIA/Projects/rover_ws_v2/src/install/rover_description/share/colcon-core/packages/rover_description)
[0.893s] Level 1:colcon.colcon_core.environment:create_environment_scripts_only(rover_description)
[0.893s] Level 1:colcon.colcon_core.environment:checking '/home/kirill/VNIIA/Projects/rover_ws_v2/src/install/rover_description' for CMake module files
[0.894s] Level 1:colcon.colcon_core.environment:checking '/home/kirill/VNIIA/Projects/rover_ws_v2/src/install/rover_description' for CMake config files
[0.894s] Level 1:colcon.colcon_core.shell:create_environment_hook('rover_description', 'cmake_prefix_path')
[0.894s] INFO:colcon.colcon_core.shell:Creating environment hook '/home/kirill/VNIIA/Projects/rover_ws_v2/src/install/rover_description/share/rover_description/hook/cmake_prefix_path.ps1'
[0.895s] INFO:colcon.colcon_core.shell:Creating environment descriptor '/home/kirill/VNIIA/Projects/rover_ws_v2/src/install/rover_description/share/rover_description/hook/cmake_prefix_path.dsv'
[0.895s] INFO:colcon.colcon_core.shell:Creating environment hook '/home/kirill/VNIIA/Projects/rover_ws_v2/src/install/rover_description/share/rover_description/hook/cmake_prefix_path.sh'
[0.896s] Level 1:colcon.colcon_core.environment:checking '/home/kirill/VNIIA/Projects/rover_ws_v2/src/install/rover_description/bin'
[0.896s] Level 1:colcon.colcon_core.environment:checking '/home/kirill/VNIIA/Projects/rover_ws_v2/src/install/rover_description/lib/pkgconfig/rover_description.pc'
[0.896s] Level 1:colcon.colcon_core.environment:checking '/home/kirill/VNIIA/Projects/rover_ws_v2/src/install/rover_description/lib/python3.10/site-packages'
[0.896s] Level 1:colcon.colcon_core.environment:checking '/home/kirill/VNIIA/Projects/rover_ws_v2/src/install/rover_description/bin'
[0.897s] INFO:colcon.colcon_core.shell:Creating package script '/home/kirill/VNIIA/Projects/rover_ws_v2/src/install/rover_description/share/rover_description/package.ps1'
[0.898s] INFO:colcon.colcon_core.shell:Creating package descriptor '/home/kirill/VNIIA/Projects/rover_ws_v2/src/install/rover_description/share/rover_description/package.dsv'
[0.898s] INFO:colcon.colcon_core.shell:Creating package script '/home/kirill/VNIIA/Projects/rover_ws_v2/src/install/rover_description/share/rover_description/package.sh'
[0.899s] INFO:colcon.colcon_core.shell:Creating package script '/home/kirill/VNIIA/Projects/rover_ws_v2/src/install/rover_description/share/rover_description/package.bash'
[0.899s] INFO:colcon.colcon_core.shell:Creating package script '/home/kirill/VNIIA/Projects/rover_ws_v2/src/install/rover_description/share/rover_description/package.zsh'
[0.899s] Level 1:colcon.colcon_core.environment:create_file_with_runtime_dependencies(/home/kirill/VNIIA/Projects/rover_ws_v2/src/install/rover_description/share/colcon-core/packages/rover_description)
[1.348s] DEBUG:colcon.colcon_core.event_handler.log_command:Invoked command in '/home/kirill/VNIIA/Projects/rover_ws_v2/src/build/ros2_control_wheeled_robot_hardware' returned '0': CMAKE_PREFIX_PATH=${CMAKE_PREFIX_PATH}:/opt/ros/humble /usr/bin/cmake /home/kirill/VNIIA/Projects/rover_ws_v2/src/ros2_control_wheeled_robot_hardware -DCMAKE_INSTALL_PREFIX=/home/kirill/VNIIA/Projects/rover_ws_v2/src/install/ros2_control_wheeled_robot_hardware
[1.350s] DEBUG:colcon.colcon_core.event_handler.log_command:Invoking command in '/home/kirill/VNIIA/Projects/rover_ws_v2/src/build/ros2_control_wheeled_robot_hardware': CMAKE_PREFIX_PATH=${CMAKE_PREFIX_PATH}:/opt/ros/humble /usr/bin/cmake --build /home/kirill/VNIIA/Projects/rover_ws_v2/src/build/ros2_control_wheeled_robot_hardware -- -j8 -l8
[1.994s] DEBUG:colcon.colcon_core.event_handler.log_command:Invoked command in '/home/kirill/VNIIA/Projects/rover_ws_v2/src/build/velodyne_gazebo_plugins' returned '0': CMAKE_PREFIX_PATH=${CMAKE_PREFIX_PATH}:/opt/ros/humble /usr/bin/cmake /home/kirill/VNIIA/Projects/rover_ws_v2/src/velodyne_simulator/velodyne_gazebo_plugins -DCMAKE_INSTALL_PREFIX=/home/kirill/VNIIA/Projects/rover_ws_v2/src/install/velodyne_gazebo_plugins
[1.996s] DEBUG:colcon.colcon_core.event_handler.log_command:Invoking command in '/home/kirill/VNIIA/Projects/rover_ws_v2/src/build/velodyne_gazebo_plugins': CMAKE_PREFIX_PATH=${CMAKE_PREFIX_PATH}:/opt/ros/humble /usr/bin/cmake --build /home/kirill/VNIIA/Projects/rover_ws_v2/src/build/velodyne_gazebo_plugins -- -j8 -l8
[4.098s] DEBUG:colcon.colcon_core.event_handler.log_command:Invoked command in '/home/kirill/VNIIA/Projects/rover_ws_v2/src/build/ros2_control_wheeled_robot_hardware' returned '0': CMAKE_PREFIX_PATH=${CMAKE_PREFIX_PATH}:/opt/ros/humble /usr/bin/cmake --build /home/kirill/VNIIA/Projects/rover_ws_v2/src/build/ros2_control_wheeled_robot_hardware -- -j8 -l8
[4.099s] DEBUG:colcon.colcon_core.event_handler.log_command:Invoking command in '/home/kirill/VNIIA/Projects/rover_ws_v2/src/build/ros2_control_wheeled_robot_hardware': CMAKE_PREFIX_PATH=${CMAKE_PREFIX_PATH}:/opt/ros/humble /usr/bin/cmake --install /home/kirill/VNIIA/Projects/rover_ws_v2/src/build/ros2_control_wheeled_robot_hardware
[4.107s] Level 1:colcon.colcon_core.environment:create_environment_scripts_only(ros2_control_wheeled_robot_hardware)
[4.108s] Level 1:colcon.colcon_core.environment:checking '/home/kirill/VNIIA/Projects/rover_ws_v2/src/install/ros2_control_wheeled_robot_hardware' for CMake module files
[4.108s] DEBUG:colcon.colcon_core.event_handler.log_command:Invoked command in '/home/kirill/VNIIA/Projects/rover_ws_v2/src/build/ros2_control_wheeled_robot_hardware' returned '0': CMAKE_PREFIX_PATH=${CMAKE_PREFIX_PATH}:/opt/ros/humble /usr/bin/cmake --install /home/kirill/VNIIA/Projects/rover_ws_v2/src/build/ros2_control_wheeled_robot_hardware
[4.108s] Level 1:colcon.colcon_core.environment:checking '/home/kirill/VNIIA/Projects/rover_ws_v2/src/install/ros2_control_wheeled_robot_hardware' for CMake config files
[4.108s] Level 1:colcon.colcon_core.shell:create_environment_hook('ros2_control_wheeled_robot_hardware', 'cmake_prefix_path')
[4.108s] INFO:colcon.colcon_core.shell:Creating environment hook '/home/kirill/VNIIA/Projects/rover_ws_v2/src/install/ros2_control_wheeled_robot_hardware/share/ros2_control_wheeled_robot_hardware/hook/cmake_prefix_path.ps1'
[4.109s] INFO:colcon.colcon_core.shell:Creating environment descriptor '/home/kirill/VNIIA/Projects/rover_ws_v2/src/install/ros2_control_wheeled_robot_hardware/share/ros2_control_wheeled_robot_hardware/hook/cmake_prefix_path.dsv'
[4.109s] INFO:colcon.colcon_core.shell:Creating environment hook '/home/kirill/VNIIA/Projects/rover_ws_v2/src/install/ros2_control_wheeled_robot_hardware/share/ros2_control_wheeled_robot_hardware/hook/cmake_prefix_path.sh'
[4.109s] Level 1:colcon.colcon_core.environment:checking '/home/kirill/VNIIA/Projects/rover_ws_v2/src/install/ros2_control_wheeled_robot_hardware/lib'
[4.109s] Level 1:colcon.colcon_core.environment:checking '/home/kirill/VNIIA/Projects/rover_ws_v2/src/install/ros2_control_wheeled_robot_hardware/bin'
[4.109s] Level 1:colcon.colcon_core.environment:checking '/home/kirill/VNIIA/Projects/rover_ws_v2/src/install/ros2_control_wheeled_robot_hardware/lib/pkgconfig/ros2_control_wheeled_robot_hardware.pc'
[4.110s] Level 1:colcon.colcon_core.environment:checking '/home/kirill/VNIIA/Projects/rover_ws_v2/src/install/ros2_control_wheeled_robot_hardware/lib/python3.10/site-packages'
[4.110s] Level 1:colcon.colcon_core.environment:checking '/home/kirill/VNIIA/Projects/rover_ws_v2/src/install/ros2_control_wheeled_robot_hardware/bin'
[4.110s] INFO:colcon.colcon_core.shell:Creating package script '/home/kirill/VNIIA/Projects/rover_ws_v2/src/install/ros2_control_wheeled_robot_hardware/share/ros2_control_wheeled_robot_hardware/package.ps1'
[4.110s] INFO:colcon.colcon_core.shell:Creating package descriptor '/home/kirill/VNIIA/Projects/rover_ws_v2/src/install/ros2_control_wheeled_robot_hardware/share/ros2_control_wheeled_robot_hardware/package.dsv'
[4.110s] INFO:colcon.colcon_core.shell:Creating package script '/home/kirill/VNIIA/Projects/rover_ws_v2/src/install/ros2_control_wheeled_robot_hardware/share/ros2_control_wheeled_robot_hardware/package.sh'
[4.111s] INFO:colcon.colcon_core.shell:Creating package script '/home/kirill/VNIIA/Projects/rover_ws_v2/src/install/ros2_control_wheeled_robot_hardware/share/ros2_control_wheeled_robot_hardware/package.bash'
[4.111s] INFO:colcon.colcon_core.shell:Creating package script '/home/kirill/VNIIA/Projects/rover_ws_v2/src/install/ros2_control_wheeled_robot_hardware/share/ros2_control_wheeled_robot_hardware/package.zsh'
[4.111s] Level 1:colcon.colcon_core.environment:create_file_with_runtime_dependencies(/home/kirill/VNIIA/Projects/rover_ws_v2/src/install/ros2_control_wheeled_robot_hardware/share/colcon-core/packages/ros2_control_wheeled_robot_hardware)
[4.111s] Level 1:colcon.colcon_core.environment:create_environment_scripts_only(ros2_control_wheeled_robot_hardware)
[4.112s] Level 1:colcon.colcon_core.environment:checking '/home/kirill/VNIIA/Projects/rover_ws_v2/src/install/ros2_control_wheeled_robot_hardware' for CMake module files
[4.112s] Level 1:colcon.colcon_core.environment:checking '/home/kirill/VNIIA/Projects/rover_ws_v2/src/install/ros2_control_wheeled_robot_hardware' for CMake config files
[4.112s] Level 1:colcon.colcon_core.shell:create_environment_hook('ros2_control_wheeled_robot_hardware', 'cmake_prefix_path')
[4.112s] INFO:colcon.colcon_core.shell:Creating environment hook '/home/kirill/VNIIA/Projects/rover_ws_v2/src/install/ros2_control_wheeled_robot_hardware/share/ros2_control_wheeled_robot_hardware/hook/cmake_prefix_path.ps1'
[4.112s] INFO:colcon.colcon_core.shell:Creating environment descriptor '/home/kirill/VNIIA/Projects/rover_ws_v2/src/install/ros2_control_wheeled_robot_hardware/share/ros2_control_wheeled_robot_hardware/hook/cmake_prefix_path.dsv'
[4.113s] INFO:colcon.colcon_core.shell:Creating environment hook '/home/kirill/VNIIA/Projects/rover_ws_v2/src/install/ros2_control_wheeled_robot_hardware/share/ros2_control_wheeled_robot_hardware/hook/cmake_prefix_path.sh'
[4.113s] Level 1:colcon.colcon_core.environment:checking '/home/kirill/VNIIA/Projects/rover_ws_v2/src/install/ros2_control_wheeled_robot_hardware/lib'
[4.113s] Level 1:colcon.colcon_core.environment:checking '/home/kirill/VNIIA/Projects/rover_ws_v2/src/install/ros2_control_wheeled_robot_hardware/bin'
[4.113s] Level 1:colcon.colcon_core.environment:checking '/home/kirill/VNIIA/Projects/rover_ws_v2/src/install/ros2_control_wheeled_robot_hardware/lib/pkgconfig/ros2_control_wheeled_robot_hardware.pc'
[4.113s] Level 1:colcon.colcon_core.environment:checking '/home/kirill/VNIIA/Projects/rover_ws_v2/src/install/ros2_control_wheeled_robot_hardware/lib/python3.10/site-packages'
[4.113s] Level 1:colcon.colcon_core.environment:checking '/home/kirill/VNIIA/Projects/rover_ws_v2/src/install/ros2_control_wheeled_robot_hardware/bin'
[4.113s] INFO:colcon.colcon_core.shell:Creating package script '/home/kirill/VNIIA/Projects/rover_ws_v2/src/install/ros2_control_wheeled_robot_hardware/share/ros2_control_wheeled_robot_hardware/package.ps1'
[4.114s] INFO:colcon.colcon_core.shell:Creating package descriptor '/home/kirill/VNIIA/Projects/rover_ws_v2/src/install/ros2_control_wheeled_robot_hardware/share/ros2_control_wheeled_robot_hardware/package.dsv'
[4.114s] INFO:colcon.colcon_core.shell:Creating package script '/home/kirill/VNIIA/Projects/rover_ws_v2/src/install/ros2_control_wheeled_robot_hardware/share/ros2_control_wheeled_robot_hardware/package.sh'
[4.114s] INFO:colcon.colcon_core.shell:Creating package script '/home/kirill/VNIIA/Projects/rover_ws_v2/src/install/ros2_control_wheeled_robot_hardware/share/ros2_control_wheeled_robot_hardware/package.bash'
[4.115s] INFO:colcon.colcon_core.shell:Creating package script '/home/kirill/VNIIA/Projects/rover_ws_v2/src/install/ros2_control_wheeled_robot_hardware/share/ros2_control_wheeled_robot_hardware/package.zsh'
[4.115s] Level 1:colcon.colcon_core.environment:create_file_with_runtime_dependencies(/home/kirill/VNIIA/Projects/rover_ws_v2/src/install/ros2_control_wheeled_robot_hardware/share/colcon-core/packages/ros2_control_wheeled_robot_hardware)
[13.034s] DEBUG:colcon.colcon_core.event_handler.log_command:Invoked command in '/home/kirill/VNIIA/Projects/rover_ws_v2/src/build/velodyne_gazebo_plugins' returned '0': CMAKE_PREFIX_PATH=${CMAKE_PREFIX_PATH}:/opt/ros/humble /usr/bin/cmake --build /home/kirill/VNIIA/Projects/rover_ws_v2/src/build/velodyne_gazebo_plugins -- -j8 -l8
[13.035s] DEBUG:colcon.colcon_core.event_handler.log_command:Invoking command in '/home/kirill/VNIIA/Projects/rover_ws_v2/src/build/velodyne_gazebo_plugins': CMAKE_PREFIX_PATH=${CMAKE_PREFIX_PATH}:/opt/ros/humble /usr/bin/cmake --install /home/kirill/VNIIA/Projects/rover_ws_v2/src/build/velodyne_gazebo_plugins
[13.047s] Level 1:colcon.colcon_core.environment:create_environment_scripts_only(velodyne_gazebo_plugins)
[13.048s] Level 1:colcon.colcon_core.environment:checking '/home/kirill/VNIIA/Projects/rover_ws_v2/src/install/velodyne_gazebo_plugins' for CMake module files
[13.048s] DEBUG:colcon.colcon_core.event_handler.log_command:Invoked command in '/home/kirill/VNIIA/Projects/rover_ws_v2/src/build/velodyne_gazebo_plugins' returned '0': CMAKE_PREFIX_PATH=${CMAKE_PREFIX_PATH}:/opt/ros/humble /usr/bin/cmake --install /home/kirill/VNIIA/Projects/rover_ws_v2/src/build/velodyne_gazebo_plugins
[13.048s] Level 1:colcon.colcon_core.environment:checking '/home/kirill/VNIIA/Projects/rover_ws_v2/src/install/velodyne_gazebo_plugins' for CMake config files
[13.048s] Level 1:colcon.colcon_core.shell:create_environment_hook('velodyne_gazebo_plugins', 'cmake_prefix_path')
[13.048s] INFO:colcon.colcon_core.shell:Creating environment hook '/home/kirill/VNIIA/Projects/rover_ws_v2/src/install/velodyne_gazebo_plugins/share/velodyne_gazebo_plugins/hook/cmake_prefix_path.ps1'
[13.049s] INFO:colcon.colcon_core.shell:Creating environment descriptor '/home/kirill/VNIIA/Projects/rover_ws_v2/src/install/velodyne_gazebo_plugins/share/velodyne_gazebo_plugins/hook/cmake_prefix_path.dsv'
[13.049s] INFO:colcon.colcon_core.shell:Creating environment hook '/home/kirill/VNIIA/Projects/rover_ws_v2/src/install/velodyne_gazebo_plugins/share/velodyne_gazebo_plugins/hook/cmake_prefix_path.sh'
[13.049s] Level 1:colcon.colcon_core.environment:checking '/home/kirill/VNIIA/Projects/rover_ws_v2/src/install/velodyne_gazebo_plugins/lib'
[13.049s] Level 1:colcon.colcon_core.shell:create_environment_hook('velodyne_gazebo_plugins', 'ld_library_path_lib')
[13.049s] INFO:colcon.colcon_core.shell:Creating environment hook '/home/kirill/VNIIA/Projects/rover_ws_v2/src/install/velodyne_gazebo_plugins/share/velodyne_gazebo_plugins/hook/ld_library_path_lib.ps1'
[13.050s] INFO:colcon.colcon_core.shell:Creating environment descriptor '/home/kirill/VNIIA/Projects/rover_ws_v2/src/install/velodyne_gazebo_plugins/share/velodyne_gazebo_plugins/hook/ld_library_path_lib.dsv'
[13.050s] INFO:colcon.colcon_core.shell:Creating environment hook '/home/kirill/VNIIA/Projects/rover_ws_v2/src/install/velodyne_gazebo_plugins/share/velodyne_gazebo_plugins/hook/ld_library_path_lib.sh'
[13.050s] Level 1:colcon.colcon_core.environment:checking '/home/kirill/VNIIA/Projects/rover_ws_v2/src/install/velodyne_gazebo_plugins/bin'
[13.050s] Level 1:colcon.colcon_core.environment:checking '/home/kirill/VNIIA/Projects/rover_ws_v2/src/install/velodyne_gazebo_plugins/lib/pkgconfig/velodyne_gazebo_plugins.pc'
[13.050s] Level 1:colcon.colcon_core.environment:checking '/home/kirill/VNIIA/Projects/rover_ws_v2/src/install/velodyne_gazebo_plugins/lib/python3.10/site-packages'
[13.050s] Level 1:colcon.colcon_core.environment:checking '/home/kirill/VNIIA/Projects/rover_ws_v2/src/install/velodyne_gazebo_plugins/bin'
[13.051s] INFO:colcon.colcon_core.shell:Creating package script '/home/kirill/VNIIA/Projects/rover_ws_v2/src/install/velodyne_gazebo_plugins/share/velodyne_gazebo_plugins/package.ps1'
[13.051s] INFO:colcon.colcon_core.shell:Creating package descriptor '/home/kirill/VNIIA/Projects/rover_ws_v2/src/install/velodyne_gazebo_plugins/share/velodyne_gazebo_plugins/package.dsv'
[13.051s] INFO:colcon.colcon_core.shell:Creating package script '/home/kirill/VNIIA/Projects/rover_ws_v2/src/install/velodyne_gazebo_plugins/share/velodyne_gazebo_plugins/package.sh'
[13.051s] INFO:colcon.colcon_core.shell:Creating package script '/home/kirill/VNIIA/Projects/rover_ws_v2/src/install/velodyne_gazebo_plugins/share/velodyne_gazebo_plugins/package.bash'
[13.052s] INFO:colcon.colcon_core.shell:Creating package script '/home/kirill/VNIIA/Projects/rover_ws_v2/src/install/velodyne_gazebo_plugins/share/velodyne_gazebo_plugins/package.zsh'
[13.052s] Level 1:colcon.colcon_core.environment:create_file_with_runtime_dependencies(/home/kirill/VNIIA/Projects/rover_ws_v2/src/install/velodyne_gazebo_plugins/share/colcon-core/packages/velodyne_gazebo_plugins)
[13.052s] Level 1:colcon.colcon_core.environment:create_environment_scripts_only(velodyne_gazebo_plugins)
[13.052s] Level 1:colcon.colcon_core.environment:checking '/home/kirill/VNIIA/Projects/rover_ws_v2/src/install/velodyne_gazebo_plugins' for CMake module files
[13.053s] Level 1:colcon.colcon_core.environment:checking '/home/kirill/VNIIA/Projects/rover_ws_v2/src/install/velodyne_gazebo_plugins' for CMake config files
[13.053s] Level 1:colcon.colcon_core.shell:create_environment_hook('velodyne_gazebo_plugins', 'cmake_prefix_path')
[13.053s] INFO:colcon.colcon_core.shell:Creating environment hook '/home/kirill/VNIIA/Projects/rover_ws_v2/src/install/velodyne_gazebo_plugins/share/velodyne_gazebo_plugins/hook/cmake_prefix_path.ps1'
[13.053s] INFO:colcon.colcon_core.shell:Creating environment descriptor '/home/kirill/VNIIA/Projects/rover_ws_v2/src/install/velodyne_gazebo_plugins/share/velodyne_gazebo_plugins/hook/cmake_prefix_path.dsv'
[13.053s] INFO:colcon.colcon_core.shell:Creating environment hook '/home/kirill/VNIIA/Projects/rover_ws_v2/src/install/velodyne_gazebo_plugins/share/velodyne_gazebo_plugins/hook/cmake_prefix_path.sh'
[13.053s] Level 1:colcon.colcon_core.environment:checking '/home/kirill/VNIIA/Projects/rover_ws_v2/src/install/velodyne_gazebo_plugins/lib'
[13.054s] Level 1:colcon.colcon_core.shell:create_environment_hook('velodyne_gazebo_plugins', 'ld_library_path_lib')
[13.054s] INFO:colcon.colcon_core.shell:Creating environment hook '/home/kirill/VNIIA/Projects/rover_ws_v2/src/install/velodyne_gazebo_plugins/share/velodyne_gazebo_plugins/hook/ld_library_path_lib.ps1'
[13.054s] INFO:colcon.colcon_core.shell:Creating environment descriptor '/home/kirill/VNIIA/Projects/rover_ws_v2/src/install/velodyne_gazebo_plugins/share/velodyne_gazebo_plugins/hook/ld_library_path_lib.dsv'
[13.054s] INFO:colcon.colcon_core.shell:Creating environment hook '/home/kirill/VNIIA/Projects/rover_ws_v2/src/install/velodyne_gazebo_plugins/share/velodyne_gazebo_plugins/hook/ld_library_path_lib.sh'
[13.054s] Level 1:colcon.colcon_core.environment:checking '/home/kirill/VNIIA/Projects/rover_ws_v2/src/install/velodyne_gazebo_plugins/bin'
[13.054s] Level 1:colcon.colcon_core.environment:checking '/home/kirill/VNIIA/Projects/rover_ws_v2/src/install/velodyne_gazebo_plugins/lib/pkgconfig/velodyne_gazebo_plugins.pc'
[13.055s] Level 1:colcon.colcon_core.environment:checking '/home/kirill/VNIIA/Projects/rover_ws_v2/src/install/velodyne_gazebo_plugins/lib/python3.10/site-packages'
[13.055s] Level 1:colcon.colcon_core.environment:checking '/home/kirill/VNIIA/Projects/rover_ws_v2/src/install/velodyne_gazebo_plugins/bin'
[13.055s] INFO:colcon.colcon_core.shell:Creating package script '/home/kirill/VNIIA/Projects/rover_ws_v2/src/install/velodyne_gazebo_plugins/share/velodyne_gazebo_plugins/package.ps1'
[13.055s] INFO:colcon.colcon_core.shell:Creating package descriptor '/home/kirill/VNIIA/Projects/rover_ws_v2/src/install/velodyne_gazebo_plugins/share/velodyne_gazebo_plugins/package.dsv'
[13.055s] INFO:colcon.colcon_core.shell:Creating package script '/home/kirill/VNIIA/Projects/rover_ws_v2/src/install/velodyne_gazebo_plugins/share/velodyne_gazebo_plugins/package.sh'
[13.056s] INFO:colcon.colcon_core.shell:Creating package script '/home/kirill/VNIIA/Projects/rover_ws_v2/src/install/velodyne_gazebo_plugins/share/velodyne_gazebo_plugins/package.bash'
[13.056s] INFO:colcon.colcon_core.shell:Creating package script '/home/kirill/VNIIA/Projects/rover_ws_v2/src/install/velodyne_gazebo_plugins/share/velodyne_gazebo_plugins/package.zsh'
[13.056s] Level 1:colcon.colcon_core.environment:create_file_with_runtime_dependencies(/home/kirill/VNIIA/Projects/rover_ws_v2/src/install/velodyne_gazebo_plugins/share/colcon-core/packages/velodyne_gazebo_plugins)
[13.056s] INFO:colcon.colcon_ros.task.ament_cmake.build:Building ROS package in '/home/kirill/VNIIA/Projects/rover_ws_v2/src/velodyne_simulator/velodyne_simulator' with build type 'ament_cmake'
[13.056s] INFO:colcon.colcon_cmake.task.cmake.build:Building CMake package in '/home/kirill/VNIIA/Projects/rover_ws_v2/src/velodyne_simulator/velodyne_simulator'
[13.057s] INFO:colcon.colcon_core.shell:Skip shell extension 'powershell' for command environment: Not usable outside of PowerShell
[13.057s] DEBUG:colcon.colcon_core.shell:Skip shell extension 'dsv' for command environment
[13.064s] DEBUG:colcon.colcon_core.event_handler.log_command:Invoking command in '/home/kirill/VNIIA/Projects/rover_ws_v2/src/build/velodyne_simulator': AMENT_PREFIX_PATH=/home/kirill/VNIIA/Projects/rover_ws_v2/src/install/velodyne_gazebo_plugins:/home/kirill/VNIIA/Projects/rover_ws_v2/src/install/velodyne_description:${AMENT_PREFIX_PATH} CMAKE_PREFIX_PATH=/home/kirill/VNIIA/Projects/rover_ws_v2/src/install/velodyne_gazebo_plugins:/home/kirill/VNIIA/Projects/rover_ws_v2/src/install/velodyne_description:/home/kirill/VNIIA/Projects/rover_ws_v2/install/velodyne_simulator:/home/kirill/VNIIA/Projects/rover_ws_v2/install/velodyne_gazebo_plugins:/home/kirill/VNIIA/Projects/rover_ws_v2/install/velodyne_description:/home/kirill/VNIIA/Projects/rover_ws_v2/install/rover_test_plugin:/home/kirill/VNIIA/Projects/rover_ws_v2/install/rover_slam:/home/kirill/VNIIA/Projects/rover_ws_v2/install/rover_description:/home/kirill/VNIIA/Projects/rover_ws_v2/install/ros2_control_wheeled_robot_hardware:/opt/ros/humble LD_LIBRARY_PATH=/home/kirill/VNIIA/Projects/rover_ws_v2/src/install/velodyne_gazebo_plugins/lib:${LD_LIBRARY_PATH} /usr/bin/cmake /home/kirill/VNIIA/Projects/rover_ws_v2/src/velodyne_simulator/velodyne_simulator -DCMAKE_INSTALL_PREFIX=/home/kirill/VNIIA/Projects/rover_ws_v2/src/install/velodyne_simulator
[13.487s] DEBUG:colcon.colcon_core.event_handler.log_command:Invoked command in '/home/kirill/VNIIA/Projects/rover_ws_v2/src/build/velodyne_simulator' returned '0': AMENT_PREFIX_PATH=/home/kirill/VNIIA/Projects/rover_ws_v2/src/install/velodyne_gazebo_plugins:/home/kirill/VNIIA/Projects/rover_ws_v2/src/install/velodyne_description:${AMENT_PREFIX_PATH} CMAKE_PREFIX_PATH=/home/kirill/VNIIA/Projects/rover_ws_v2/src/install/velodyne_gazebo_plugins:/home/kirill/VNIIA/Projects/rover_ws_v2/src/install/velodyne_description:/home/kirill/VNIIA/Projects/rover_ws_v2/install/velodyne_simulator:/home/kirill/VNIIA/Projects/rover_ws_v2/install/velodyne_gazebo_plugins:/home/kirill/VNIIA/Projects/rover_ws_v2/install/velodyne_description:/home/kirill/VNIIA/Projects/rover_ws_v2/install/rover_test_plugin:/home/kirill/VNIIA/Projects/rover_ws_v2/install/rover_slam:/home/kirill/VNIIA/Projects/rover_ws_v2/install/rover_description:/home/kirill/VNIIA/Projects/rover_ws_v2/install/ros2_control_wheeled_robot_hardware:/opt/ros/humble LD_LIBRARY_PATH=/home/kirill/VNIIA/Projects/rover_ws_v2/src/install/velodyne_gazebo_plugins/lib:${LD_LIBRARY_PATH} /usr/bin/cmake /home/kirill/VNIIA/Projects/rover_ws_v2/src/velodyne_simulator/velodyne_simulator -DCMAKE_INSTALL_PREFIX=/home/kirill/VNIIA/Projects/rover_ws_v2/src/install/velodyne_simulator
[13.488s] DEBUG:colcon.colcon_core.event_handler.log_command:Invoking command in '/home/kirill/VNIIA/Projects/rover_ws_v2/src/build/velodyne_simulator': AMENT_PREFIX_PATH=/home/kirill/VNIIA/Projects/rover_ws_v2/src/install/velodyne_gazebo_plugins:/home/kirill/VNIIA/Projects/rover_ws_v2/src/install/velodyne_description:${AMENT_PREFIX_PATH} CMAKE_PREFIX_PATH=/home/kirill/VNIIA/Projects/rover_ws_v2/src/install/velodyne_gazebo_plugins:/home/kirill/VNIIA/Projects/rover_ws_v2/src/install/velodyne_description:/home/kirill/VNIIA/Projects/rover_ws_v2/install/velodyne_simulator:/home/kirill/VNIIA/Projects/rover_ws_v2/install/velodyne_gazebo_plugins:/home/kirill/VNIIA/Projects/rover_ws_v2/install/velodyne_description:/home/kirill/VNIIA/Projects/rover_ws_v2/install/rover_test_plugin:/home/kirill/VNIIA/Projects/rover_ws_v2/install/rover_slam:/home/kirill/VNIIA/Projects/rover_ws_v2/install/rover_description:/home/kirill/VNIIA/Projects/rover_ws_v2/install/ros2_control_wheeled_robot_hardware:/opt/ros/humble LD_LIBRARY_PATH=/home/kirill/VNIIA/Projects/rover_ws_v2/src/install/velodyne_gazebo_plugins/lib:${LD_LIBRARY_PATH} /usr/bin/cmake --build /home/kirill/VNIIA/Projects/rover_ws_v2/src/build/velodyne_simulator -- -j8 -l8
[13.514s] DEBUG:colcon.colcon_core.event_handler.log_command:Invoked command in '/home/kirill/VNIIA/Projects/rover_ws_v2/src/build/velodyne_simulator' returned '0': AMENT_PREFIX_PATH=/home/kirill/VNIIA/Projects/rover_ws_v2/src/install/velodyne_gazebo_plugins:/home/kirill/VNIIA/Projects/rover_ws_v2/src/install/velodyne_description:${AMENT_PREFIX_PATH} CMAKE_PREFIX_PATH=/home/kirill/VNIIA/Projects/rover_ws_v2/src/install/velodyne_gazebo_plugins:/home/kirill/VNIIA/Projects/rover_ws_v2/src/install/velodyne_description:/home/kirill/VNIIA/Projects/rover_ws_v2/install/velodyne_simulator:/home/kirill/VNIIA/Projects/rover_ws_v2/install/velodyne_gazebo_plugins:/home/kirill/VNIIA/Projects/rover_ws_v2/install/velodyne_description:/home/kirill/VNIIA/Projects/rover_ws_v2/install/rover_test_plugin:/home/kirill/VNIIA/Projects/rover_ws_v2/install/rover_slam:/home/kirill/VNIIA/Projects/rover_ws_v2/install/rover_description:/home/kirill/VNIIA/Projects/rover_ws_v2/install/ros2_control_wheeled_robot_hardware:/opt/ros/humble LD_LIBRARY_PATH=/home/kirill/VNIIA/Projects/rover_ws_v2/src/install/velodyne_gazebo_plugins/lib:${LD_LIBRARY_PATH} /usr/bin/cmake --build /home/kirill/VNIIA/Projects/rover_ws_v2/src/build/velodyne_simulator -- -j8 -l8
[13.515s] DEBUG:colcon.colcon_core.event_handler.log_command:Invoking command in '/home/kirill/VNIIA/Projects/rover_ws_v2/src/build/velodyne_simulator': AMENT_PREFIX_PATH=/home/kirill/VNIIA/Projects/rover_ws_v2/src/install/velodyne_gazebo_plugins:/home/kirill/VNIIA/Projects/rover_ws_v2/src/install/velodyne_description:${AMENT_PREFIX_PATH} CMAKE_PREFIX_PATH=/home/kirill/VNIIA/Projects/rover_ws_v2/src/install/velodyne_gazebo_plugins:/home/kirill/VNIIA/Projects/rover_ws_v2/src/install/velodyne_description:/home/kirill/VNIIA/Projects/rover_ws_v2/install/velodyne_simulator:/home/kirill/VNIIA/Projects/rover_ws_v2/install/velodyne_gazebo_plugins:/home/kirill/VNIIA/Projects/rover_ws_v2/install/velodyne_description:/home/kirill/VNIIA/Projects/rover_ws_v2/install/rover_test_plugin:/home/kirill/VNIIA/Projects/rover_ws_v2/install/rover_slam:/home/kirill/VNIIA/Projects/rover_ws_v2/install/rover_description:/home/kirill/VNIIA/Projects/rover_ws_v2/install/ros2_control_wheeled_robot_hardware:/opt/ros/humble LD_LIBRARY_PATH=/home/kirill/VNIIA/Projects/rover_ws_v2/src/install/velodyne_gazebo_plugins/lib:${LD_LIBRARY_PATH} /usr/bin/cmake --install /home/kirill/VNIIA/Projects/rover_ws_v2/src/build/velodyne_simulator
[13.522s] Level 1:colcon.colcon_core.environment:create_environment_scripts_only(velodyne_simulator)
[13.522s] Level 1:colcon.colcon_core.environment:checking '/home/kirill/VNIIA/Projects/rover_ws_v2/src/install/velodyne_simulator' for CMake module files
[13.522s] DEBUG:colcon.colcon_core.event_handler.log_command:Invoked command in '/home/kirill/VNIIA/Projects/rover_ws_v2/src/build/velodyne_simulator' returned '0': AMENT_PREFIX_PATH=/home/kirill/VNIIA/Projects/rover_ws_v2/src/install/velodyne_gazebo_plugins:/home/kirill/VNIIA/Projects/rover_ws_v2/src/install/velodyne_description:${AMENT_PREFIX_PATH} CMAKE_PREFIX_PATH=/home/kirill/VNIIA/Projects/rover_ws_v2/src/install/velodyne_gazebo_plugins:/home/kirill/VNIIA/Projects/rover_ws_v2/src/install/velodyne_description:/home/kirill/VNIIA/Projects/rover_ws_v2/install/velodyne_simulator:/home/kirill/VNIIA/Projects/rover_ws_v2/install/velodyne_gazebo_plugins:/home/kirill/VNIIA/Projects/rover_ws_v2/install/velodyne_description:/home/kirill/VNIIA/Projects/rover_ws_v2/install/rover_test_plugin:/home/kirill/VNIIA/Projects/rover_ws_v2/install/rover_slam:/home/kirill/VNIIA/Projects/rover_ws_v2/install/rover_description:/home/kirill/VNIIA/Projects/rover_ws_v2/install/ros2_control_wheeled_robot_hardware:/opt/ros/humble LD_LIBRARY_PATH=/home/kirill/VNIIA/Projects/rover_ws_v2/src/install/velodyne_gazebo_plugins/lib:${LD_LIBRARY_PATH} /usr/bin/cmake --install /home/kirill/VNIIA/Projects/rover_ws_v2/src/build/velodyne_simulator
[13.522s] Level 1:colcon.colcon_core.environment:checking '/home/kirill/VNIIA/Projects/rover_ws_v2/src/install/velodyne_simulator' for CMake config files
[13.522s] Level 1:colcon.colcon_core.shell:create_environment_hook('velodyne_simulator', 'cmake_prefix_path')
[13.523s] INFO:colcon.colcon_core.shell:Creating environment hook '/home/kirill/VNIIA/Projects/rover_ws_v2/src/install/velodyne_simulator/share/velodyne_simulator/hook/cmake_prefix_path.ps1'
[13.523s] INFO:colcon.colcon_core.shell:Creating environment descriptor '/home/kirill/VNIIA/Projects/rover_ws_v2/src/install/velodyne_simulator/share/velodyne_simulator/hook/cmake_prefix_path.dsv'
[13.523s] INFO:colcon.colcon_core.shell:Creating environment hook '/home/kirill/VNIIA/Projects/rover_ws_v2/src/install/velodyne_simulator/share/velodyne_simulator/hook/cmake_prefix_path.sh'
[13.524s] Level 1:colcon.colcon_core.environment:checking '/home/kirill/VNIIA/Projects/rover_ws_v2/src/install/velodyne_simulator/bin'
[13.524s] Level 1:colcon.colcon_core.environment:checking '/home/kirill/VNIIA/Projects/rover_ws_v2/src/install/velodyne_simulator/lib/pkgconfig/velodyne_simulator.pc'
[13.524s] Level 1:colcon.colcon_core.environment:checking '/home/kirill/VNIIA/Projects/rover_ws_v2/src/install/velodyne_simulator/lib/python3.10/site-packages'
[13.524s] Level 1:colcon.colcon_core.environment:checking '/home/kirill/VNIIA/Projects/rover_ws_v2/src/install/velodyne_simulator/bin'
[13.524s] INFO:colcon.colcon_core.shell:Creating package script '/home/kirill/VNIIA/Projects/rover_ws_v2/src/install/velodyne_simulator/share/velodyne_simulator/package.ps1'
[13.524s] INFO:colcon.colcon_core.shell:Creating package descriptor '/home/kirill/VNIIA/Projects/rover_ws_v2/src/install/velodyne_simulator/share/velodyne_simulator/package.dsv'
[13.525s] INFO:colcon.colcon_core.shell:Creating package script '/home/kirill/VNIIA/Projects/rover_ws_v2/src/install/velodyne_simulator/share/velodyne_simulator/package.sh'
[13.525s] INFO:colcon.colcon_core.shell:Creating package script '/home/kirill/VNIIA/Projects/rover_ws_v2/src/install/velodyne_simulator/share/velodyne_simulator/package.bash'
[13.525s] INFO:colcon.colcon_core.shell:Creating package script '/home/kirill/VNIIA/Projects/rover_ws_v2/src/install/velodyne_simulator/share/velodyne_simulator/package.zsh'
[13.525s] Level 1:colcon.colcon_core.environment:create_file_with_runtime_dependencies(/home/kirill/VNIIA/Projects/rover_ws_v2/src/install/velodyne_simulator/share/colcon-core/packages/velodyne_simulator)
[13.525s] Level 1:colcon.colcon_core.environment:create_environment_scripts_only(velodyne_simulator)
[13.526s] Level 1:colcon.colcon_core.environment:checking '/home/kirill/VNIIA/Projects/rover_ws_v2/src/install/velodyne_simulator' for CMake module files
[13.526s] Level 1:colcon.colcon_core.environment:checking '/home/kirill/VNIIA/Projects/rover_ws_v2/src/install/velodyne_simulator' for CMake config files
[13.526s] Level 1:colcon.colcon_core.shell:create_environment_hook('velodyne_simulator', 'cmake_prefix_path')
[13.526s] INFO:colcon.colcon_core.shell:Creating environment hook '/home/kirill/VNIIA/Projects/rover_ws_v2/src/install/velodyne_simulator/share/velodyne_simulator/hook/cmake_prefix_path.ps1'
[13.526s] INFO:colcon.colcon_core.shell:Creating environment descriptor '/home/kirill/VNIIA/Projects/rover_ws_v2/src/install/velodyne_simulator/share/velodyne_simulator/hook/cmake_prefix_path.dsv'
[13.527s] INFO:colcon.colcon_core.shell:Creating environment hook '/home/kirill/VNIIA/Projects/rover_ws_v2/src/install/velodyne_simulator/share/velodyne_simulator/hook/cmake_prefix_path.sh'
[13.527s] Level 1:colcon.colcon_core.environment:checking '/home/kirill/VNIIA/Projects/rover_ws_v2/src/install/velodyne_simulator/bin'
[13.527s] Level 1:colcon.colcon_core.environment:checking '/home/kirill/VNIIA/Projects/rover_ws_v2/src/install/velodyne_simulator/lib/pkgconfig/velodyne_simulator.pc'
[13.527s] Level 1:colcon.colcon_core.environment:checking '/home/kirill/VNIIA/Projects/rover_ws_v2/src/install/velodyne_simulator/lib/python3.10/site-packages'
[13.527s] Level 1:colcon.colcon_core.environment:checking '/home/kirill/VNIIA/Projects/rover_ws_v2/src/install/velodyne_simulator/bin'
[13.527s] INFO:colcon.colcon_core.shell:Creating package script '/home/kirill/VNIIA/Projects/rover_ws_v2/src/install/velodyne_simulator/share/velodyne_simulator/package.ps1'
[13.528s] INFO:colcon.colcon_core.shell:Creating package descriptor '/home/kirill/VNIIA/Projects/rover_ws_v2/src/install/velodyne_simulator/share/velodyne_simulator/package.dsv'
[13.528s] INFO:colcon.colcon_core.shell:Creating package script '/home/kirill/VNIIA/Projects/rover_ws_v2/src/install/velodyne_simulator/share/velodyne_simulator/package.sh'
[13.528s] INFO:colcon.colcon_core.shell:Creating package script '/home/kirill/VNIIA/Projects/rover_ws_v2/src/install/velodyne_simulator/share/velodyne_simulator/package.bash'
[13.528s] INFO:colcon.colcon_core.shell:Creating package script '/home/kirill/VNIIA/Projects/rover_ws_v2/src/install/velodyne_simulator/share/velodyne_simulator/package.zsh'
[13.529s] Level 1:colcon.colcon_core.environment:create_file_with_runtime_dependencies(/home/kirill/VNIIA/Projects/rover_ws_v2/src/install/velodyne_simulator/share/colcon-core/packages/velodyne_simulator)
[13.529s] DEBUG:colcon.colcon_parallel_executor.executor.parallel:closing loop
[13.529s] DEBUG:colcon.colcon_parallel_executor.executor.parallel:loop closed
[13.529s] DEBUG:colcon.colcon_parallel_executor.executor.parallel:run_until_complete finished with '0'
[13.529s] DEBUG:colcon.colcon_core.event_reactor:joining thread
[13.532s] INFO:colcon.colcon_core.plugin_system:Skipping extension 'colcon_notification.desktop_notification.terminal_notifier': Not used on non-Darwin systems
[13.532s] INFO:colcon.colcon_core.plugin_system:Skipping extension 'colcon_notification.desktop_notification.win32': Not used on non-Windows systems
[13.532s] INFO:colcon.colcon_notification.desktop_notification:Sending desktop notification using 'notify2'
[13.540s] DEBUG:colcon.colcon_core.event_reactor:joined thread
[13.540s] INFO:colcon.colcon_core.shell:Creating prefix script '/home/kirill/VNIIA/Projects/rover_ws_v2/src/install/local_setup.ps1'
[13.541s] INFO:colcon.colcon_core.shell:Creating prefix util module '/home/kirill/VNIIA/Projects/rover_ws_v2/src/install/_local_setup_util_ps1.py'
[13.542s] INFO:colcon.colcon_core.shell:Creating prefix chain script '/home/kirill/VNIIA/Projects/rover_ws_v2/src/install/setup.ps1'
[13.543s] INFO:colcon.colcon_core.shell:Creating prefix script '/home/kirill/VNIIA/Projects/rover_ws_v2/src/install/local_setup.sh'
[13.543s] INFO:colcon.colcon_core.shell:Creating prefix util module '/home/kirill/VNIIA/Projects/rover_ws_v2/src/install/_local_setup_util_sh.py'
[13.543s] INFO:colcon.colcon_core.shell:Creating prefix chain script '/home/kirill/VNIIA/Projects/rover_ws_v2/src/install/setup.sh'
[13.544s] INFO:colcon.colcon_core.shell:Creating prefix script '/home/kirill/VNIIA/Projects/rover_ws_v2/src/install/local_setup.bash'
[13.545s] INFO:colcon.colcon_core.shell:Creating prefix chain script '/home/kirill/VNIIA/Projects/rover_ws_v2/src/install/setup.bash'
[13.545s] INFO:colcon.colcon_core.shell:Creating prefix script '/home/kirill/VNIIA/Projects/rover_ws_v2/src/install/local_setup.zsh'
[13.546s] INFO:colcon.colcon_core.shell:Creating prefix chain script '/home/kirill/VNIIA/Projects/rover_ws_v2/src/install/setup.zsh'
