[0.011s] Invoking command in '/home/kirill/VNIIA/Projects/rover_ws_v2/src/build/velodyne_gazebo_plugins': CMAKE_PREFIX_PATH=${CMAKE_PREFIX_PATH}:/opt/ros/humble /usr/bin/cmake /home/kirill/VNIIA/Projects/rover_ws_v2/src/velodyne_simulator/velodyne_gazebo_plugins -DCMAKE_INSTALL_PREFIX=/home/kirill/VNIIA/Projects/rover_ws_v2/src/install/velodyne_gazebo_plugins
[0.052s] -- The C compiler identification is GNU 11.4.0
[0.094s] -- The CXX compiler identification is GNU 11.4.0
[0.100s] -- Detecting C compiler ABI info
[0.155s] -- Detecting C compiler ABI info - done
[0.160s] -- Check for working C compiler: /usr/bin/cc - skipped
[0.160s] -- Detecting C compile features
[0.160s] -- Detecting C compile features - done
[0.162s] -- Detecting CXX compiler ABI info
[0.224s] -- Detecting CXX compiler ABI info - done
[0.233s] -- Check for working CXX compiler: /usr/bin/c++ - skipped
[0.233s] -- Detecting CXX compile features
[0.234s] -- Detecting CXX compile features - done
[0.237s] -- Found ament_cmake: 1.3.11 (/opt/ros/humble/share/ament_cmake/cmake)
[0.354s] -- Found Python3: /usr/bin/python3 (found version "3.10.12") found components: Interpreter 
[0.465s] -- Found gazebo_dev: 3.9.0 (/opt/ros/humble/share/gazebo_dev/cmake)
[0.471s] -- Found PkgConfig: /usr/bin/pkg-config (found version "0.29.2") 
[0.479s] -- Checking for module 'bullet>=2.82'
[0.490s] --   Found bullet, version 3.05
[0.587s] -- Found fcl: /usr/include (found suitable version "0.7.0", minimum required is "0.5.0") 
[0.620s] -- Found assimp: /usr/include (found version "5.2.0") 
[0.634s] -- Found DART: /usr/include (Required is at least version "6.6") found components: dart 
[0.759s] -- Found Boost: /usr/lib/x86_64-linux-gnu/cmake/Boost-1.74.0/BoostConfig.cmake (found suitable version "1.74.0", minimum required is "1.40.0") found components: thread system filesystem program_options regex iostreams date_time 
[0.771s] -- Found Protobuf: /usr/lib/x86_64-linux-gnu/libprotobuf.so (found version "3.12.4") 
[0.775s] -- Looking for ignition-math6 -- found version 6.15.1
[0.779s] -- Searching for dependencies of ignition-math6
[0.780s] -- Looking for OGRE...
[0.781s] -- OGRE_PREFIX_WATCH changed.
[0.784s] -- Checking for module 'OGRE'
[0.791s] --   Found OGRE, version 1.9.0
[0.811s] -- Found Ogre Ghadamon (1.9.0)
[0.818s] -- Found OGRE: optimized;/usr/lib/x86_64-linux-gnu/libOgreMain.so;debug;/usr/lib/x86_64-linux-gnu/libOgreMain.so
[0.825s] -- Looking for OGRE_Paging...
[0.831s] -- Found OGRE_Paging: optimized;/usr/lib/x86_64-linux-gnu/libOgrePaging.so;debug;/usr/lib/x86_64-linux-gnu/libOgrePaging.so
[0.831s] -- Looking for OGRE_Terrain...
[0.835s] -- Found OGRE_Terrain: optimized;/usr/lib/x86_64-linux-gnu/libOgreTerrain.so;debug;/usr/lib/x86_64-linux-gnu/libOgreTerrain.so
[0.835s] -- Looking for OGRE_Property...
[0.839s] -- Found OGRE_Property: optimized;/usr/lib/x86_64-linux-gnu/libOgreProperty.so;debug;/usr/lib/x86_64-linux-gnu/libOgreProperty.so
[0.839s] -- Looking for OGRE_RTShaderSystem...
[0.842s] -- Found OGRE_RTShaderSystem: optimized;/usr/lib/x86_64-linux-gnu/libOgreRTShaderSystem.so;debug;/usr/lib/x86_64-linux-gnu/libOgreRTShaderSystem.so
[0.842s] -- Looking for OGRE_Volume...
[0.847s] -- Found OGRE_Volume: optimized;/usr/lib/x86_64-linux-gnu/libOgreVolume.so;debug;/usr/lib/x86_64-linux-gnu/libOgreVolume.so
[0.847s] -- Looking for OGRE_Overlay...
[0.853s] -- Found OGRE_Overlay: optimized;/usr/lib/x86_64-linux-gnu/libOgreOverlay.so;debug;/usr/lib/x86_64-linux-gnu/libOgreOverlay.so
[0.940s] -- Looking for ignition-math6 -- found version 6.15.1
[0.942s] -- Looking for ignition-transport8 -- found version 8.2.1
[0.942s] -- Searching for dependencies of ignition-transport8
[0.957s] -- Found Protobuf: /usr/lib/x86_64-linux-gnu/libprotobuf.so (found suitable version "3.12.4", minimum required is "3") 
[0.964s] -- Config-file not installed for ZeroMQ -- checking for pkg-config
[0.968s] -- Checking for module 'libzmq >= 4'
[0.976s] --   Found libzmq , version 4.3.4
[0.999s] -- Found ZeroMQ: TRUE (Required is at least version "4") 
[1.003s] -- Checking for module 'uuid'
[1.011s] --   Found uuid, version 2.37.2
[1.034s] -- Found UUID: TRUE  
[1.036s] -- Looking for ignition-msgs5 -- found version 5.8.1
[1.036s] -- Searching for dependencies of ignition-msgs5
[1.051s] -- Looking for ignition-math6 -- found version 6.15.1
[1.056s] -- Checking for module 'tinyxml2'
[1.068s] --   Found tinyxml2, version 9.0.0
[1.095s] -- Looking for ignition-msgs5 -- found version 5.8.1
[1.097s] -- Looking for ignition-common3 -- found version 3.14.0
[1.098s] -- Searching for dependencies of ignition-common3
[1.098s] -- Looking for dlfcn.h - found
[1.099s] -- Looking for libdl - found
[1.100s] -- Found DL: TRUE  
[1.111s] -- Found tinyobjloader: /usr/lib/x86_64-linux-gnu/cmake/tinyobjloader/tinyobjloader-config.cmake (found version "2.0.0") 
[1.111s] -- Searching for <ignition-common3> component [graphics]
[1.114s] -- Looking for ignition-common3-graphics -- found version 3.14.0
[1.114s] -- Searching for dependencies of ignition-common3-graphics
[1.115s] -- Looking for ignition-math6 -- found version 6.15.1
[1.117s] -- Looking for ignition-fuel_tools4 -- found version 4.4.0
[1.117s] -- Searching for dependencies of ignition-fuel_tools4
[1.174s] -- Found CURL: /usr/lib/x86_64-linux-gnu/libcurl.so (found version "7.81.0")  
[1.183s] -- Checking for module 'jsoncpp'
[1.191s] --   Found jsoncpp, version 1.9.5
[1.212s] -- Found JSONCPP: TRUE  
[1.217s] -- Checking for module 'libzip'
[1.229s] --   Found libzip, version 1.7.3
[1.254s] -- Found ZIP: TRUE  
[1.254s] -- Looking for ignition-common3 -- found version 3.14.0
[1.255s] -- Looking for ignition-math6 -- found version 6.15.1
[1.255s] -- Looking for ignition-msgs5 -- found version 5.8.1
[1.258s] -- Gazebo version: 11.10
[1.258s] -- Checking for module 'tbb'
[1.268s] --   Found tbb, version 2021.5.0
[1.289s] -- Found gazebo_ros: 3.9.0 (/opt/ros/humble/share/gazebo_ros/cmake)
[1.321s] -- Found rosidl_generator_c: 3.1.6 (/opt/ros/humble/share/rosidl_generator_c/cmake)
[1.325s] -- Found rosidl_adapter: 3.1.6 (/opt/ros/humble/share/rosidl_adapter/cmake)
[1.333s] -- Found rosidl_generator_cpp: 3.1.6 (/opt/ros/humble/share/rosidl_generator_cpp/cmake)
[1.343s] -- Using all available rosidl_typesupport_c: rosidl_typesupport_fastrtps_c;rosidl_typesupport_introspection_c
[1.356s] -- Using all available rosidl_typesupport_cpp: rosidl_typesupport_fastrtps_cpp;rosidl_typesupport_introspection_cpp
[1.395s] -- Found rmw_implementation_cmake: 6.1.2 (/opt/ros/humble/share/rmw_implementation_cmake/cmake)
[1.397s] -- Found rmw_fastrtps_cpp: 6.2.7 (/opt/ros/humble/share/rmw_fastrtps_cpp/cmake)
[1.463s] -- Found OpenSSL: /usr/lib/x86_64-linux-gnu/libcrypto.so (found version "3.0.2")  
[1.484s] -- Found FastRTPS: /opt/ros/humble/include  
[1.517s] -- Using RMW implementation 'rmw_fastrtps_cpp' as default
[1.525s] -- Found Threads: TRUE  
[1.565s] -- Found gazebo_msgs: 3.9.0 (/opt/ros/humble/share/gazebo_msgs/cmake)
[1.604s] -- Found sensor_msgs: 4.2.4 (/opt/ros/humble/share/sensor_msgs/cmake)
[1.617s] -- Found tf2: 0.25.12 (/opt/ros/humble/share/tf2/cmake)
[1.680s] -- Configuring done
[1.696s] -- Generating done
[1.700s] -- Build files have been written to: /home/kirill/VNIIA/Projects/rover_ws_v2/src/build/velodyne_gazebo_plugins
[1.710s] Invoked command in '/home/kirill/VNIIA/Projects/rover_ws_v2/src/build/velodyne_gazebo_plugins' returned '0': CMAKE_PREFIX_PATH=${CMAKE_PREFIX_PATH}:/opt/ros/humble /usr/bin/cmake /home/kirill/VNIIA/Projects/rover_ws_v2/src/velodyne_simulator/velodyne_gazebo_plugins -DCMAKE_INSTALL_PREFIX=/home/kirill/VNIIA/Projects/rover_ws_v2/src/install/velodyne_gazebo_plugins
[1.712s] Invoking command in '/home/kirill/VNIIA/Projects/rover_ws_v2/src/build/velodyne_gazebo_plugins': CMAKE_PREFIX_PATH=${CMAKE_PREFIX_PATH}:/opt/ros/humble /usr/bin/cmake --build /home/kirill/VNIIA/Projects/rover_ws_v2/src/build/velodyne_gazebo_plugins -- -j8 -l8
[1.749s] [ 50%] [32mBuilding CXX object CMakeFiles/gazebo_ros_velodyne_laser.dir/src/GazeboRosVelodyneLaser.cpp.o[0m
[8.768s] In file included from [01m[K/opt/ros/humble/include/rclcpp/rclcpp/logging.hpp:24[m[K,
[8.768s]                  from [01m[K/opt/ros/humble/include/rclcpp/rclcpp/client.hpp:40[m[K,
[8.768s]                  from [01m[K/opt/ros/humble/include/rclcpp/rclcpp/callback_group.hpp:24[m[K,
[8.768s]                  from [01m[K/opt/ros/humble/include/rclcpp/rclcpp/any_executable.hpp:20[m[K,
[8.768s]                  from [01m[K/opt/ros/humble/include/rclcpp/rclcpp/memory_strategy.hpp:25[m[K,
[8.768s]                  from [01m[K/opt/ros/humble/include/rclcpp/rclcpp/memory_strategies.hpp:18[m[K,
[8.768s]                  from [01m[K/opt/ros/humble/include/rclcpp/rclcpp/executor_options.hpp:20[m[K,
[8.768s]                  from [01m[K/opt/ros/humble/include/rclcpp/rclcpp/executor.hpp:37[m[K,
[8.768s]                  from [01m[K/opt/ros/humble/include/rclcpp/rclcpp/executors/multi_threaded_executor.hpp:25[m[K,
[8.768s]                  from [01m[K/opt/ros/humble/include/rclcpp/rclcpp/executors.hpp:21[m[K,
[8.768s]                  from [01m[K/opt/ros/humble/include/rclcpp/rclcpp/rclcpp.hpp:155[m[K,
[8.768s]                  from [01m[K/opt/ros/humble/include/gazebo_ros/node.hpp:18[m[K,
[8.768s]                  from [01m[K/home/kirill/VNIIA/Projects/rover_ws_v2/src/velodyne_simulator/velodyne_gazebo_plugins/include/velodyne_gazebo_plugins/GazeboRosVelodyneLaser.h:53[m[K,
[8.768s]                  from [01m[K/home/kirill/VNIIA/Projects/rover_ws_v2/src/velodyne_simulator/velodyne_gazebo_plugins/src/GazeboRosVelodyneLaser.cpp:35[m[K:
[8.768s] [01m[K/home/kirill/VNIIA/Projects/rover_ws_v2/src/velodyne_simulator/velodyne_gazebo_plugins/src/GazeboRosVelodyneLaser.cpp:[m[K In member function ‘[01m[Kvirtual void gazebo::GazeboRosVelodyneLaser::Load(gazebo::sensors::SensorPtr, sdf::v9::ElementPtr)[m[K’:
[8.768s] [01m[K/home/kirill/VNIIA/Projects/rover_ws_v2/src/velodyne_simulator/velodyne_gazebo_plugins/src/GazeboRosVelodyneLaser.cpp:295:40:[m[K [01;35m[Kwarning: [m[Kformat ‘[01m[K%s[m[K’ expects a matching ‘[01m[Kchar*[m[K’ argument [[01;35m[K]8;;https://gcc.gnu.org/onlinedocs/gcc/Warning-Options.html#index-Wformat=-Wformat=]8;;[m[K]
[8.768s]   295 |   RCLCPP_INFO(ros_node_->get_logger(), [01;35m[K"Velodyne %slaser plugin ready"[m[K);
[8.768s]       |                                        [01;35m[K^~~~~~~~~~~~~~~~~~~~~~~~~~~~~~~[m[K
[8.768s] [01m[K/home/kirill/VNIIA/Projects/rover_ws_v2/src/velodyne_simulator/velodyne_gazebo_plugins/src/GazeboRosVelodyneLaser.cpp:295:51:[m[K [01;36m[Knote: [m[Kformat string is defined here
[8.768s]   295 |   RCLCPP_INFO(ros_node_->get_logger(), "Velodyne [01;36m[K%s[m[Klaser plugin ready");
[8.768s]       |                                                  [01;36m[K~^[m[K
[8.768s]       |                                                   [01;36m[K|[m[K
[8.768s]       |                                                   [01;36m[Kchar*[m[K
[12.276s] [100%] [32m[1mLinking CXX shared library libgazebo_ros_velodyne_laser.so[0m
[12.743s] [100%] Built target gazebo_ros_velodyne_laser
[12.750s] Invoked command in '/home/kirill/VNIIA/Projects/rover_ws_v2/src/build/velodyne_gazebo_plugins' returned '0': CMAKE_PREFIX_PATH=${CMAKE_PREFIX_PATH}:/opt/ros/humble /usr/bin/cmake --build /home/kirill/VNIIA/Projects/rover_ws_v2/src/build/velodyne_gazebo_plugins -- -j8 -l8
[12.751s] Invoking command in '/home/kirill/VNIIA/Projects/rover_ws_v2/src/build/velodyne_gazebo_plugins': CMAKE_PREFIX_PATH=${CMAKE_PREFIX_PATH}:/opt/ros/humble /usr/bin/cmake --install /home/kirill/VNIIA/Projects/rover_ws_v2/src/build/velodyne_gazebo_plugins
[12.756s] -- Install configuration: ""
[12.756s] -- Installing: /home/kirill/VNIIA/Projects/rover_ws_v2/src/install/velodyne_gazebo_plugins/share/velodyne_gazebo_plugins/environment/library_path.sh
[12.756s] -- Installing: /home/kirill/VNIIA/Projects/rover_ws_v2/src/install/velodyne_gazebo_plugins/share/velodyne_gazebo_plugins/environment/library_path.dsv
[12.757s] -- Installing: /home/kirill/VNIIA/Projects/rover_ws_v2/src/install/velodyne_gazebo_plugins/share/ament_index/resource_index/package_run_dependencies/velodyne_gazebo_plugins
[12.757s] -- Installing: /home/kirill/VNIIA/Projects/rover_ws_v2/src/install/velodyne_gazebo_plugins/share/ament_index/resource_index/parent_prefix_path/velodyne_gazebo_plugins
[12.757s] -- Installing: /home/kirill/VNIIA/Projects/rover_ws_v2/src/install/velodyne_gazebo_plugins/share/velodyne_gazebo_plugins/environment/ament_prefix_path.sh
[12.757s] -- Installing: /home/kirill/VNIIA/Projects/rover_ws_v2/src/install/velodyne_gazebo_plugins/share/velodyne_gazebo_plugins/environment/ament_prefix_path.dsv
[12.757s] -- Installing: /home/kirill/VNIIA/Projects/rover_ws_v2/src/install/velodyne_gazebo_plugins/share/velodyne_gazebo_plugins/environment/path.sh
[12.757s] -- Installing: /home/kirill/VNIIA/Projects/rover_ws_v2/src/install/velodyne_gazebo_plugins/share/velodyne_gazebo_plugins/environment/path.dsv
[12.757s] -- Installing: /home/kirill/VNIIA/Projects/rover_ws_v2/src/install/velodyne_gazebo_plugins/share/velodyne_gazebo_plugins/local_setup.bash
[12.757s] -- Installing: /home/kirill/VNIIA/Projects/rover_ws_v2/src/install/velodyne_gazebo_plugins/share/velodyne_gazebo_plugins/local_setup.sh
[12.757s] -- Installing: /home/kirill/VNIIA/Projects/rover_ws_v2/src/install/velodyne_gazebo_plugins/share/velodyne_gazebo_plugins/local_setup.zsh
[12.757s] -- Installing: /home/kirill/VNIIA/Projects/rover_ws_v2/src/install/velodyne_gazebo_plugins/share/velodyne_gazebo_plugins/local_setup.dsv
[12.758s] -- Installing: /home/kirill/VNIIA/Projects/rover_ws_v2/src/install/velodyne_gazebo_plugins/share/velodyne_gazebo_plugins/package.dsv
[12.758s] -- Installing: /home/kirill/VNIIA/Projects/rover_ws_v2/src/install/velodyne_gazebo_plugins/share/ament_index/resource_index/packages/velodyne_gazebo_plugins
[12.758s] -- Installing: /home/kirill/VNIIA/Projects/rover_ws_v2/src/install/velodyne_gazebo_plugins/share/velodyne_gazebo_plugins/cmake/ament_cmake_export_libraries-extras.cmake
[12.758s] -- Installing: /home/kirill/VNIIA/Projects/rover_ws_v2/src/install/velodyne_gazebo_plugins/share/velodyne_gazebo_plugins/cmake/ament_cmake_export_include_directories-extras.cmake
[12.758s] -- Installing: /home/kirill/VNIIA/Projects/rover_ws_v2/src/install/velodyne_gazebo_plugins/share/velodyne_gazebo_plugins/cmake/ament_cmake_export_dependencies-extras.cmake
[12.758s] -- Installing: /home/kirill/VNIIA/Projects/rover_ws_v2/src/install/velodyne_gazebo_plugins/share/velodyne_gazebo_plugins/cmake/velodyne_gazebo_pluginsConfig.cmake
[12.758s] -- Installing: /home/kirill/VNIIA/Projects/rover_ws_v2/src/install/velodyne_gazebo_plugins/share/velodyne_gazebo_plugins/cmake/velodyne_gazebo_pluginsConfig-version.cmake
[12.758s] -- Installing: /home/kirill/VNIIA/Projects/rover_ws_v2/src/install/velodyne_gazebo_plugins/share/velodyne_gazebo_plugins/package.xml
[12.758s] -- Installing: /home/kirill/VNIIA/Projects/rover_ws_v2/src/install/velodyne_gazebo_plugins/include
[12.758s] -- Installing: /home/kirill/VNIIA/Projects/rover_ws_v2/src/install/velodyne_gazebo_plugins/include/velodyne_gazebo_plugins
[12.758s] -- Installing: /home/kirill/VNIIA/Projects/rover_ws_v2/src/install/velodyne_gazebo_plugins/include/velodyne_gazebo_plugins/GazeboRosVelodyneLaser.h
[12.758s] -- Installing: /home/kirill/VNIIA/Projects/rover_ws_v2/src/install/velodyne_gazebo_plugins/lib/libgazebo_ros_velodyne_laser.so
[12.762s] -- Set runtime path of "/home/kirill/VNIIA/Projects/rover_ws_v2/src/install/velodyne_gazebo_plugins/lib/libgazebo_ros_velodyne_laser.so" to ""
[12.764s] Invoked command in '/home/kirill/VNIIA/Projects/rover_ws_v2/src/build/velodyne_gazebo_plugins' returned '0': CMAKE_PREFIX_PATH=${CMAKE_PREFIX_PATH}:/opt/ros/humble /usr/bin/cmake --install /home/kirill/VNIIA/Projects/rover_ws_v2/src/build/velodyne_gazebo_plugins
