-- The C compiler identification is GNU 11.4.0
-- The CXX compiler identification is GNU 11.4.0
-- Detecting C compiler ABI info
-- Detecting C compiler ABI info - done
-- Check for working C compiler: /usr/bin/cc - skipped
-- Detecting C compile features
-- Detecting C compile features - done
-- Detecting CXX compiler ABI info
-- Detecting CXX compiler ABI info - done
-- Check for working CXX compiler: /usr/bin/c++ - skipped
-- Detecting CXX compile features
-- Detecting CXX compile features - done
-- Found ament_cmake: 1.3.11 (/opt/ros/humble/share/ament_cmake/cmake)
-- Found Python3: /usr/bin/python3 (found version "3.10.12") found components: Interpreter 
-- Found hardware_interface: 2.48.0 (/opt/ros/humble/share/hardware_interface/cmake)
-- Found rosidl_generator_c: 3.1.6 (/opt/ros/humble/share/rosidl_generator_c/cmake)
-- Found rosidl_adapter: 3.1.6 (/opt/ros/humble/share/rosidl_adapter/cmake)
-- Found rosidl_generator_cpp: 3.1.6 (/opt/ros/humble/share/rosidl_generator_cpp/cmake)
-- Using all available rosidl_typesupport_c: rosidl_typesupport_fastrtps_c;rosidl_typesupport_introspection_c
-- Using all available rosidl_typesupport_cpp: rosidl_typesupport_fastrtps_cpp;rosidl_typesupport_introspection_cpp
-- Found rmw_implementation_cmake: 6.1.2 (/opt/ros/humble/share/rmw_implementation_cmake/cmake)
-- Found rmw_fastrtps_cpp: 6.2.7 (/opt/ros/humble/share/rmw_fastrtps_cpp/cmake)
-- Found TinyXML2 via Config file: TinyXML2_DIR-NOTFOUND
-- Found OpenSSL: /usr/lib/x86_64-linux-gnu/libcrypto.so (found version "3.0.2")  
-- Found TinyXML2 via Config file: TinyXML2_DIR-NOTFOUND
-- Found FastRTPS: /opt/ros/humble/include  
-- Found TinyXML2 via Config file: TinyXML2_DIR-NOTFOUND
-- Found TinyXML2 via Config file: TinyXML2_DIR-NOTFOUND
-- Using RMW implementation 'rmw_fastrtps_cpp' as default
-- Looking for pthread.h
-- Looking for pthread.h - found
-- Performing Test CMAKE_HAVE_LIBC_PTHREAD
-- Performing Test CMAKE_HAVE_LIBC_PTHREAD - Success
-- Found Threads: TRUE  
-- Configuring done
-- Generating done
-- Build files have been written to: /home/kirill/VNIIA/Projects/rover_ws_v2/src/build/ros2_control_wheeled_robot_hardware
[ 66%] [32mBuilding CXX object CMakeFiles/wheeled_robot_hardware.dir/src/udp_wheeled_robot.cpp.o[0m
[ 66%] [32mBuilding CXX object CMakeFiles/wheeled_robot_hardware.dir/src/wheeled_robot_hardware.cpp.o[0m
[100%] [32m[1mLinking CXX static library libwheeled_robot_hardware.a[0m
[100%] Built target wheeled_robot_hardware
-- Install configuration: ""
-- Installing: /home/kirill/VNIIA/Projects/rover_ws_v2/src/install/ros2_control_wheeled_robot_hardware/lib/libwheeled_robot_hardware.a
-- Installing: /home/kirill/VNIIA/Projects/rover_ws_v2/src/install/ros2_control_wheeled_robot_hardware/include
-- Installing: /home/kirill/VNIIA/Projects/rover_ws_v2/src/install/ros2_control_wheeled_robot_hardware/include/ros2_control_wheeled_robot_hardware
-- Installing: /home/kirill/VNIIA/Projects/rover_ws_v2/src/install/ros2_control_wheeled_robot_hardware/include/ros2_control_wheeled_robot_hardware/wheeled_robot_hardware.hpp
-- Installing: /home/kirill/VNIIA/Projects/rover_ws_v2/src/install/ros2_control_wheeled_robot_hardware/include/ros2_control_wheeled_robot_hardware/udp_wheeled_robot.hpp
-- Installing: /home/kirill/VNIIA/Projects/rover_ws_v2/src/install/ros2_control_wheeled_robot_hardware/share/ros2_control_wheeled_robot_hardware/wheeled_robot_hardware.xml
-- Installing: /home/kirill/VNIIA/Projects/rover_ws_v2/src/install/ros2_control_wheeled_robot_hardware/share/ament_index/resource_index/package_run_dependencies/ros2_control_wheeled_robot_hardware
-- Installing: /home/kirill/VNIIA/Projects/rover_ws_v2/src/install/ros2_control_wheeled_robot_hardware/share/ament_index/resource_index/parent_prefix_path/ros2_control_wheeled_robot_hardware
-- Installing: /home/kirill/VNIIA/Projects/rover_ws_v2/src/install/ros2_control_wheeled_robot_hardware/share/ros2_control_wheeled_robot_hardware/environment/ament_prefix_path.sh
-- Installing: /home/kirill/VNIIA/Projects/rover_ws_v2/src/install/ros2_control_wheeled_robot_hardware/share/ros2_control_wheeled_robot_hardware/environment/ament_prefix_path.dsv
-- Installing: /home/kirill/VNIIA/Projects/rover_ws_v2/src/install/ros2_control_wheeled_robot_hardware/share/ros2_control_wheeled_robot_hardware/environment/path.sh
-- Installing: /home/kirill/VNIIA/Projects/rover_ws_v2/src/install/ros2_control_wheeled_robot_hardware/share/ros2_control_wheeled_robot_hardware/environment/path.dsv
-- Installing: /home/kirill/VNIIA/Projects/rover_ws_v2/src/install/ros2_control_wheeled_robot_hardware/share/ros2_control_wheeled_robot_hardware/local_setup.bash
-- Installing: /home/kirill/VNIIA/Projects/rover_ws_v2/src/install/ros2_control_wheeled_robot_hardware/share/ros2_control_wheeled_robot_hardware/local_setup.sh
-- Installing: /home/kirill/VNIIA/Projects/rover_ws_v2/src/install/ros2_control_wheeled_robot_hardware/share/ros2_control_wheeled_robot_hardware/local_setup.zsh
-- Installing: /home/kirill/VNIIA/Projects/rover_ws_v2/src/install/ros2_control_wheeled_robot_hardware/share/ros2_control_wheeled_robot_hardware/local_setup.dsv
-- Installing: /home/kirill/VNIIA/Projects/rover_ws_v2/src/install/ros2_control_wheeled_robot_hardware/share/ros2_control_wheeled_robot_hardware/package.dsv
-- Installing: /home/kirill/VNIIA/Projects/rover_ws_v2/src/install/ros2_control_wheeled_robot_hardware/share/ament_index/resource_index/packages/ros2_control_wheeled_robot_hardware
-- Installing: /home/kirill/VNIIA/Projects/rover_ws_v2/src/install/ros2_control_wheeled_robot_hardware/share/ament_index/resource_index/hardware_interface__pluginlib__plugin/ros2_control_wheeled_robot_hardware
-- Installing: /home/kirill/VNIIA/Projects/rover_ws_v2/src/install/ros2_control_wheeled_robot_hardware/share/ros2_control_wheeled_robot_hardware/cmake/ament_cmake_export_dependencies-extras.cmake
-- Installing: /home/kirill/VNIIA/Projects/rover_ws_v2/src/install/ros2_control_wheeled_robot_hardware/share/ros2_control_wheeled_robot_hardware/cmake/ros2_control_wheeled_robot_hardwareConfig.cmake
-- Installing: /home/kirill/VNIIA/Projects/rover_ws_v2/src/install/ros2_control_wheeled_robot_hardware/share/ros2_control_wheeled_robot_hardware/cmake/ros2_control_wheeled_robot_hardwareConfig-version.cmake
-- Installing: /home/kirill/VNIIA/Projects/rover_ws_v2/src/install/ros2_control_wheeled_robot_hardware/share/ros2_control_wheeled_robot_hardware/package.xml
