[0.010s] Invoking command in '/home/kirill/VNIIA/Projects/rover_ws_v2/src/build/ros2_control_wheeled_robot_hardware': CMAKE_PREFIX_PATH=${CMAKE_PREFIX_PATH}:/opt/ros/humble /usr/bin/cmake /home/kirill/VNIIA/Projects/rover_ws_v2/src/ros2_control_wheeled_robot_hardware -DCMAKE_INSTALL_PREFIX=/home/kirill/VNIIA/Projects/rover_ws_v2/src/install/ros2_control_wheeled_robot_hardware
[0.053s] -- The C compiler identification is GNU 11.4.0
[0.094s] -- The CXX compiler identification is GNU 11.4.0
[0.101s] -- Detecting C compiler ABI info
[0.152s] -- Detecting C compiler ABI info - done
[0.157s] -- Check for working C compiler: /usr/bin/cc - skipped
[0.158s] -- Detecting C compile features
[0.158s] -- Detecting C compile features - done
[0.160s] -- Detecting CXX compiler ABI info
[0.219s] -- Detecting CXX compiler ABI info - done
[0.228s] -- Check for working CXX compiler: /usr/bin/c++ - skipped
[0.228s] -- Detecting CXX compile features
[0.228s] -- Detecting CXX compile features - done
[0.231s] -- Found ament_cmake: 1.3.11 (/opt/ros/humble/share/ament_cmake/cmake)
[0.351s] -- Found Python3: /usr/bin/python3 (found version "3.10.12") found components: Interpreter 
[0.464s] -- Found hardware_interface: 2.48.0 (/opt/ros/humble/share/hardware_interface/cmake)
[0.511s] -- Found rosidl_generator_c: 3.1.6 (/opt/ros/humble/share/rosidl_generator_c/cmake)
[0.518s] -- Found rosidl_adapter: 3.1.6 (/opt/ros/humble/share/rosidl_adapter/cmake)
[0.531s] -- Found rosidl_generator_cpp: 3.1.6 (/opt/ros/humble/share/rosidl_generator_cpp/cmake)
[0.546s] -- Using all available rosidl_typesupport_c: rosidl_typesupport_fastrtps_c;rosidl_typesupport_introspection_c
[0.565s] -- Using all available rosidl_typesupport_cpp: rosidl_typesupport_fastrtps_cpp;rosidl_typesupport_introspection_cpp
[0.745s] -- Found rmw_implementation_cmake: 6.1.2 (/opt/ros/humble/share/rmw_implementation_cmake/cmake)
[0.747s] -- Found rmw_fastrtps_cpp: 6.2.7 (/opt/ros/humble/share/rmw_fastrtps_cpp/cmake)
[0.767s] -- Found TinyXML2 via Config file: TinyXML2_DIR-NOTFOUND
[0.799s] -- Found OpenSSL: /usr/lib/x86_64-linux-gnu/libcrypto.so (found version "3.0.2")  
[0.801s] -- Found TinyXML2 via Config file: TinyXML2_DIR-NOTFOUND
[0.813s] -- Found FastRTPS: /opt/ros/humble/include  
[0.815s] -- Found TinyXML2 via Config file: TinyXML2_DIR-NOTFOUND
[0.822s] -- Found TinyXML2 via Config file: TinyXML2_DIR-NOTFOUND
[0.832s] -- Using RMW implementation 'rmw_fastrtps_cpp' as default
[0.839s] -- Looking for pthread.h
[0.888s] -- Looking for pthread.h - found
[0.888s] -- Performing Test CMAKE_HAVE_LIBC_PTHREAD
[0.937s] -- Performing Test CMAKE_HAVE_LIBC_PTHREAD - Success
[0.938s] -- Found Threads: TRUE  
[1.028s] -- Configuring done
[1.048s] -- Generating done
[1.052s] -- Build files have been written to: /home/kirill/VNIIA/Projects/rover_ws_v2/src/build/ros2_control_wheeled_robot_hardware
[1.061s] Invoked command in '/home/kirill/VNIIA/Projects/rover_ws_v2/src/build/ros2_control_wheeled_robot_hardware' returned '0': CMAKE_PREFIX_PATH=${CMAKE_PREFIX_PATH}:/opt/ros/humble /usr/bin/cmake /home/kirill/VNIIA/Projects/rover_ws_v2/src/ros2_control_wheeled_robot_hardware -DCMAKE_INSTALL_PREFIX=/home/kirill/VNIIA/Projects/rover_ws_v2/src/install/ros2_control_wheeled_robot_hardware
[1.063s] Invoking command in '/home/kirill/VNIIA/Projects/rover_ws_v2/src/build/ros2_control_wheeled_robot_hardware': CMAKE_PREFIX_PATH=${CMAKE_PREFIX_PATH}:/opt/ros/humble /usr/bin/cmake --build /home/kirill/VNIIA/Projects/rover_ws_v2/src/build/ros2_control_wheeled_robot_hardware -- -j8 -l8
[1.105s] [ 66%] [32mBuilding CXX object CMakeFiles/wheeled_robot_hardware.dir/src/udp_wheeled_robot.cpp.o[0m
[1.105s] [ 66%] [32mBuilding CXX object CMakeFiles/wheeled_robot_hardware.dir/src/wheeled_robot_hardware.cpp.o[0m
[3.753s] [100%] [32m[1mLinking CXX static library libwheeled_robot_hardware.a[0m
[3.803s] [100%] Built target wheeled_robot_hardware
[3.811s] Invoked command in '/home/kirill/VNIIA/Projects/rover_ws_v2/src/build/ros2_control_wheeled_robot_hardware' returned '0': CMAKE_PREFIX_PATH=${CMAKE_PREFIX_PATH}:/opt/ros/humble /usr/bin/cmake --build /home/kirill/VNIIA/Projects/rover_ws_v2/src/build/ros2_control_wheeled_robot_hardware -- -j8 -l8
[3.812s] Invoking command in '/home/kirill/VNIIA/Projects/rover_ws_v2/src/build/ros2_control_wheeled_robot_hardware': CMAKE_PREFIX_PATH=${CMAKE_PREFIX_PATH}:/opt/ros/humble /usr/bin/cmake --install /home/kirill/VNIIA/Projects/rover_ws_v2/src/build/ros2_control_wheeled_robot_hardware
[3.817s] -- Install configuration: ""
[3.817s] -- Installing: /home/kirill/VNIIA/Projects/rover_ws_v2/src/install/ros2_control_wheeled_robot_hardware/lib/libwheeled_robot_hardware.a
[3.818s] -- Installing: /home/kirill/VNIIA/Projects/rover_ws_v2/src/install/ros2_control_wheeled_robot_hardware/include
[3.818s] -- Installing: /home/kirill/VNIIA/Projects/rover_ws_v2/src/install/ros2_control_wheeled_robot_hardware/include/ros2_control_wheeled_robot_hardware
[3.818s] -- Installing: /home/kirill/VNIIA/Projects/rover_ws_v2/src/install/ros2_control_wheeled_robot_hardware/include/ros2_control_wheeled_robot_hardware/wheeled_robot_hardware.hpp
[3.818s] -- Installing: /home/kirill/VNIIA/Projects/rover_ws_v2/src/install/ros2_control_wheeled_robot_hardware/include/ros2_control_wheeled_robot_hardware/udp_wheeled_robot.hpp
[3.818s] -- Installing: /home/kirill/VNIIA/Projects/rover_ws_v2/src/install/ros2_control_wheeled_robot_hardware/share/ros2_control_wheeled_robot_hardware/wheeled_robot_hardware.xml
[3.818s] -- Installing: /home/kirill/VNIIA/Projects/rover_ws_v2/src/install/ros2_control_wheeled_robot_hardware/share/ament_index/resource_index/package_run_dependencies/ros2_control_wheeled_robot_hardware
[3.818s] -- Installing: /home/kirill/VNIIA/Projects/rover_ws_v2/src/install/ros2_control_wheeled_robot_hardware/share/ament_index/resource_index/parent_prefix_path/ros2_control_wheeled_robot_hardware
[3.818s] -- Installing: /home/kirill/VNIIA/Projects/rover_ws_v2/src/install/ros2_control_wheeled_robot_hardware/share/ros2_control_wheeled_robot_hardware/environment/ament_prefix_path.sh
[3.819s] -- Installing: /home/kirill/VNIIA/Projects/rover_ws_v2/src/install/ros2_control_wheeled_robot_hardware/share/ros2_control_wheeled_robot_hardware/environment/ament_prefix_path.dsv
[3.819s] -- Installing: /home/kirill/VNIIA/Projects/rover_ws_v2/src/install/ros2_control_wheeled_robot_hardware/share/ros2_control_wheeled_robot_hardware/environment/path.sh
[3.819s] -- Installing: /home/kirill/VNIIA/Projects/rover_ws_v2/src/install/ros2_control_wheeled_robot_hardware/share/ros2_control_wheeled_robot_hardware/environment/path.dsv
[3.819s] -- Installing: /home/kirill/VNIIA/Projects/rover_ws_v2/src/install/ros2_control_wheeled_robot_hardware/share/ros2_control_wheeled_robot_hardware/local_setup.bash
[3.819s] -- Installing: /home/kirill/VNIIA/Projects/rover_ws_v2/src/install/ros2_control_wheeled_robot_hardware/share/ros2_control_wheeled_robot_hardware/local_setup.sh
[3.819s] -- Installing: /home/kirill/VNIIA/Projects/rover_ws_v2/src/install/ros2_control_wheeled_robot_hardware/share/ros2_control_wheeled_robot_hardware/local_setup.zsh
[3.819s] -- Installing: /home/kirill/VNIIA/Projects/rover_ws_v2/src/install/ros2_control_wheeled_robot_hardware/share/ros2_control_wheeled_robot_hardware/local_setup.dsv
[3.819s] -- Installing: /home/kirill/VNIIA/Projects/rover_ws_v2/src/install/ros2_control_wheeled_robot_hardware/share/ros2_control_wheeled_robot_hardware/package.dsv
[3.819s] -- Installing: /home/kirill/VNIIA/Projects/rover_ws_v2/src/install/ros2_control_wheeled_robot_hardware/share/ament_index/resource_index/packages/ros2_control_wheeled_robot_hardware
[3.819s] -- Installing: /home/kirill/VNIIA/Projects/rover_ws_v2/src/install/ros2_control_wheeled_robot_hardware/share/ament_index/resource_index/hardware_interface__pluginlib__plugin/ros2_control_wheeled_robot_hardware
[3.819s] -- Installing: /home/kirill/VNIIA/Projects/rover_ws_v2/src/install/ros2_control_wheeled_robot_hardware/share/ros2_control_wheeled_robot_hardware/cmake/ament_cmake_export_dependencies-extras.cmake
[3.819s] -- Installing: /home/kirill/VNIIA/Projects/rover_ws_v2/src/install/ros2_control_wheeled_robot_hardware/share/ros2_control_wheeled_robot_hardware/cmake/ros2_control_wheeled_robot_hardwareConfig.cmake
[3.819s] -- Installing: /home/kirill/VNIIA/Projects/rover_ws_v2/src/install/ros2_control_wheeled_robot_hardware/share/ros2_control_wheeled_robot_hardware/cmake/ros2_control_wheeled_robot_hardwareConfig-version.cmake
[3.819s] -- Installing: /home/kirill/VNIIA/Projects/rover_ws_v2/src/install/ros2_control_wheeled_robot_hardware/share/ros2_control_wheeled_robot_hardware/package.xml
[3.821s] Invoked command in '/home/kirill/VNIIA/Projects/rover_ws_v2/src/build/ros2_control_wheeled_robot_hardware' returned '0': CMAKE_PREFIX_PATH=${CMAKE_PREFIX_PATH}:/opt/ros/humble /usr/bin/cmake --install /home/kirill/VNIIA/Projects/rover_ws_v2/src/build/ros2_control_wheeled_robot_hardware
