-- Install configuration: ""
-- Up-to-date: /home/kirill/VNIIA/Projects/rover_ws_v2/src/install/rover_description/share/rover_description/config
-- Up-to-date: /home/kirill/VNIIA/Projects/rover_ws_v2/src/install/rover_description/share/rover_description/config/nav2_params.yaml
-- Up-to-date: /home/kirill/VNIIA/Projects/rover_ws_v2/src/install/rover_description/share/rover_description/config/gazebo_params.yaml
-- Up-to-date: /home/kirill/VNIIA/Projects/rover_ws_v2/src/install/rover_description/share/rover_description/config/twist_mux.yaml
-- Up-to-date: /home/kirill/VNIIA/Projects/rover_ws_v2/src/install/rover_description/share/rover_description/config/joystick.yaml
-- Up-to-date: /home/kirill/VNIIA/Projects/rover_ws_v2/src/install/rover_description/share/rover_description/config/gaz_ros2_use_sim.yaml
-- Up-to-date: /home/kirill/VNIIA/Projects/rover_ws_v2/src/install/rover_description/share/rover_description/config/my_controllers.yaml
-- Up-to-date: /home/kirill/VNIIA/Projects/rover_ws_v2/src/install/rover_description/share/rover_description/config/description.rviz
-- Up-to-date: /home/kirill/VNIIA/Projects/rover_ws_v2/src/install/rover_description/share/rover_description/launch
-- Up-to-date: /home/kirill/VNIIA/Projects/rover_ws_v2/src/install/rover_description/share/rover_description/launch/launch_robot.launch.py
-- Up-to-date: /home/kirill/VNIIA/Projects/rover_ws_v2/src/install/rover_description/share/rover_description/launch/navigation.launch.py
-- Up-to-date: /home/kirill/VNIIA/Projects/rover_ws_v2/src/install/rover_description/share/rover_description/launch/rsp.launch.py
-- Up-to-date: /home/kirill/VNIIA/Projects/rover_ws_v2/src/install/rover_description/share/rover_description/launch/launch_sim.launch.py
-- Up-to-date: /home/kirill/VNIIA/Projects/rover_ws_v2/src/install/rover_description/share/rover_description/launch/joystick.launch.py
-- Up-to-date: /home/kirill/VNIIA/Projects/rover_ws_v2/src/install/rover_description/share/rover_description/meshes
-- Up-to-date: /home/kirill/VNIIA/Projects/rover_ws_v2/src/install/rover_description/share/rover_description/meshes/base.stl
-- Up-to-date: /home/kirill/VNIIA/Projects/rover_ws_v2/src/install/rover_description/share/rover_description/meshes/wheel.stl
-- Up-to-date: /home/kirill/VNIIA/Projects/rover_ws_v2/src/install/rover_description/share/rover_description/urdf
-- Up-to-date: /home/kirill/VNIIA/Projects/rover_ws_v2/src/install/rover_description/share/rover_description/urdf/velodyne.gazebo.xacro
-- Up-to-date: /home/kirill/VNIIA/Projects/rover_ws_v2/src/install/rover_description/share/rover_description/urdf/trk211.xacro
-- Up-to-date: /home/kirill/VNIIA/Projects/rover_ws_v2/src/install/rover_description/share/rover_description/urdf/ros2_control.xacro
-- Up-to-date: /home/kirill/VNIIA/Projects/rover_ws_v2/src/install/rover_description/share/rover_description/urdf/imu.xacro
-- Up-to-date: /home/kirill/VNIIA/Projects/rover_ws_v2/src/install/rover_description/share/rover_description/urdf/gazebo_control.xacro
-- Up-to-date: /home/kirill/VNIIA/Projects/rover_ws_v2/src/install/rover_description/share/rover_description/urdf/chassis.xacro
-- Up-to-date: /home/kirill/VNIIA/Projects/rover_ws_v2/src/install/rover_description/share/rover_description/urdf/camera.xacro
-- Up-to-date: /home/kirill/VNIIA/Projects/rover_ws_v2/src/install/rover_description/share/rover_description/worlds
-- Up-to-date: /home/kirill/VNIIA/Projects/rover_ws_v2/src/install/rover_description/share/rover_description/worlds/gas_station.world
-- Up-to-date: /home/kirill/VNIIA/Projects/rover_ws_v2/src/install/rover_description/share/rover_description/worlds/tennis_ball
-- Up-to-date: /home/kirill/VNIIA/Projects/rover_ws_v2/src/install/rover_description/share/rover_description/worlds/tennis_ball/model.sdf
-- Up-to-date: /home/kirill/VNIIA/Projects/rover_ws_v2/src/install/rover_description/share/rover_description/worlds/tennis_ball/model.config
-- Up-to-date: /home/kirill/VNIIA/Projects/rover_ws_v2/src/install/rover_description/share/rover_description/worlds/cafe.world
-- Up-to-date: /home/kirill/VNIIA/Projects/rover_ws_v2/src/install/rover_description/share/ament_index/resource_index/package_run_dependencies/rover_description
-- Up-to-date: /home/kirill/VNIIA/Projects/rover_ws_v2/src/install/rover_description/share/ament_index/resource_index/parent_prefix_path/rover_description
-- Up-to-date: /home/kirill/VNIIA/Projects/rover_ws_v2/src/install/rover_description/share/rover_description/environment/ament_prefix_path.sh
-- Up-to-date: /home/kirill/VNIIA/Projects/rover_ws_v2/src/install/rover_description/share/rover_description/environment/ament_prefix_path.dsv
-- Up-to-date: /home/kirill/VNIIA/Projects/rover_ws_v2/src/install/rover_description/share/rover_description/environment/path.sh
-- Up-to-date: /home/kirill/VNIIA/Projects/rover_ws_v2/src/install/rover_description/share/rover_description/environment/path.dsv
-- Up-to-date: /home/kirill/VNIIA/Projects/rover_ws_v2/src/install/rover_description/share/rover_description/local_setup.bash
-- Up-to-date: /home/kirill/VNIIA/Projects/rover_ws_v2/src/install/rover_description/share/rover_description/local_setup.sh
-- Up-to-date: /home/kirill/VNIIA/Projects/rover_ws_v2/src/install/rover_description/share/rover_description/local_setup.zsh
-- Up-to-date: /home/kirill/VNIIA/Projects/rover_ws_v2/src/install/rover_description/share/rover_description/local_setup.dsv
-- Up-to-date: /home/kirill/VNIIA/Projects/rover_ws_v2/src/install/rover_description/share/rover_description/package.dsv
-- Up-to-date: /home/kirill/VNIIA/Projects/rover_ws_v2/src/install/rover_description/share/ament_index/resource_index/packages/rover_description
-- Up-to-date: /home/kirill/VNIIA/Projects/rover_ws_v2/src/install/rover_description/share/rover_description/cmake/rover_descriptionConfig.cmake
-- Up-to-date: /home/kirill/VNIIA/Projects/rover_ws_v2/src/install/rover_description/share/rover_description/cmake/rover_descriptionConfig-version.cmake
-- Up-to-date: /home/kirill/VNIIA/Projects/rover_ws_v2/src/install/rover_description/share/rover_description/package.xml
