[0.017s] Invoking command in '/home/kirill/VNIIA/Projects/rover_ws_v2/src/build/rover_description': CMAKE_PREFIX_PATH=${CMAKE_PREFIX_PATH}:/opt/ros/humble /usr/bin/cmake --build /home/kirill/VNIIA/Projects/rover_ws_v2/src/build/rover_description -- -j8 -l8
[0.063s] Invoked command in '/home/kirill/VNIIA/Projects/rover_ws_v2/src/build/rover_description' returned '0': CMAKE_PREFIX_PATH=${CMAKE_PREFIX_PATH}:/opt/ros/humble /usr/bin/cmake --build /home/kirill/VNIIA/Projects/rover_ws_v2/src/build/rover_description -- -j8 -l8
[0.064s] Invoking command in '/home/kirill/VNIIA/Projects/rover_ws_v2/src/build/rover_description': CMAKE_PREFIX_PATH=${CMAKE_PREFIX_PATH}:/opt/ros/humble /usr/bin/cmake --install /home/kirill/VNIIA/Projects/rover_ws_v2/src/build/rover_description
[0.071s] -- Install configuration: ""
[0.071s] -- Up-to-date: /home/kirill/VNIIA/Projects/rover_ws_v2/src/install/rover_description/share/rover_description/config
[0.071s] -- Up-to-date: /home/kirill/VNIIA/Projects/rover_ws_v2/src/install/rover_description/share/rover_description/config/nav2_params.yaml
[0.071s] -- Up-to-date: /home/kirill/VNIIA/Projects/rover_ws_v2/src/install/rover_description/share/rover_description/config/gazebo_params.yaml
[0.071s] -- Up-to-date: /home/kirill/VNIIA/Projects/rover_ws_v2/src/install/rover_description/share/rover_description/config/twist_mux.yaml
[0.071s] -- Up-to-date: /home/kirill/VNIIA/Projects/rover_ws_v2/src/install/rover_description/share/rover_description/config/joystick.yaml
[0.072s] -- Up-to-date: /home/kirill/VNIIA/Projects/rover_ws_v2/src/install/rover_description/share/rover_description/config/gaz_ros2_use_sim.yaml
[0.072s] -- Up-to-date: /home/kirill/VNIIA/Projects/rover_ws_v2/src/install/rover_description/share/rover_description/config/my_controllers.yaml
[0.072s] -- Up-to-date: /home/kirill/VNIIA/Projects/rover_ws_v2/src/install/rover_description/share/rover_description/config/description.rviz
[0.072s] -- Up-to-date: /home/kirill/VNIIA/Projects/rover_ws_v2/src/install/rover_description/share/rover_description/launch
[0.072s] -- Up-to-date: /home/kirill/VNIIA/Projects/rover_ws_v2/src/install/rover_description/share/rover_description/launch/launch_robot.launch.py
[0.073s] -- Up-to-date: /home/kirill/VNIIA/Projects/rover_ws_v2/src/install/rover_description/share/rover_description/launch/navigation.launch.py
[0.073s] -- Up-to-date: /home/kirill/VNIIA/Projects/rover_ws_v2/src/install/rover_description/share/rover_description/launch/rsp.launch.py
[0.073s] -- Up-to-date: /home/kirill/VNIIA/Projects/rover_ws_v2/src/install/rover_description/share/rover_description/launch/launch_sim.launch.py
[0.074s] -- Up-to-date: /home/kirill/VNIIA/Projects/rover_ws_v2/src/install/rover_description/share/rover_description/launch/joystick.launch.py
[0.074s] -- Up-to-date: /home/kirill/VNIIA/Projects/rover_ws_v2/src/install/rover_description/share/rover_description/meshes
[0.074s] -- Up-to-date: /home/kirill/VNIIA/Projects/rover_ws_v2/src/install/rover_description/share/rover_description/meshes/base.stl
[0.074s] -- Up-to-date: /home/kirill/VNIIA/Projects/rover_ws_v2/src/install/rover_description/share/rover_description/meshes/wheel.stl
[0.074s] -- Up-to-date: /home/kirill/VNIIA/Projects/rover_ws_v2/src/install/rover_description/share/rover_description/urdf
[0.074s] -- Up-to-date: /home/kirill/VNIIA/Projects/rover_ws_v2/src/install/rover_description/share/rover_description/urdf/velodyne.gazebo.xacro
[0.074s] -- Up-to-date: /home/kirill/VNIIA/Projects/rover_ws_v2/src/install/rover_description/share/rover_description/urdf/trk211.xacro
[0.074s] -- Up-to-date: /home/kirill/VNIIA/Projects/rover_ws_v2/src/install/rover_description/share/rover_description/urdf/ros2_control.xacro
[0.074s] -- Up-to-date: /home/kirill/VNIIA/Projects/rover_ws_v2/src/install/rover_description/share/rover_description/urdf/imu.xacro
[0.074s] -- Up-to-date: /home/kirill/VNIIA/Projects/rover_ws_v2/src/install/rover_description/share/rover_description/urdf/gazebo_control.xacro
[0.074s] -- Up-to-date: /home/kirill/VNIIA/Projects/rover_ws_v2/src/install/rover_description/share/rover_description/urdf/chassis.xacro
[0.075s] -- Up-to-date: /home/kirill/VNIIA/Projects/rover_ws_v2/src/install/rover_description/share/rover_description/urdf/camera.xacro
[0.075s] -- Up-to-date: /home/kirill/VNIIA/Projects/rover_ws_v2/src/install/rover_description/share/rover_description/worlds
[0.075s] -- Up-to-date: /home/kirill/VNIIA/Projects/rover_ws_v2/src/install/rover_description/share/rover_description/worlds/gas_station.world
[0.075s] -- Up-to-date: /home/kirill/VNIIA/Projects/rover_ws_v2/src/install/rover_description/share/rover_description/worlds/tennis_ball
[0.075s] -- Up-to-date: /home/kirill/VNIIA/Projects/rover_ws_v2/src/install/rover_description/share/rover_description/worlds/tennis_ball/model.sdf
[0.075s] -- Up-to-date: /home/kirill/VNIIA/Projects/rover_ws_v2/src/install/rover_description/share/rover_description/worlds/tennis_ball/model.config
[0.075s] -- Up-to-date: /home/kirill/VNIIA/Projects/rover_ws_v2/src/install/rover_description/share/rover_description/worlds/cafe.world
[0.075s] -- Up-to-date: /home/kirill/VNIIA/Projects/rover_ws_v2/src/install/rover_description/share/ament_index/resource_index/package_run_dependencies/rover_description
[0.075s] -- Up-to-date: /home/kirill/VNIIA/Projects/rover_ws_v2/src/install/rover_description/share/ament_index/resource_index/parent_prefix_path/rover_description
[0.075s] -- Up-to-date: /home/kirill/VNIIA/Projects/rover_ws_v2/src/install/rover_description/share/rover_description/environment/ament_prefix_path.sh
[0.075s] -- Up-to-date: /home/kirill/VNIIA/Projects/rover_ws_v2/src/install/rover_description/share/rover_description/environment/ament_prefix_path.dsv
[0.075s] -- Up-to-date: /home/kirill/VNIIA/Projects/rover_ws_v2/src/install/rover_description/share/rover_description/environment/path.sh
[0.075s] -- Up-to-date: /home/kirill/VNIIA/Projects/rover_ws_v2/src/install/rover_description/share/rover_description/environment/path.dsv
[0.075s] -- Up-to-date: /home/kirill/VNIIA/Projects/rover_ws_v2/src/install/rover_description/share/rover_description/local_setup.bash
[0.076s] -- Up-to-date: /home/kirill/VNIIA/Projects/rover_ws_v2/src/install/rover_description/share/rover_description/local_setup.sh
[0.076s] -- Up-to-date: /home/kirill/VNIIA/Projects/rover_ws_v2/src/install/rover_description/share/rover_description/local_setup.zsh
[0.076s] -- Up-to-date: /home/kirill/VNIIA/Projects/rover_ws_v2/src/install/rover_description/share/rover_description/local_setup.dsv
[0.076s] -- Up-to-date: /home/kirill/VNIIA/Projects/rover_ws_v2/src/install/rover_description/share/rover_description/package.dsv
[0.076s] -- Up-to-date: /home/kirill/VNIIA/Projects/rover_ws_v2/src/install/rover_description/share/ament_index/resource_index/packages/rover_description
[0.076s] -- Up-to-date: /home/kirill/VNIIA/Projects/rover_ws_v2/src/install/rover_description/share/rover_description/cmake/rover_descriptionConfig.cmake
[0.076s] -- Up-to-date: /home/kirill/VNIIA/Projects/rover_ws_v2/src/install/rover_description/share/rover_description/cmake/rover_descriptionConfig-version.cmake
[0.076s] -- Up-to-date: /home/kirill/VNIIA/Projects/rover_ws_v2/src/install/rover_description/share/rover_description/package.xml
[0.089s] Invoked command in '/home/kirill/VNIIA/Projects/rover_ws_v2/src/build/rover_description' returned '0': CMAKE_PREFIX_PATH=${CMAKE_PREFIX_PATH}:/opt/ros/humble /usr/bin/cmake --install /home/kirill/VNIIA/Projects/rover_ws_v2/src/build/rover_description
