[0.016s] Invoking command in '/home/kirill/VNIIA/Projects/rover_ws_v2/src/build/velodyne_gazebo_plugins': CMAKE_PREFIX_PATH=${CMAKE_PREFIX_PATH}:/opt/ros/humble /usr/bin/cmake --build /home/kirill/VNIIA/Projects/rover_ws_v2/src/build/velodyne_gazebo_plugins -- -j8 -l8
[0.057s] [35m[1mConsolidate compiler generated dependencies of target gazebo_ros_velodyne_laser[0m
[0.089s] [100%] Built target gazebo_ros_velodyne_laser
[0.107s] Invoked command in '/home/kirill/VNIIA/Projects/rover_ws_v2/src/build/velodyne_gazebo_plugins' returned '0': CMAKE_PREFIX_PATH=${CMAKE_PREFIX_PATH}:/opt/ros/humble /usr/bin/cmake --build /home/kirill/VNIIA/Projects/rover_ws_v2/src/build/velodyne_gazebo_plugins -- -j8 -l8
[0.108s] Invoking command in '/home/kirill/VNIIA/Projects/rover_ws_v2/src/build/velodyne_gazebo_plugins': CMAKE_PREFIX_PATH=${CMAKE_PREFIX_PATH}:/opt/ros/humble /usr/bin/cmake --install /home/kirill/VNIIA/Projects/rover_ws_v2/src/build/velodyne_gazebo_plugins
[0.116s] -- Install configuration: ""
[0.116s] -- Up-to-date: /home/kirill/VNIIA/Projects/rover_ws_v2/src/install/velodyne_gazebo_plugins/share/velodyne_gazebo_plugins/environment/library_path.sh
[0.116s] -- Up-to-date: /home/kirill/VNIIA/Projects/rover_ws_v2/src/install/velodyne_gazebo_plugins/share/velodyne_gazebo_plugins/environment/library_path.dsv
[0.117s] -- Up-to-date: /home/kirill/VNIIA/Projects/rover_ws_v2/src/install/velodyne_gazebo_plugins/share/ament_index/resource_index/package_run_dependencies/velodyne_gazebo_plugins
[0.117s] -- Up-to-date: /home/kirill/VNIIA/Projects/rover_ws_v2/src/install/velodyne_gazebo_plugins/share/ament_index/resource_index/parent_prefix_path/velodyne_gazebo_plugins
[0.117s] -- Up-to-date: /home/kirill/VNIIA/Projects/rover_ws_v2/src/install/velodyne_gazebo_plugins/share/velodyne_gazebo_plugins/environment/ament_prefix_path.sh
[0.117s] -- Up-to-date: /home/kirill/VNIIA/Projects/rover_ws_v2/src/install/velodyne_gazebo_plugins/share/velodyne_gazebo_plugins/environment/ament_prefix_path.dsv
[0.117s] -- Up-to-date: /home/kirill/VNIIA/Projects/rover_ws_v2/src/install/velodyne_gazebo_plugins/share/velodyne_gazebo_plugins/environment/path.sh
[0.117s] -- Up-to-date: /home/kirill/VNIIA/Projects/rover_ws_v2/src/install/velodyne_gazebo_plugins/share/velodyne_gazebo_plugins/environment/path.dsv
[0.117s] -- Up-to-date: /home/kirill/VNIIA/Projects/rover_ws_v2/src/install/velodyne_gazebo_plugins/share/velodyne_gazebo_plugins/local_setup.bash
[0.117s] -- Up-to-date: /home/kirill/VNIIA/Projects/rover_ws_v2/src/install/velodyne_gazebo_plugins/share/velodyne_gazebo_plugins/local_setup.sh
[0.117s] -- Up-to-date: /home/kirill/VNIIA/Projects/rover_ws_v2/src/install/velodyne_gazebo_plugins/share/velodyne_gazebo_plugins/local_setup.zsh
[0.117s] -- Up-to-date: /home/kirill/VNIIA/Projects/rover_ws_v2/src/install/velodyne_gazebo_plugins/share/velodyne_gazebo_plugins/local_setup.dsv
[0.117s] -- Installing: /home/kirill/VNIIA/Projects/rover_ws_v2/src/install/velodyne_gazebo_plugins/share/velodyne_gazebo_plugins/package.dsv
[0.117s] -- Up-to-date: /home/kirill/VNIIA/Projects/rover_ws_v2/src/install/velodyne_gazebo_plugins/share/ament_index/resource_index/packages/velodyne_gazebo_plugins
[0.117s] -- Up-to-date: /home/kirill/VNIIA/Projects/rover_ws_v2/src/install/velodyne_gazebo_plugins/share/velodyne_gazebo_plugins/cmake/ament_cmake_export_libraries-extras.cmake
[0.117s] -- Up-to-date: /home/kirill/VNIIA/Projects/rover_ws_v2/src/install/velodyne_gazebo_plugins/share/velodyne_gazebo_plugins/cmake/ament_cmake_export_include_directories-extras.cmake
[0.117s] -- Up-to-date: /home/kirill/VNIIA/Projects/rover_ws_v2/src/install/velodyne_gazebo_plugins/share/velodyne_gazebo_plugins/cmake/ament_cmake_export_dependencies-extras.cmake
[0.118s] -- Up-to-date: /home/kirill/VNIIA/Projects/rover_ws_v2/src/install/velodyne_gazebo_plugins/share/velodyne_gazebo_plugins/cmake/velodyne_gazebo_pluginsConfig.cmake
[0.118s] -- Up-to-date: /home/kirill/VNIIA/Projects/rover_ws_v2/src/install/velodyne_gazebo_plugins/share/velodyne_gazebo_plugins/cmake/velodyne_gazebo_pluginsConfig-version.cmake
[0.118s] -- Up-to-date: /home/kirill/VNIIA/Projects/rover_ws_v2/src/install/velodyne_gazebo_plugins/share/velodyne_gazebo_plugins/package.xml
[0.118s] -- Up-to-date: /home/kirill/VNIIA/Projects/rover_ws_v2/src/install/velodyne_gazebo_plugins/include
[0.118s] -- Up-to-date: /home/kirill/VNIIA/Projects/rover_ws_v2/src/install/velodyne_gazebo_plugins/include/velodyne_gazebo_plugins
[0.118s] -- Up-to-date: /home/kirill/VNIIA/Projects/rover_ws_v2/src/install/velodyne_gazebo_plugins/include/velodyne_gazebo_plugins/GazeboRosVelodyneLaser.h
[0.118s] -- Up-to-date: /home/kirill/VNIIA/Projects/rover_ws_v2/src/install/velodyne_gazebo_plugins/lib/libgazebo_ros_velodyne_laser.so
[0.127s] Invoked command in '/home/kirill/VNIIA/Projects/rover_ws_v2/src/build/velodyne_gazebo_plugins' returned '0': CMAKE_PREFIX_PATH=${CMAKE_PREFIX_PATH}:/opt/ros/humble /usr/bin/cmake --install /home/kirill/VNIIA/Projects/rover_ws_v2/src/build/velodyne_gazebo_plugins
